2025-04-25 13:10:15,241 INFO [long-pulling] client count 0

2025-04-25 13:10:25,252 INFO [long-pulling] client count 0

2025-04-25 13:10:25,256 INFO groupCount = 6, subscriberClientCount = 0, subscriberCount = 0

2025-04-25 13:10:25,256 INFO toNotifyTaskSize = 0

2025-04-25 13:10:25,257 INFO toClientNotifyTaskSize = 0

2025-04-25 13:10:35,251 INFO [long-pulling] client count 0

2025-04-25 13:10:35,255 INFO groupCount = 6, subscriberClientCount = 0, subscriberCount = 0

2025-04-25 13:10:35,256 INFO toNotifyTaskSize = 0

2025-04-25 13:10:35,256 INFO toClientNotifyTaskSize = 0

2025-04-25 13:10:45,252 INFO [long-pulling] client count 0

2025-04-25 13:10:45,256 INFO groupCount = 6, subscriberClientCount = 0, subscriberCount = 0

2025-04-25 13:10:45,257 INFO toNotifyTaskSize = 0

2025-04-25 13:10:45,257 INFO toClientNotifyTaskSize = 0

2025-04-25 13:10:55,253 INFO [long-pulling] client count 0

2025-04-25 13:10:55,257 INFO groupCount = 6, subscriberClientCount = 0, subscriberCount = 0

2025-04-25 13:10:55,258 INFO toNotifyTaskSize = 0

2025-04-25 13:10:55,259 INFO toClientNotifyTaskSize = 0

2025-04-25 13:11:05,254 INFO [long-pulling] client count 0

2025-04-25 13:11:05,258 INFO groupCount = 6, subscriberClientCount = 0, subscriberCount = 0

2025-04-25 13:11:05,259 INFO toNotifyTaskSize = 0

2025-04-25 13:11:05,261 INFO toClientNotifyTaskSize = 0

2025-04-25 13:11:15,256 INFO [long-pulling] client count 0

2025-04-25 13:11:15,260 INFO groupCount = 6, subscriberClientCount = 0, subscriberCount = 0

2025-04-25 13:11:15,263 INFO toNotifyTaskSize = 0

2025-04-25 13:11:15,264 INFO toClientNotifyTaskSize = 0

2025-04-25 13:11:25,257 INFO [long-pulling] client count 0

2025-04-25 13:11:25,261 INFO groupCount = 6, subscriberClientCount = 0, subscriberCount = 0

2025-04-25 13:11:25,264 INFO toNotifyTaskSize = 0

2025-04-25 13:11:25,265 INFO toClientNotifyTaskSize = 0

2025-04-25 13:11:35,256 INFO [long-pulling] client count 0

2025-04-25 13:11:35,260 INFO groupCount = 6, subscriberClientCount = 0, subscriberCount = 0

2025-04-25 13:11:35,263 INFO toNotifyTaskSize = 0

2025-04-25 13:11:35,263 INFO toClientNotifyTaskSize = 0

2025-04-25 13:11:45,259 INFO [long-pulling] client count 0

2025-04-25 13:11:45,261 INFO groupCount = 6, subscriberClientCount = 0, subscriberCount = 0

2025-04-25 13:11:45,264 INFO toNotifyTaskSize = 0

2025-04-25 13:11:45,265 INFO toClientNotifyTaskSize = 0

2025-04-25 13:11:55,261 INFO [long-pulling] client count 0

2025-04-25 13:11:55,263 INFO groupCount = 6, subscriberClientCount = 0, subscriberCount = 0

2025-04-25 13:11:55,267 INFO toNotifyTaskSize = 0

2025-04-25 13:11:55,268 INFO toClientNotifyTaskSize = 0

2025-04-25 13:12:05,264 INFO [long-pulling] client count 0

2025-04-25 13:12:05,265 INFO groupCount = 6, subscriberClientCount = 0, subscriberCount = 0

2025-04-25 13:12:05,269 INFO toNotifyTaskSize = 0

2025-04-25 13:12:05,270 INFO toClientNotifyTaskSize = 0

2025-04-25 13:12:15,265 INFO [long-pulling] client count 0

2025-04-25 13:12:15,267 INFO groupCount = 6, subscriberClientCount = 0, subscriberCount = 0

2025-04-25 13:12:15,272 INFO toNotifyTaskSize = 0

2025-04-25 13:12:15,272 INFO toClientNotifyTaskSize = 0

2025-04-25 13:12:25,267 INFO [long-pulling] client count 0

2025-04-25 13:12:25,268 INFO groupCount = 6, subscriberClientCount = 0, subscriberCount = 0

2025-04-25 13:12:25,276 INFO toNotifyTaskSize = 0

2025-04-25 13:12:25,277 INFO toClientNotifyTaskSize = 0

2025-04-25 13:12:35,268 INFO [long-pulling] client count 0

2025-04-25 13:12:35,269 INFO groupCount = 6, subscriberClientCount = 0, subscriberCount = 0

2025-04-25 13:12:35,280 INFO toNotifyTaskSize = 0

2025-04-25 13:12:35,280 INFO toClientNotifyTaskSize = 0

2025-04-25 13:12:45,269 INFO [long-pulling] client count 0

2025-04-25 13:12:45,269 INFO groupCount = 6, subscriberClientCount = 0, subscriberCount = 0

2025-04-25 13:12:45,280 INFO toNotifyTaskSize = 0

2025-04-25 13:12:45,281 INFO toClientNotifyTaskSize = 0

2025-04-25 13:12:55,269 INFO [long-pulling] client count 0

2025-04-25 13:12:55,270 INFO groupCount = 6, subscriberClientCount = 0, subscriberCount = 0

2025-04-25 13:12:55,281 INFO toNotifyTaskSize = 0

2025-04-25 13:12:55,281 INFO toClientNotifyTaskSize = 0

2025-04-25 13:13:05,269 INFO [long-pulling] client count 0

2025-04-25 13:13:05,269 INFO groupCount = 6, subscriberClientCount = 0, subscriberCount = 0

2025-04-25 13:13:05,281 INFO toNotifyTaskSize = 0

2025-04-25 13:13:05,281 INFO toClientNotifyTaskSize = 0

2025-04-25 13:13:15,269 INFO [long-pulling] client count 0

2025-04-25 13:13:15,270 INFO groupCount = 6, subscriberClientCount = 0, subscriberCount = 0

2025-04-25 13:13:15,282 INFO toNotifyTaskSize = 0

2025-04-25 13:13:15,282 INFO toClientNotifyTaskSize = 0

2025-04-25 13:13:25,270 INFO [long-pulling] client count 0

2025-04-25 13:13:25,271 INFO groupCount = 6, subscriberClientCount = 0, subscriberCount = 0

2025-04-25 13:13:25,283 INFO toNotifyTaskSize = 0

2025-04-25 13:13:25,284 INFO toClientNotifyTaskSize = 0

2025-04-25 13:13:35,270 INFO [long-pulling] client count 0

2025-04-25 13:13:35,270 INFO groupCount = 6, subscriberClientCount = 0, subscriberCount = 0

2025-04-25 13:13:35,284 INFO toNotifyTaskSize = 0

2025-04-25 13:13:35,285 INFO toClientNotifyTaskSize = 0

2025-04-25 13:13:45,273 INFO [long-pulling] client count 0

2025-04-25 13:13:45,273 INFO groupCount = 6, subscriberClientCount = 0, subscriberCount = 0

2025-04-25 13:13:45,286 INFO toNotifyTaskSize = 0

2025-04-25 13:13:45,287 INFO toClientNotifyTaskSize = 0

2025-04-25 13:13:55,276 INFO [long-pulling] client count 0

2025-04-25 13:13:55,276 INFO groupCount = 6, subscriberClientCount = 0, subscriberCount = 0

2025-04-25 13:13:55,288 INFO toNotifyTaskSize = 0

2025-04-25 13:13:55,289 INFO toClientNotifyTaskSize = 0

2025-04-25 13:14:05,274 INFO [long-pulling] client count 0

2025-04-25 13:14:05,275 INFO groupCount = 6, subscriberClientCount = 0, subscriberCount = 0

2025-04-25 13:14:05,287 INFO toNotifyTaskSize = 0

2025-04-25 13:14:05,287 INFO toClientNotifyTaskSize = 0

2025-04-25 13:14:15,275 INFO [long-pulling] client count 0

2025-04-25 13:14:15,276 INFO groupCount = 6, subscriberClientCount = 0, subscriberCount = 0

2025-04-25 13:14:15,288 INFO toNotifyTaskSize = 0

2025-04-25 13:14:15,289 INFO toClientNotifyTaskSize = 0

2025-04-25 13:14:25,277 INFO [long-pulling] client count 0

2025-04-25 13:14:25,278 INFO groupCount = 6, subscriberClientCount = 0, subscriberCount = 0

2025-04-25 13:14:25,292 INFO toNotifyTaskSize = 0

2025-04-25 13:14:25,292 INFO toClientNotifyTaskSize = 0

2025-04-25 13:14:35,277 INFO [long-pulling] client count 0

2025-04-25 13:14:35,278 INFO groupCount = 6, subscriberClientCount = 0, subscriberCount = 0

2025-04-25 13:14:35,291 INFO toNotifyTaskSize = 0

2025-04-25 13:14:35,292 INFO toClientNotifyTaskSize = 0

2025-04-25 13:14:45,279 INFO [long-pulling] client count 0

2025-04-25 13:14:45,280 INFO groupCount = 6, subscriberClientCount = 0, subscriberCount = 0

2025-04-25 13:14:45,293 INFO toNotifyTaskSize = 0

2025-04-25 13:14:45,294 INFO toClientNotifyTaskSize = 0

2025-04-25 13:14:55,282 INFO [long-pulling] client count 0

2025-04-25 13:14:55,282 INFO groupCount = 6, subscriberClientCount = 0, subscriberCount = 0

2025-04-25 13:14:55,296 INFO toNotifyTaskSize = 0

2025-04-25 13:14:55,296 INFO toClientNotifyTaskSize = 0

2025-04-25 13:15:05,279 INFO [long-pulling] client count 0

2025-04-25 13:15:05,279 INFO groupCount = 6, subscriberClientCount = 0, subscriberCount = 0

2025-04-25 13:15:05,293 INFO toNotifyTaskSize = 0

2025-04-25 13:15:05,294 INFO toClientNotifyTaskSize = 0

2025-04-25 13:15:15,280 INFO [long-pulling] client count 0

2025-04-25 13:15:15,280 INFO groupCount = 6, subscriberClientCount = 0, subscriberCount = 0

2025-04-25 13:15:15,295 INFO toNotifyTaskSize = 0

2025-04-25 13:15:15,295 INFO toClientNotifyTaskSize = 0

2025-04-25 13:15:25,281 INFO [long-pulling] client count 0

2025-04-25 13:15:25,281 INFO groupCount = 6, subscriberClientCount = 0, subscriberCount = 0

2025-04-25 13:15:25,296 INFO toNotifyTaskSize = 0

2025-04-25 13:15:25,297 INFO toClientNotifyTaskSize = 0

2025-04-25 13:15:35,283 INFO [long-pulling] client count 0

2025-04-25 13:15:35,284 INFO groupCount = 6, subscriberClientCount = 0, subscriberCount = 0

2025-04-25 13:15:35,299 INFO toNotifyTaskSize = 0

2025-04-25 13:15:35,299 INFO toClientNotifyTaskSize = 0

2025-04-25 13:15:45,284 INFO [long-pulling] client count 0

2025-04-25 13:15:45,285 INFO groupCount = 6, subscriberClientCount = 0, subscriberCount = 0

2025-04-25 13:15:45,300 INFO toNotifyTaskSize = 0

2025-04-25 13:15:45,301 INFO toClientNotifyTaskSize = 0

2025-04-25 13:15:55,287 INFO [long-pulling] client count 0

2025-04-25 13:15:55,288 INFO groupCount = 6, subscriberClientCount = 0, subscriberCount = 0

2025-04-25 13:15:55,303 INFO toNotifyTaskSize = 0

2025-04-25 13:15:55,304 INFO toClientNotifyTaskSize = 0

2025-04-25 13:16:05,286 INFO [long-pulling] client count 0

2025-04-25 13:16:05,287 INFO groupCount = 6, subscriberClientCount = 0, subscriberCount = 0

2025-04-25 13:16:05,303 INFO toNotifyTaskSize = 0

2025-04-25 13:16:05,303 INFO toClientNotifyTaskSize = 0

2025-04-25 13:16:15,287 INFO [long-pulling] client count 0

2025-04-25 13:16:15,287 INFO groupCount = 6, subscriberClientCount = 0, subscriberCount = 0

2025-04-25 13:16:15,304 INFO toNotifyTaskSize = 0

2025-04-25 13:16:15,304 INFO toClientNotifyTaskSize = 0

2025-04-25 13:16:25,287 INFO [long-pulling] client count 0

2025-04-25 13:16:25,288 INFO groupCount = 6, subscriberClientCount = 0, subscriberCount = 0

2025-04-25 13:16:25,304 INFO toNotifyTaskSize = 0

2025-04-25 13:16:25,305 INFO toClientNotifyTaskSize = 0

2025-04-25 13:16:35,286 INFO [long-pulling] client count 0

2025-04-25 13:16:35,286 INFO groupCount = 6, subscriberClientCount = 0, subscriberCount = 0

2025-04-25 13:16:35,303 INFO toNotifyTaskSize = 0

2025-04-25 13:16:35,304 INFO toClientNotifyTaskSize = 0

2025-04-25 13:16:45,288 INFO [long-pulling] client count 0

2025-04-25 13:16:45,288 INFO groupCount = 6, subscriberClientCount = 0, subscriberCount = 0

2025-04-25 13:16:45,305 INFO toNotifyTaskSize = 0

2025-04-25 13:16:45,305 INFO toClientNotifyTaskSize = 0

2025-04-25 13:16:55,289 INFO [long-pulling] client count 0

2025-04-25 13:16:55,289 INFO groupCount = 6, subscriberClientCount = 0, subscriberCount = 0

2025-04-25 13:16:55,306 INFO toNotifyTaskSize = 0

2025-04-25 13:16:55,307 INFO toClientNotifyTaskSize = 0

2025-04-25 13:17:05,288 INFO [long-pulling] client count 0

2025-04-25 13:17:05,289 INFO groupCount = 6, subscriberClientCount = 0, subscriberCount = 0

2025-04-25 13:17:05,306 INFO toNotifyTaskSize = 0

2025-04-25 13:17:05,307 INFO toClientNotifyTaskSize = 0

2025-04-25 13:17:15,289 INFO [long-pulling] client count 0

2025-04-25 13:17:15,289 INFO groupCount = 6, subscriberClientCount = 0, subscriberCount = 0

2025-04-25 13:17:15,308 INFO toNotifyTaskSize = 0

2025-04-25 13:17:15,308 INFO toClientNotifyTaskSize = 0

2025-04-25 13:17:25,290 INFO [long-pulling] client count 0

2025-04-25 13:17:25,290 INFO groupCount = 6, subscriberClientCount = 0, subscriberCount = 0

2025-04-25 13:17:25,308 INFO toNotifyTaskSize = 0

2025-04-25 13:17:25,309 INFO toClientNotifyTaskSize = 0

2025-04-25 13:17:35,289 INFO [long-pulling] client count 0

2025-04-25 13:17:35,290 INFO groupCount = 6, subscriberClientCount = 0, subscriberCount = 0

2025-04-25 13:17:35,308 INFO toNotifyTaskSize = 0

2025-04-25 13:17:35,309 INFO toClientNotifyTaskSize = 0

2025-04-25 13:17:45,290 INFO [long-pulling] client count 0

2025-04-25 13:17:45,290 INFO groupCount = 6, subscriberClientCount = 0, subscriberCount = 0

2025-04-25 13:17:45,309 INFO toNotifyTaskSize = 0

2025-04-25 13:17:45,310 INFO toClientNotifyTaskSize = 0

2025-04-25 13:17:55,291 INFO [long-pulling] client count 0

2025-04-25 13:17:55,291 INFO groupCount = 6, subscriberClientCount = 0, subscriberCount = 0

2025-04-25 13:17:55,311 INFO toNotifyTaskSize = 0

2025-04-25 13:17:55,311 INFO toClientNotifyTaskSize = 0

2025-04-25 13:18:05,288 INFO [long-pulling] client count 0

2025-04-25 13:18:05,289 INFO groupCount = 6, subscriberClientCount = 0, subscriberCount = 0

2025-04-25 13:18:05,308 INFO toNotifyTaskSize = 0

2025-04-25 13:18:05,309 INFO toClientNotifyTaskSize = 0

2025-04-25 13:18:15,290 INFO [long-pulling] client count 0

2025-04-25 13:18:15,291 INFO groupCount = 6, subscriberClientCount = 0, subscriberCount = 0

2025-04-25 13:18:15,310 INFO toNotifyTaskSize = 0

2025-04-25 13:18:15,311 INFO toClientNotifyTaskSize = 0

2025-04-25 13:18:25,292 INFO [long-pulling] client count 0

2025-04-25 13:18:25,293 INFO groupCount = 6, subscriberClientCount = 0, subscriberCount = 0

2025-04-25 13:18:25,313 INFO toNotifyTaskSize = 0

2025-04-25 13:18:25,314 INFO toClientNotifyTaskSize = 0

2025-04-25 13:18:35,292 INFO [long-pulling] client count 0

2025-04-25 13:18:35,292 INFO groupCount = 6, subscriberClientCount = 0, subscriberCount = 0

2025-04-25 13:18:35,315 INFO toNotifyTaskSize = 0

2025-04-25 13:18:35,315 INFO toClientNotifyTaskSize = 0

2025-04-25 13:18:45,292 INFO [long-pulling] client count 0

2025-04-25 13:18:45,292 INFO groupCount = 6, subscriberClientCount = 0, subscriberCount = 0

2025-04-25 13:18:45,316 INFO toNotifyTaskSize = 0

2025-04-25 13:18:45,316 INFO toClientNotifyTaskSize = 0

2025-04-25 13:18:55,293 INFO [long-pulling] client count 0

2025-04-25 13:18:55,293 INFO groupCount = 6, subscriberClientCount = 0, subscriberCount = 0

2025-04-25 13:18:55,317 INFO toNotifyTaskSize = 0

2025-04-25 13:18:55,317 INFO toClientNotifyTaskSize = 0

2025-04-25 13:19:05,292 INFO [long-pulling] client count 0

2025-04-25 13:19:05,292 INFO groupCount = 6, subscriberClientCount = 0, subscriberCount = 0

2025-04-25 13:19:05,316 INFO toNotifyTaskSize = 0

2025-04-25 13:19:05,316 INFO toClientNotifyTaskSize = 0

2025-04-25 13:19:15,293 INFO [long-pulling] client count 0

2025-04-25 13:19:15,293 INFO groupCount = 6, subscriberClientCount = 0, subscriberCount = 0

2025-04-25 13:19:15,317 INFO toNotifyTaskSize = 0

2025-04-25 13:19:15,317 INFO toClientNotifyTaskSize = 0

2025-04-25 13:19:25,293 INFO [long-pulling] client count 0

2025-04-25 13:19:25,293 INFO groupCount = 6, subscriberClientCount = 0, subscriberCount = 0

2025-04-25 13:19:25,318 INFO toNotifyTaskSize = 0

2025-04-25 13:19:25,318 INFO toClientNotifyTaskSize = 0

2025-04-25 13:19:35,292 INFO [long-pulling] client count 0

2025-04-25 13:19:35,292 INFO groupCount = 6, subscriberClientCount = 0, subscriberCount = 0

2025-04-25 13:19:35,316 INFO toNotifyTaskSize = 0

2025-04-25 13:19:35,316 INFO toClientNotifyTaskSize = 0

2025-04-25 13:19:45,292 INFO [long-pulling] client count 0

2025-04-25 13:19:45,292 INFO groupCount = 6, subscriberClientCount = 0, subscriberCount = 0

2025-04-25 13:19:45,317 INFO toNotifyTaskSize = 0

2025-04-25 13:19:45,317 INFO toClientNotifyTaskSize = 0

2025-04-25 13:19:55,293 INFO [long-pulling] client count 0

2025-04-25 13:19:55,293 INFO groupCount = 6, subscriberClientCount = 0, subscriberCount = 0

2025-04-25 13:19:55,318 INFO toNotifyTaskSize = 0

2025-04-25 13:19:55,318 INFO toClientNotifyTaskSize = 0

2025-04-25 13:20:05,291 INFO [long-pulling] client count 0

2025-04-25 13:20:05,291 INFO groupCount = 6, subscriberClientCount = 0, subscriberCount = 0

2025-04-25 13:20:05,316 INFO toNotifyTaskSize = 0

2025-04-25 13:20:05,317 INFO toClientNotifyTaskSize = 0

2025-04-25 13:20:15,293 INFO [long-pulling] client count 0

2025-04-25 13:20:15,293 INFO groupCount = 6, subscriberClientCount = 0, subscriberCount = 0

2025-04-25 13:20:15,319 INFO toNotifyTaskSize = 0

2025-04-25 13:20:15,319 INFO toClientNotifyTaskSize = 0

2025-04-25 13:20:25,293 INFO [long-pulling] client count 0

2025-04-25 13:20:25,294 INFO groupCount = 6, subscriberClientCount = 0, subscriberCount = 0

2025-04-25 13:20:25,319 INFO toNotifyTaskSize = 0

2025-04-25 13:20:25,320 INFO toClientNotifyTaskSize = 0

2025-04-25 13:20:35,292 INFO [long-pulling] client count 0

2025-04-25 13:20:35,292 INFO groupCount = 6, subscriberClientCount = 0, subscriberCount = 0

2025-04-25 13:20:35,318 INFO toNotifyTaskSize = 0

2025-04-25 13:20:35,318 INFO toClientNotifyTaskSize = 0

2025-04-25 13:20:45,292 INFO [long-pulling] client count 0

2025-04-25 13:20:45,293 INFO groupCount = 6, subscriberClientCount = 0, subscriberCount = 0

2025-04-25 13:20:45,319 INFO toNotifyTaskSize = 0

2025-04-25 13:20:45,319 INFO toClientNotifyTaskSize = 0

2025-04-25 13:20:55,294 INFO [long-pulling] client count 0

2025-04-25 13:20:55,294 INFO groupCount = 6, subscriberClientCount = 0, subscriberCount = 0

2025-04-25 13:20:55,321 INFO toNotifyTaskSize = 0

2025-04-25 13:20:55,321 INFO toClientNotifyTaskSize = 0

2025-04-25 13:21:05,292 INFO [long-pulling] client count 0

2025-04-25 13:21:05,293 INFO groupCount = 6, subscriberClientCount = 0, subscriberCount = 0

2025-04-25 13:21:05,319 INFO toNotifyTaskSize = 0

2025-04-25 13:21:05,320 INFO toClientNotifyTaskSize = 0

2025-04-25 13:21:15,293 INFO [long-pulling] client count 0

2025-04-25 13:21:15,293 INFO groupCount = 6, subscriberClientCount = 0, subscriberCount = 0

2025-04-25 13:21:15,322 INFO toNotifyTaskSize = 0

2025-04-25 13:21:15,322 INFO toClientNotifyTaskSize = 0

2025-04-25 13:21:25,294 INFO [long-pulling] client count 0

2025-04-25 13:21:25,294 INFO groupCount = 6, subscriberClientCount = 0, subscriberCount = 0

2025-04-25 13:21:25,323 INFO toNotifyTaskSize = 0

2025-04-25 13:21:25,323 INFO toClientNotifyTaskSize = 0

2025-04-25 13:21:35,293 INFO [long-pulling] client count 0

2025-04-25 13:21:35,293 INFO groupCount = 6, subscriberClientCount = 0, subscriberCount = 0

2025-04-25 13:21:35,322 INFO toNotifyTaskSize = 0

2025-04-25 13:21:35,322 INFO toClientNotifyTaskSize = 0

2025-04-25 13:21:45,293 INFO [long-pulling] client count 0

2025-04-25 13:21:45,293 INFO groupCount = 6, subscriberClientCount = 0, subscriberCount = 0

2025-04-25 13:21:45,323 INFO toNotifyTaskSize = 0

2025-04-25 13:21:45,323 INFO toClientNotifyTaskSize = 0

2025-04-25 13:21:55,295 INFO groupCount = 6, subscriberClientCount = 0, subscriberCount = 0

2025-04-25 13:21:55,295 INFO [long-pulling] client count 0

2025-04-25 13:21:55,324 INFO toNotifyTaskSize = 0

2025-04-25 13:21:55,325 INFO toClientNotifyTaskSize = 0

2025-04-25 13:22:05,293 INFO groupCount = 6, subscriberClientCount = 0, subscriberCount = 0

2025-04-25 13:22:05,294 INFO [long-pulling] client count 0

2025-04-25 13:22:05,323 INFO toNotifyTaskSize = 0

2025-04-25 13:22:05,323 INFO toClientNotifyTaskSize = 0

2025-04-25 13:22:15,295 INFO groupCount = 6, subscriberClientCount = 0, subscriberCount = 0

2025-04-25 13:22:15,295 INFO [long-pulling] client count 0

2025-04-25 13:22:15,324 INFO toNotifyTaskSize = 0

2025-04-25 13:22:15,325 INFO toClientNotifyTaskSize = 0

2025-04-25 13:22:25,296 INFO groupCount = 6, subscriberClientCount = 0, subscriberCount = 0

2025-04-25 13:22:25,296 INFO [long-pulling] client count 0

2025-04-25 13:22:25,326 INFO toNotifyTaskSize = 0

2025-04-25 13:22:25,326 INFO toClientNotifyTaskSize = 0

2025-04-25 13:22:35,295 INFO groupCount = 6, subscriberClientCount = 0, subscriberCount = 0

2025-04-25 13:22:35,295 INFO [long-pulling] client count 0

2025-04-25 13:22:35,325 INFO toNotifyTaskSize = 0

2025-04-25 13:22:35,326 INFO toClientNotifyTaskSize = 0

2025-04-25 13:22:45,297 INFO groupCount = 6, subscriberClientCount = 0, subscriberCount = 0

2025-04-25 13:22:45,297 INFO [long-pulling] client count 0

2025-04-25 13:22:45,327 INFO toNotifyTaskSize = 0

2025-04-25 13:22:45,328 INFO toClientNotifyTaskSize = 0

2025-04-25 13:22:55,299 INFO groupCount = 6, subscriberClientCount = 0, subscriberCount = 0

2025-04-25 13:22:55,300 INFO [long-pulling] client count 0

2025-04-25 13:22:55,330 INFO toNotifyTaskSize = 0

2025-04-25 13:22:55,330 INFO toClientNotifyTaskSize = 0

2025-04-25 13:23:05,298 INFO groupCount = 6, subscriberClientCount = 0, subscriberCount = 0

2025-04-25 13:23:05,299 INFO [long-pulling] client count 0

2025-04-25 13:23:05,329 INFO toNotifyTaskSize = 0

2025-04-25 13:23:05,330 INFO toClientNotifyTaskSize = 0

2025-04-25 13:23:15,301 INFO groupCount = 6, subscriberClientCount = 0, subscriberCount = 0

2025-04-25 13:23:15,302 INFO [long-pulling] client count 0

2025-04-25 13:23:15,332 INFO toNotifyTaskSize = 0

2025-04-25 13:23:15,333 INFO toClientNotifyTaskSize = 0

2025-04-25 13:23:25,303 INFO groupCount = 6, subscriberClientCount = 0, subscriberCount = 0

2025-04-25 13:23:25,304 INFO [long-pulling] client count 0

2025-04-25 13:23:25,335 INFO toNotifyTaskSize = 0

2025-04-25 13:23:25,336 INFO toClientNotifyTaskSize = 0

2025-04-25 13:23:35,303 INFO groupCount = 6, subscriberClientCount = 0, subscriberCount = 0

2025-04-25 13:23:35,304 INFO [long-pulling] client count 0

2025-04-25 13:23:35,336 INFO toNotifyTaskSize = 0

2025-04-25 13:23:35,337 INFO toClientNotifyTaskSize = 0

2025-04-25 13:23:45,306 INFO groupCount = 6, subscriberClientCount = 0, subscriberCount = 0

2025-04-25 13:23:45,308 INFO [long-pulling] client count 0

2025-04-25 13:23:45,340 INFO toNotifyTaskSize = 0

2025-04-25 13:23:45,341 INFO toClientNotifyTaskSize = 0

2025-04-25 13:23:55,308 INFO groupCount = 6, subscriberClientCount = 0, subscriberCount = 0

2025-04-25 13:23:55,310 INFO [long-pulling] client count 0

2025-04-25 13:23:55,343 INFO toNotifyTaskSize = 0

2025-04-25 13:23:55,344 INFO toClientNotifyTaskSize = 0

2025-04-25 13:24:05,308 INFO groupCount = 6, subscriberClientCount = 0, subscriberCount = 0

2025-04-25 13:24:05,310 INFO [long-pulling] client count 0

2025-04-25 13:24:05,343 INFO toNotifyTaskSize = 0

2025-04-25 13:24:05,343 INFO toClientNotifyTaskSize = 0

2025-04-25 13:24:15,311 INFO groupCount = 6, subscriberClientCount = 0, subscriberCount = 0

2025-04-25 13:24:15,313 INFO [long-pulling] client count 0

2025-04-25 13:24:15,344 INFO toNotifyTaskSize = 0

2025-04-25 13:24:15,345 INFO toClientNotifyTaskSize = 0

2025-04-25 13:24:25,312 INFO groupCount = 6, subscriberClientCount = 0, subscriberCount = 0

2025-04-25 13:24:25,314 INFO [long-pulling] client count 0

2025-04-25 13:24:25,346 INFO toNotifyTaskSize = 0

2025-04-25 13:24:25,346 INFO toClientNotifyTaskSize = 0

2025-04-25 13:24:35,311 INFO groupCount = 6, subscriberClientCount = 0, subscriberCount = 0

2025-04-25 13:24:35,313 INFO [long-pulling] client count 0

2025-04-25 13:24:35,346 INFO toNotifyTaskSize = 0

2025-04-25 13:24:35,346 INFO toClientNotifyTaskSize = 0

2025-04-25 13:24:45,312 INFO groupCount = 6, subscriberClientCount = 0, subscriberCount = 0

2025-04-25 13:24:45,314 INFO [long-pulling] client count 0

2025-04-25 13:24:45,349 INFO toNotifyTaskSize = 0

2025-04-25 13:24:45,350 INFO toClientNotifyTaskSize = 0

2025-04-25 13:24:55,315 INFO groupCount = 6, subscriberClientCount = 0, subscriberCount = 0

2025-04-25 13:24:55,317 INFO [long-pulling] client count 0

2025-04-25 13:24:55,352 INFO toNotifyTaskSize = 0

2025-04-25 13:24:55,353 INFO toClientNotifyTaskSize = 0

2025-04-25 13:25:05,314 INFO groupCount = 6, subscriberClientCount = 0, subscriberCount = 0

2025-04-25 13:25:05,315 INFO [long-pulling] client count 0

2025-04-25 13:25:05,352 INFO toNotifyTaskSize = 0

2025-04-25 13:25:05,353 INFO toClientNotifyTaskSize = 0

2025-04-25 13:25:15,317 INFO groupCount = 6, subscriberClientCount = 0, subscriberCount = 0

2025-04-25 13:25:15,318 INFO [long-pulling] client count 0

2025-04-25 13:25:15,357 INFO toNotifyTaskSize = 0

2025-04-25 13:25:15,358 INFO toClientNotifyTaskSize = 0

2025-04-25 13:25:25,319 INFO groupCount = 6, subscriberClientCount = 0, subscriberCount = 0

2025-04-25 13:25:25,320 INFO [long-pulling] client count 0

2025-04-25 13:25:25,360 INFO toNotifyTaskSize = 0

2025-04-25 13:25:25,361 INFO toClientNotifyTaskSize = 0

2025-04-25 13:25:35,319 INFO groupCount = 6, subscriberClientCount = 0, subscriberCount = 0

2025-04-25 13:25:35,319 INFO [long-pulling] client count 0

2025-04-25 13:25:35,360 INFO toNotifyTaskSize = 0

2025-04-25 13:25:35,361 INFO toClientNotifyTaskSize = 0

2025-04-25 13:25:45,321 INFO [long-pulling] client count 0

2025-04-25 13:25:45,321 INFO groupCount = 6, subscriberClientCount = 0, subscriberCount = 0

2025-04-25 13:25:45,364 INFO toNotifyTaskSize = 0

2025-04-25 13:25:45,364 INFO toClientNotifyTaskSize = 0

2025-04-25 13:25:55,325 INFO [long-pulling] client count 0

2025-04-25 13:25:55,327 INFO groupCount = 6, subscriberClientCount = 0, subscriberCount = 0

2025-04-25 13:25:55,365 INFO toNotifyTaskSize = 0

2025-04-25 13:25:55,366 INFO toClientNotifyTaskSize = 0

2025-04-25 13:26:05,325 INFO [long-pulling] client count 0

2025-04-25 13:26:05,325 INFO groupCount = 6, subscriberClientCount = 0, subscriberCount = 0

2025-04-25 13:26:05,365 INFO toNotifyTaskSize = 0

2025-04-25 13:26:05,365 INFO toClientNotifyTaskSize = 0

2025-04-25 13:26:15,328 INFO [long-pulling] client count 0

2025-04-25 13:26:15,329 INFO groupCount = 6, subscriberClientCount = 0, subscriberCount = 0

2025-04-25 13:26:15,366 INFO toNotifyTaskSize = 0

2025-04-25 13:26:15,366 INFO toClientNotifyTaskSize = 0

2025-04-25 13:26:25,329 INFO [long-pulling] client count 0

2025-04-25 13:26:25,329 INFO groupCount = 6, subscriberClientCount = 0, subscriberCount = 0

2025-04-25 13:26:25,366 INFO toNotifyTaskSize = 0

2025-04-25 13:26:25,367 INFO toClientNotifyTaskSize = 0

2025-04-25 13:26:35,328 INFO [long-pulling] client count 0

2025-04-25 13:26:35,328 INFO groupCount = 6, subscriberClientCount = 0, subscriberCount = 0

2025-04-25 13:26:35,366 INFO toNotifyTaskSize = 0

2025-04-25 13:26:35,366 INFO toClientNotifyTaskSize = 0

2025-04-25 13:26:45,328 INFO [long-pulling] client count 0

2025-04-25 13:26:45,329 INFO groupCount = 6, subscriberClientCount = 0, subscriberCount = 0

2025-04-25 13:26:45,367 INFO toNotifyTaskSize = 0

2025-04-25 13:26:45,367 INFO toClientNotifyTaskSize = 0

2025-04-25 13:26:55,329 INFO [long-pulling] client count 0

2025-04-25 13:26:55,330 INFO groupCount = 6, subscriberClientCount = 0, subscriberCount = 0

2025-04-25 13:26:55,368 INFO toNotifyTaskSize = 0

2025-04-25 13:26:55,368 INFO toClientNotifyTaskSize = 0

2025-04-25 13:27:05,327 INFO [long-pulling] client count 0

2025-04-25 13:27:05,328 INFO groupCount = 6, subscriberClientCount = 0, subscriberCount = 0

2025-04-25 13:27:05,366 INFO toNotifyTaskSize = 0

2025-04-25 13:27:05,366 INFO toClientNotifyTaskSize = 0

2025-04-25 13:27:15,329 INFO [long-pulling] client count 0

2025-04-25 13:27:15,330 INFO groupCount = 6, subscriberClientCount = 0, subscriberCount = 0

2025-04-25 13:27:15,368 INFO toNotifyTaskSize = 0

2025-04-25 13:27:15,369 INFO toClientNotifyTaskSize = 0

2025-04-25 13:27:25,331 INFO [long-pulling] client count 0

2025-04-25 13:27:25,332 INFO groupCount = 6, subscriberClientCount = 0, subscriberCount = 0

2025-04-25 13:27:25,371 INFO toNotifyTaskSize = 0

2025-04-25 13:27:25,371 INFO toClientNotifyTaskSize = 0

2025-04-25 13:27:35,331 INFO [long-pulling] client count 0

2025-04-25 13:27:35,331 INFO groupCount = 6, subscriberClientCount = 0, subscriberCount = 0

2025-04-25 13:27:35,371 INFO toNotifyTaskSize = 0

2025-04-25 13:27:35,371 INFO toClientNotifyTaskSize = 0

2025-04-25 13:27:45,333 INFO [long-pulling] client count 0

2025-04-25 13:27:45,333 INFO groupCount = 6, subscriberClientCount = 0, subscriberCount = 0

2025-04-25 13:27:45,372 INFO toNotifyTaskSize = 0

2025-04-25 13:27:45,372 INFO toClientNotifyTaskSize = 0

2025-04-25 13:27:55,334 INFO [long-pulling] client count 0

2025-04-25 13:27:55,334 INFO groupCount = 6, subscriberClientCount = 0, subscriberCount = 0

2025-04-25 13:27:55,373 INFO toNotifyTaskSize = 0

2025-04-25 13:27:55,373 INFO toClientNotifyTaskSize = 0

2025-04-25 13:28:05,333 INFO [long-pulling] client count 0

2025-04-25 13:28:05,334 INFO groupCount = 6, subscriberClientCount = 0, subscriberCount = 0

2025-04-25 13:28:05,370 INFO toNotifyTaskSize = 0

2025-04-25 13:28:05,371 INFO toClientNotifyTaskSize = 0

2025-04-25 13:28:15,334 INFO [long-pulling] client count 0

2025-04-25 13:28:15,335 INFO groupCount = 6, subscriberClientCount = 0, subscriberCount = 0

2025-04-25 13:28:15,371 INFO toNotifyTaskSize = 0

2025-04-25 13:28:15,372 INFO toClientNotifyTaskSize = 0

2025-04-25 13:28:25,337 INFO [long-pulling] client count 0

2025-04-25 13:28:25,337 INFO groupCount = 6, subscriberClientCount = 0, subscriberCount = 0

2025-04-25 13:28:25,374 INFO toNotifyTaskSize = 0

2025-04-25 13:28:25,374 INFO toClientNotifyTaskSize = 0

2025-04-25 13:28:35,336 INFO [long-pulling] client count 0

2025-04-25 13:28:35,336 INFO groupCount = 6, subscriberClientCount = 0, subscriberCount = 0

2025-04-25 13:28:35,373 INFO toNotifyTaskSize = 0

2025-04-25 13:28:35,374 INFO toClientNotifyTaskSize = 0

2025-04-25 13:28:45,336 INFO [long-pulling] client count 0

2025-04-25 13:28:45,336 INFO groupCount = 6, subscriberClientCount = 0, subscriberCount = 0

2025-04-25 13:28:45,374 INFO toNotifyTaskSize = 0

2025-04-25 13:28:45,374 INFO toClientNotifyTaskSize = 0

2025-04-25 13:28:55,337 INFO [long-pulling] client count 0

2025-04-25 13:28:55,337 INFO groupCount = 6, subscriberClientCount = 0, subscriberCount = 0

2025-04-25 13:28:55,375 INFO toNotifyTaskSize = 0

2025-04-25 13:28:55,376 INFO toClientNotifyTaskSize = 0

2025-04-25 13:29:05,337 INFO [long-pulling] client count 0

2025-04-25 13:29:05,338 INFO groupCount = 6, subscriberClientCount = 0, subscriberCount = 0

2025-04-25 13:29:05,376 INFO toNotifyTaskSize = 0

2025-04-25 13:29:05,377 INFO toClientNotifyTaskSize = 0

2025-04-25 13:29:15,339 INFO [long-pulling] client count 0

2025-04-25 13:29:15,340 INFO groupCount = 6, subscriberClientCount = 0, subscriberCount = 0

2025-04-25 13:29:15,378 INFO toNotifyTaskSize = 0

2025-04-25 13:29:15,378 INFO toClientNotifyTaskSize = 0

2025-04-25 13:29:25,339 INFO [long-pulling] client count 0

2025-04-25 13:29:25,340 INFO groupCount = 6, subscriberClientCount = 0, subscriberCount = 0

2025-04-25 13:29:25,379 INFO toNotifyTaskSize = 0

2025-04-25 13:29:25,379 INFO toClientNotifyTaskSize = 0

2025-04-25 13:29:35,338 INFO [long-pulling] client count 0

2025-04-25 13:29:35,339 INFO groupCount = 6, subscriberClientCount = 0, subscriberCount = 0

2025-04-25 13:29:35,378 INFO toNotifyTaskSize = 0

2025-04-25 13:29:35,378 INFO toClientNotifyTaskSize = 0

2025-04-25 13:29:45,339 INFO [long-pulling] client count 0

2025-04-25 13:29:45,339 INFO groupCount = 6, subscriberClientCount = 0, subscriberCount = 0

2025-04-25 13:29:45,379 INFO toNotifyTaskSize = 0

2025-04-25 13:29:45,379 INFO toClientNotifyTaskSize = 0

2025-04-25 13:29:55,340 INFO [long-pulling] client count 0

2025-04-25 13:29:55,340 INFO groupCount = 6, subscriberClientCount = 0, subscriberCount = 0

2025-04-25 13:29:55,379 INFO toNotifyTaskSize = 0

2025-04-25 13:29:55,380 INFO toClientNotifyTaskSize = 0

2025-04-25 13:30:05,342 INFO [long-pulling] client count 0

2025-04-25 13:30:05,343 INFO groupCount = 6, subscriberClientCount = 0, subscriberCount = 0

2025-04-25 13:30:05,378 INFO toNotifyTaskSize = 0

2025-04-25 13:30:05,379 INFO toClientNotifyTaskSize = 0

2025-04-25 13:30:15,343 INFO [long-pulling] client count 0

2025-04-25 13:30:15,343 INFO groupCount = 6, subscriberClientCount = 0, subscriberCount = 0

2025-04-25 13:30:15,379 INFO toNotifyTaskSize = 0

2025-04-25 13:30:15,379 INFO toClientNotifyTaskSize = 0

2025-04-25 13:30:25,344 INFO [long-pulling] client count 0

2025-04-25 13:30:25,344 INFO groupCount = 6, subscriberClientCount = 0, subscriberCount = 0

2025-04-25 13:30:25,380 INFO toNotifyTaskSize = 0

2025-04-25 13:30:25,380 INFO toClientNotifyTaskSize = 0

2025-04-25 13:30:35,343 INFO [long-pulling] client count 0

2025-04-25 13:30:35,343 INFO groupCount = 6, subscriberClientCount = 0, subscriberCount = 0

2025-04-25 13:30:35,379 INFO toNotifyTaskSize = 0

2025-04-25 13:30:35,379 INFO toClientNotifyTaskSize = 0

2025-04-25 13:30:45,344 INFO [long-pulling] client count 0

2025-04-25 13:30:45,344 INFO groupCount = 6, subscriberClientCount = 0, subscriberCount = 0

2025-04-25 13:30:45,379 INFO toNotifyTaskSize = 0

2025-04-25 13:30:45,380 INFO toClientNotifyTaskSize = 0

2025-04-25 13:30:55,344 INFO [long-pulling] client count 0

2025-04-25 13:30:55,344 INFO groupCount = 6, subscriberClientCount = 0, subscriberCount = 0

2025-04-25 13:30:55,380 INFO toNotifyTaskSize = 0

2025-04-25 13:30:55,381 INFO toClientNotifyTaskSize = 0

2025-04-25 13:31:05,343 INFO [long-pulling] client count 0

2025-04-25 13:31:05,343 INFO groupCount = 6, subscriberClientCount = 0, subscriberCount = 0

2025-04-25 13:31:05,379 INFO toNotifyTaskSize = 0

2025-04-25 13:31:05,379 INFO toClientNotifyTaskSize = 0

2025-04-25 13:31:15,344 INFO [long-pulling] client count 0

2025-04-25 13:31:15,344 INFO groupCount = 6, subscriberClientCount = 0, subscriberCount = 0

2025-04-25 13:31:15,380 INFO toNotifyTaskSize = 0

2025-04-25 13:31:15,381 INFO toClientNotifyTaskSize = 0

2025-04-25 13:31:25,345 INFO [long-pulling] client count 0

2025-04-25 13:31:25,345 INFO groupCount = 6, subscriberClientCount = 0, subscriberCount = 0

2025-04-25 13:31:25,382 INFO toNotifyTaskSize = 0

2025-04-25 13:31:25,382 INFO toClientNotifyTaskSize = 0

2025-04-25 13:31:35,344 INFO [long-pulling] client count 0

2025-04-25 13:31:35,344 INFO groupCount = 6, subscriberClientCount = 0, subscriberCount = 0

2025-04-25 13:31:35,380 INFO toNotifyTaskSize = 0

2025-04-25 13:31:35,381 INFO toClientNotifyTaskSize = 0

2025-04-25 13:31:45,344 INFO [long-pulling] client count 0

2025-04-25 13:31:45,344 INFO groupCount = 6, subscriberClientCount = 0, subscriberCount = 0

2025-04-25 13:31:45,381 INFO toNotifyTaskSize = 0

2025-04-25 13:31:45,382 INFO toClientNotifyTaskSize = 0

2025-04-25 13:31:55,345 INFO [long-pulling] client count 0

2025-04-25 13:31:55,345 INFO groupCount = 6, subscriberClientCount = 0, subscriberCount = 0

2025-04-25 13:31:55,382 INFO toNotifyTaskSize = 0

2025-04-25 13:31:55,383 INFO toClientNotifyTaskSize = 0

2025-04-25 13:32:05,344 INFO [long-pulling] client count 0

2025-04-25 13:32:05,344 INFO groupCount = 6, subscriberClientCount = 0, subscriberCount = 0

2025-04-25 13:32:05,381 INFO toNotifyTaskSize = 0

2025-04-25 13:32:05,381 INFO toClientNotifyTaskSize = 0

2025-04-25 13:32:15,344 INFO [long-pulling] client count 0

2025-04-25 13:32:15,345 INFO groupCount = 6, subscriberClientCount = 0, subscriberCount = 0

2025-04-25 13:32:15,382 INFO toNotifyTaskSize = 0

2025-04-25 13:32:15,382 INFO toClientNotifyTaskSize = 0

2025-04-25 13:32:25,345 INFO [long-pulling] client count 0

2025-04-25 13:32:25,345 INFO groupCount = 6, subscriberClientCount = 0, subscriberCount = 0

2025-04-25 13:32:25,382 INFO toNotifyTaskSize = 0

2025-04-25 13:32:25,383 INFO toClientNotifyTaskSize = 0

2025-04-25 13:32:35,344 INFO [long-pulling] client count 0

2025-04-25 13:32:35,344 INFO groupCount = 6, subscriberClientCount = 0, subscriberCount = 0

2025-04-25 13:32:35,381 INFO toNotifyTaskSize = 0

2025-04-25 13:32:35,382 INFO toClientNotifyTaskSize = 0

2025-04-25 13:32:45,345 INFO [long-pulling] client count 0

2025-04-25 13:32:45,345 INFO groupCount = 6, subscriberClientCount = 0, subscriberCount = 0

2025-04-25 13:32:45,382 INFO toNotifyTaskSize = 0

2025-04-25 13:32:45,382 INFO toClientNotifyTaskSize = 0

2025-04-25 13:32:55,345 INFO [long-pulling] client count 0

2025-04-25 13:32:55,346 INFO groupCount = 6, subscriberClientCount = 0, subscriberCount = 0

2025-04-25 13:32:55,383 INFO toNotifyTaskSize = 0

2025-04-25 13:32:55,383 INFO toClientNotifyTaskSize = 0

2025-04-25 13:33:05,344 INFO [long-pulling] client count 0

2025-04-25 13:33:05,344 INFO groupCount = 6, subscriberClientCount = 0, subscriberCount = 0

2025-04-25 13:33:05,382 INFO toNotifyTaskSize = 0

2025-04-25 13:33:05,382 INFO toClientNotifyTaskSize = 0

2025-04-25 13:33:15,345 INFO [long-pulling] client count 0

2025-04-25 13:33:15,345 INFO groupCount = 6, subscriberClientCount = 0, subscriberCount = 0

2025-04-25 13:33:15,383 INFO toNotifyTaskSize = 0

2025-04-25 13:33:15,383 INFO toClientNotifyTaskSize = 0

2025-04-25 13:33:25,345 INFO [long-pulling] client count 0

2025-04-25 13:33:25,346 INFO groupCount = 6, subscriberClientCount = 0, subscriberCount = 0

2025-04-25 13:33:25,383 INFO toNotifyTaskSize = 0

2025-04-25 13:33:25,384 INFO toClientNotifyTaskSize = 0

2025-04-25 13:33:35,344 INFO [long-pulling] client count 0

2025-04-25 13:33:35,345 INFO groupCount = 6, subscriberClientCount = 0, subscriberCount = 0

2025-04-25 13:33:35,383 INFO toNotifyTaskSize = 0

2025-04-25 13:33:35,383 INFO toClientNotifyTaskSize = 0

2025-04-25 13:33:45,345 INFO [long-pulling] client count 0

2025-04-25 13:33:45,345 INFO groupCount = 6, subscriberClientCount = 0, subscriberCount = 0

2025-04-25 13:33:45,383 INFO toNotifyTaskSize = 0

2025-04-25 13:33:45,383 INFO toClientNotifyTaskSize = 0

2025-04-25 13:33:55,345 INFO [long-pulling] client count 0

2025-04-25 13:33:55,346 INFO groupCount = 6, subscriberClientCount = 0, subscriberCount = 0

2025-04-25 13:33:55,384 INFO toNotifyTaskSize = 0

2025-04-25 13:33:55,384 INFO toClientNotifyTaskSize = 0

2025-04-25 13:34:05,344 INFO [long-pulling] client count 0

2025-04-25 13:34:05,344 INFO groupCount = 6, subscriberClientCount = 0, subscriberCount = 0

2025-04-25 13:34:05,383 INFO toNotifyTaskSize = 0

2025-04-25 13:34:05,383 INFO toClientNotifyTaskSize = 0

2025-04-25 13:34:15,345 INFO [long-pulling] client count 0

2025-04-25 13:34:15,345 INFO groupCount = 6, subscriberClientCount = 0, subscriberCount = 0

2025-04-25 13:34:15,384 INFO toNotifyTaskSize = 0

2025-04-25 13:34:15,384 INFO toClientNotifyTaskSize = 0

2025-04-25 13:34:25,346 INFO [long-pulling] client count 0

2025-04-25 13:34:25,346 INFO groupCount = 6, subscriberClientCount = 0, subscriberCount = 0

2025-04-25 13:34:25,384 INFO toNotifyTaskSize = 0

2025-04-25 13:34:25,385 INFO toClientNotifyTaskSize = 0

2025-04-25 13:34:35,344 INFO [long-pulling] client count 0

2025-04-25 13:34:35,345 INFO groupCount = 6, subscriberClientCount = 0, subscriberCount = 0

2025-04-25 13:34:35,383 INFO toNotifyTaskSize = 0

2025-04-25 13:34:35,384 INFO toClientNotifyTaskSize = 0

2025-04-25 13:34:45,345 INFO [long-pulling] client count 0

2025-04-25 13:34:45,345 INFO groupCount = 6, subscriberClientCount = 0, subscriberCount = 0

2025-04-25 13:34:45,384 INFO toNotifyTaskSize = 0

2025-04-25 13:34:45,384 INFO toClientNotifyTaskSize = 0

2025-04-25 13:34:55,346 INFO [long-pulling] client count 0

2025-04-25 13:34:55,346 INFO groupCount = 6, subscriberClientCount = 0, subscriberCount = 0

2025-04-25 13:34:55,385 INFO toNotifyTaskSize = 0

2025-04-25 13:34:55,386 INFO toClientNotifyTaskSize = 0

2025-04-25 13:35:05,345 INFO [long-pulling] client count 0

2025-04-25 13:35:05,345 INFO groupCount = 6, subscriberClientCount = 0, subscriberCount = 0

2025-04-25 13:35:05,386 INFO toNotifyTaskSize = 0

2025-04-25 13:35:05,386 INFO toClientNotifyTaskSize = 0

2025-04-25 13:35:15,346 INFO [long-pulling] client count 0

2025-04-25 13:35:15,346 INFO groupCount = 6, subscriberClientCount = 0, subscriberCount = 0

2025-04-25 13:35:15,387 INFO toNotifyTaskSize = 0

2025-04-25 13:35:15,387 INFO toClientNotifyTaskSize = 0

2025-04-25 13:35:25,346 INFO [long-pulling] client count 0

2025-04-25 13:35:25,346 INFO groupCount = 6, subscriberClientCount = 0, subscriberCount = 0

2025-04-25 13:35:25,388 INFO toNotifyTaskSize = 0

2025-04-25 13:35:25,388 INFO toClientNotifyTaskSize = 0

2025-04-25 13:35:35,345 INFO [long-pulling] client count 0

2025-04-25 13:35:35,345 INFO groupCount = 6, subscriberClientCount = 0, subscriberCount = 0

2025-04-25 13:35:35,387 INFO toNotifyTaskSize = 0

2025-04-25 13:35:35,387 INFO toClientNotifyTaskSize = 0

2025-04-25 13:35:45,346 INFO [long-pulling] client count 0

2025-04-25 13:35:45,346 INFO groupCount = 6, subscriberClientCount = 0, subscriberCount = 0

2025-04-25 13:35:45,388 INFO toNotifyTaskSize = 0

2025-04-25 13:35:45,389 INFO toClientNotifyTaskSize = 0

2025-04-25 13:35:55,346 INFO [long-pulling] client count 0

2025-04-25 13:35:55,347 INFO groupCount = 6, subscriberClientCount = 0, subscriberCount = 0

2025-04-25 13:35:55,390 INFO toNotifyTaskSize = 0

2025-04-25 13:35:55,390 INFO toClientNotifyTaskSize = 0

2025-04-25 13:36:05,346 INFO [long-pulling] client count 0

2025-04-25 13:36:05,346 INFO groupCount = 6, subscriberClientCount = 0, subscriberCount = 0

2025-04-25 13:36:05,389 INFO toNotifyTaskSize = 0

2025-04-25 13:36:05,389 INFO toClientNotifyTaskSize = 0

2025-04-25 13:36:15,347 INFO [long-pulling] client count 0

2025-04-25 13:36:15,347 INFO groupCount = 6, subscriberClientCount = 0, subscriberCount = 0

2025-04-25 13:36:15,390 INFO toNotifyTaskSize = 0

2025-04-25 13:36:15,390 INFO toClientNotifyTaskSize = 0

2025-04-25 13:36:25,348 INFO [long-pulling] client count 0

2025-04-25 13:36:25,348 INFO groupCount = 6, subscriberClientCount = 0, subscriberCount = 0

2025-04-25 13:36:25,391 INFO toNotifyTaskSize = 0

2025-04-25 13:36:25,391 INFO toClientNotifyTaskSize = 0

2025-04-25 13:36:35,347 INFO [long-pulling] client count 0

2025-04-25 13:36:35,347 INFO groupCount = 6, subscriberClientCount = 0, subscriberCount = 0

2025-04-25 13:36:35,391 INFO toNotifyTaskSize = 0

2025-04-25 13:36:35,391 INFO toClientNotifyTaskSize = 0

2025-04-25 13:36:45,348 INFO [long-pulling] client count 0

2025-04-25 13:36:45,348 INFO groupCount = 6, subscriberClientCount = 0, subscriberCount = 0

2025-04-25 13:36:45,392 INFO toNotifyTaskSize = 0

2025-04-25 13:36:45,392 INFO toClientNotifyTaskSize = 0

2025-04-25 13:36:55,348 INFO [long-pulling] client count 0

2025-04-25 13:36:55,348 INFO groupCount = 6, subscriberClientCount = 0, subscriberCount = 0

2025-04-25 13:36:55,393 INFO toNotifyTaskSize = 0

2025-04-25 13:36:55,393 INFO toClientNotifyTaskSize = 0

2025-04-25 13:37:05,346 INFO [long-pulling] client count 0

2025-04-25 13:37:05,347 INFO groupCount = 6, subscriberClientCount = 0, subscriberCount = 0

2025-04-25 13:37:05,391 INFO toNotifyTaskSize = 0

2025-04-25 13:37:05,391 INFO toClientNotifyTaskSize = 0

2025-04-25 13:37:15,347 INFO [long-pulling] client count 0

2025-04-25 13:37:15,347 INFO groupCount = 6, subscriberClientCount = 0, subscriberCount = 0

2025-04-25 13:37:15,392 INFO toNotifyTaskSize = 0

2025-04-25 13:37:15,392 INFO toClientNotifyTaskSize = 0

2025-04-25 13:37:25,348 INFO [long-pulling] client count 0

2025-04-25 13:37:25,348 INFO groupCount = 6, subscriberClientCount = 0, subscriberCount = 0

2025-04-25 13:37:25,393 INFO toNotifyTaskSize = 0

2025-04-25 13:37:25,393 INFO toClientNotifyTaskSize = 0

2025-04-25 13:37:35,347 INFO [long-pulling] client count 0

2025-04-25 13:37:35,347 INFO groupCount = 6, subscriberClientCount = 0, subscriberCount = 0

2025-04-25 13:37:35,392 INFO toNotifyTaskSize = 0

2025-04-25 13:37:35,392 INFO toClientNotifyTaskSize = 0

2025-04-25 13:37:45,348 INFO [long-pulling] client count 0

2025-04-25 13:37:45,349 INFO groupCount = 6, subscriberClientCount = 0, subscriberCount = 0

2025-04-25 13:37:45,393 INFO toNotifyTaskSize = 0

2025-04-25 13:37:45,393 INFO toClientNotifyTaskSize = 0

2025-04-25 13:37:55,349 INFO [long-pulling] client count 0

2025-04-25 13:37:55,349 INFO groupCount = 6, subscriberClientCount = 0, subscriberCount = 0

2025-04-25 13:37:55,393 INFO toNotifyTaskSize = 0

2025-04-25 13:37:55,393 INFO toClientNotifyTaskSize = 0

2025-04-25 13:38:05,348 INFO [long-pulling] client count 0

2025-04-25 13:38:05,348 INFO groupCount = 6, subscriberClientCount = 0, subscriberCount = 0

2025-04-25 13:38:05,392 INFO toNotifyTaskSize = 0

2025-04-25 13:38:05,393 INFO toClientNotifyTaskSize = 0

2025-04-25 13:38:15,349 INFO [long-pulling] client count 0

2025-04-25 13:38:15,349 INFO groupCount = 6, subscriberClientCount = 0, subscriberCount = 0

2025-04-25 13:38:15,393 INFO toNotifyTaskSize = 0

2025-04-25 13:38:15,393 INFO toClientNotifyTaskSize = 0

2025-04-25 13:38:25,349 INFO [long-pulling] client count 0

2025-04-25 13:38:25,349 INFO groupCount = 6, subscriberClientCount = 0, subscriberCount = 0

2025-04-25 13:38:25,394 INFO toNotifyTaskSize = 0

2025-04-25 13:38:25,394 INFO toClientNotifyTaskSize = 0

2025-04-25 13:38:35,349 INFO [long-pulling] client count 0

2025-04-25 13:38:35,349 INFO groupCount = 6, subscriberClientCount = 0, subscriberCount = 0

2025-04-25 13:38:35,393 INFO toNotifyTaskSize = 0

2025-04-25 13:38:35,394 INFO toClientNotifyTaskSize = 0

2025-04-25 13:38:45,349 INFO [long-pulling] client count 0

2025-04-25 13:38:45,350 INFO groupCount = 6, subscriberClientCount = 0, subscriberCount = 0

2025-04-25 13:38:45,394 INFO toNotifyTaskSize = 0

2025-04-25 13:38:45,394 INFO toClientNotifyTaskSize = 0

2025-04-25 13:38:55,350 INFO [long-pulling] client count 0

2025-04-25 13:38:55,350 INFO groupCount = 6, subscriberClientCount = 0, subscriberCount = 0

2025-04-25 13:38:55,395 INFO toNotifyTaskSize = 0

2025-04-25 13:38:55,395 INFO toClientNotifyTaskSize = 0

2025-04-25 13:39:05,349 INFO [long-pulling] client count 0

2025-04-25 13:39:05,349 INFO groupCount = 6, subscriberClientCount = 0, subscriberCount = 0

2025-04-25 13:39:05,394 INFO toNotifyTaskSize = 0

2025-04-25 13:39:05,394 INFO toClientNotifyTaskSize = 0

2025-04-25 13:39:15,350 INFO [long-pulling] client count 0

2025-04-25 13:39:15,350 INFO groupCount = 6, subscriberClientCount = 0, subscriberCount = 0

2025-04-25 13:39:15,395 INFO toNotifyTaskSize = 0

2025-04-25 13:39:15,395 INFO toClientNotifyTaskSize = 0

2025-04-25 13:39:25,350 INFO [long-pulling] client count 0

2025-04-25 13:39:25,350 INFO groupCount = 6, subscriberClientCount = 0, subscriberCount = 0

2025-04-25 13:39:25,395 INFO toNotifyTaskSize = 0

2025-04-25 13:39:25,396 INFO toClientNotifyTaskSize = 0

2025-04-25 13:39:35,349 INFO [long-pulling] client count 0

2025-04-25 13:39:35,350 INFO groupCount = 6, subscriberClientCount = 0, subscriberCount = 0

2025-04-25 13:39:35,395 INFO toNotifyTaskSize = 0

2025-04-25 13:39:35,395 INFO toClientNotifyTaskSize = 0

2025-04-25 13:39:45,350 INFO [long-pulling] client count 0

2025-04-25 13:39:45,350 INFO groupCount = 6, subscriberClientCount = 0, subscriberCount = 0

2025-04-25 13:39:45,395 INFO toNotifyTaskSize = 0

2025-04-25 13:39:45,396 INFO toClientNotifyTaskSize = 0

2025-04-25 13:39:55,351 INFO [long-pulling] client count 0

2025-04-25 13:39:55,351 INFO groupCount = 6, subscriberClientCount = 0, subscriberCount = 0

2025-04-25 13:39:55,396 INFO toNotifyTaskSize = 0

2025-04-25 13:39:55,396 INFO toClientNotifyTaskSize = 0

2025-04-25 13:40:05,350 INFO [long-pulling] client count 0

2025-04-25 13:40:05,350 INFO groupCount = 6, subscriberClientCount = 0, subscriberCount = 0

2025-04-25 13:40:05,395 INFO toNotifyTaskSize = 0

2025-04-25 13:40:05,395 INFO toClientNotifyTaskSize = 0

2025-04-25 13:40:15,351 INFO [long-pulling] client count 0

2025-04-25 13:40:15,351 INFO groupCount = 6, subscriberClientCount = 0, subscriberCount = 0

2025-04-25 13:40:15,396 INFO toNotifyTaskSize = 0

2025-04-25 13:40:15,396 INFO toClientNotifyTaskSize = 0

2025-04-25 13:40:25,351 INFO [long-pulling] client count 0

2025-04-25 13:40:25,351 INFO groupCount = 6, subscriberClientCount = 0, subscriberCount = 0

2025-04-25 13:40:25,396 INFO toNotifyTaskSize = 0

2025-04-25 13:40:25,396 INFO toClientNotifyTaskSize = 0

2025-04-25 13:40:35,351 INFO [long-pulling] client count 0

2025-04-25 13:40:35,352 INFO groupCount = 6, subscriberClientCount = 0, subscriberCount = 0

2025-04-25 13:40:35,396 INFO toNotifyTaskSize = 0

2025-04-25 13:40:35,396 INFO toClientNotifyTaskSize = 0

2025-04-25 13:40:45,353 INFO [long-pulling] client count 0

2025-04-25 13:40:45,353 INFO groupCount = 6, subscriberClientCount = 0, subscriberCount = 0

2025-04-25 13:40:45,397 INFO toNotifyTaskSize = 0

2025-04-25 13:40:45,397 INFO toClientNotifyTaskSize = 0

2025-04-25 13:40:55,354 INFO [long-pulling] client count 0

2025-04-25 13:40:55,354 INFO groupCount = 6, subscriberClientCount = 0, subscriberCount = 0

2025-04-25 13:40:55,401 INFO toNotifyTaskSize = 0

2025-04-25 13:40:55,401 INFO toClientNotifyTaskSize = 0

2025-04-25 13:41:05,353 INFO [long-pulling] client count 0

2025-04-25 13:41:05,353 INFO groupCount = 6, subscriberClientCount = 0, subscriberCount = 0

2025-04-25 13:41:05,400 INFO toNotifyTaskSize = 0

2025-04-25 13:41:05,401 INFO toClientNotifyTaskSize = 0

2025-04-25 13:41:15,354 INFO [long-pulling] client count 0

2025-04-25 13:41:15,354 INFO groupCount = 6, subscriberClientCount = 0, subscriberCount = 0

2025-04-25 13:41:15,401 INFO toNotifyTaskSize = 0

2025-04-25 13:41:15,401 INFO toClientNotifyTaskSize = 0

2025-04-25 13:41:25,354 INFO [long-pulling] client count 0

2025-04-25 13:41:25,354 INFO groupCount = 6, subscriberClientCount = 0, subscriberCount = 0

2025-04-25 13:41:25,402 INFO toNotifyTaskSize = 0

2025-04-25 13:41:25,402 INFO toClientNotifyTaskSize = 0

2025-04-25 13:41:35,354 INFO [long-pulling] client count 0

2025-04-25 13:41:35,354 INFO groupCount = 6, subscriberClientCount = 0, subscriberCount = 0

2025-04-25 13:41:35,402 INFO toNotifyTaskSize = 0

2025-04-25 13:41:35,402 INFO toClientNotifyTaskSize = 0

2025-04-25 13:41:45,355 INFO [long-pulling] client count 0

2025-04-25 13:41:45,355 INFO groupCount = 6, subscriberClientCount = 0, subscriberCount = 0

2025-04-25 13:41:45,402 INFO toNotifyTaskSize = 0

2025-04-25 13:41:45,403 INFO toClientNotifyTaskSize = 0

2025-04-25 13:41:55,356 INFO [long-pulling] client count 0

2025-04-25 13:41:55,356 INFO groupCount = 6, subscriberClientCount = 0, subscriberCount = 0

2025-04-25 13:41:55,403 INFO toNotifyTaskSize = 0

2025-04-25 13:41:55,403 INFO toClientNotifyTaskSize = 0

2025-04-25 13:42:05,355 INFO [long-pulling] client count 0

2025-04-25 13:42:05,356 INFO groupCount = 6, subscriberClientCount = 0, subscriberCount = 0

2025-04-25 13:42:05,403 INFO toNotifyTaskSize = 0

2025-04-25 13:42:05,403 INFO toClientNotifyTaskSize = 0

2025-04-25 13:42:15,357 INFO [long-pulling] client count 0

2025-04-25 13:42:15,357 INFO groupCount = 6, subscriberClientCount = 0, subscriberCount = 0

2025-04-25 13:42:15,404 INFO toNotifyTaskSize = 0

2025-04-25 13:42:15,404 INFO toClientNotifyTaskSize = 0

2025-04-25 13:42:25,358 INFO [long-pulling] client count 0

2025-04-25 13:42:25,358 INFO groupCount = 6, subscriberClientCount = 0, subscriberCount = 0

2025-04-25 13:42:25,405 INFO toNotifyTaskSize = 0

2025-04-25 13:42:25,405 INFO toClientNotifyTaskSize = 0

2025-04-25 13:42:35,357 INFO groupCount = 6, subscriberClientCount = 0, subscriberCount = 0

2025-04-25 13:42:35,357 INFO [long-pulling] client count 0

2025-04-25 13:42:35,404 INFO toNotifyTaskSize = 0

2025-04-25 13:42:35,404 INFO toClientNotifyTaskSize = 0

2025-04-25 13:42:45,358 INFO groupCount = 6, subscriberClientCount = 0, subscriberCount = 0

2025-04-25 13:42:45,359 INFO [long-pulling] client count 0

2025-04-25 13:42:45,405 INFO toNotifyTaskSize = 0

2025-04-25 13:42:45,405 INFO toClientNotifyTaskSize = 0

2025-04-25 13:42:55,359 INFO groupCount = 6, subscriberClientCount = 0, subscriberCount = 0

2025-04-25 13:42:55,359 INFO [long-pulling] client count 0

2025-04-25 13:42:55,406 INFO toNotifyTaskSize = 0

2025-04-25 13:42:55,407 INFO toClientNotifyTaskSize = 0

2025-04-25 13:43:05,359 INFO groupCount = 6, subscriberClientCount = 0, subscriberCount = 0

2025-04-25 13:43:05,359 INFO [long-pulling] client count 0

2025-04-25 13:43:05,406 INFO toNotifyTaskSize = 0

2025-04-25 13:43:05,407 INFO toClientNotifyTaskSize = 0

2025-04-25 13:43:15,360 INFO groupCount = 6, subscriberClientCount = 0, subscriberCount = 0

2025-04-25 13:43:15,360 INFO [long-pulling] client count 0

2025-04-25 13:43:15,407 INFO toNotifyTaskSize = 0

2025-04-25 13:43:15,408 INFO toClientNotifyTaskSize = 0

2025-04-25 13:43:25,361 INFO groupCount = 6, subscriberClientCount = 0, subscriberCount = 0

2025-04-25 13:43:25,362 INFO [long-pulling] client count 0

2025-04-25 13:43:25,408 INFO toNotifyTaskSize = 0

2025-04-25 13:43:25,409 INFO toClientNotifyTaskSize = 0

2025-04-25 13:43:35,360 INFO groupCount = 6, subscriberClientCount = 0, subscriberCount = 0

2025-04-25 13:43:35,361 INFO [long-pulling] client count 0

2025-04-25 13:43:35,407 INFO toNotifyTaskSize = 0

2025-04-25 13:43:35,408 INFO toClientNotifyTaskSize = 0

2025-04-25 13:43:45,361 INFO groupCount = 6, subscriberClientCount = 0, subscriberCount = 0

2025-04-25 13:43:45,361 INFO [long-pulling] client count 0

2025-04-25 13:43:45,408 INFO toNotifyTaskSize = 0

2025-04-25 13:43:45,409 INFO toClientNotifyTaskSize = 0

2025-04-25 13:43:55,362 INFO groupCount = 6, subscriberClientCount = 0, subscriberCount = 0

2025-04-25 13:43:55,362 INFO [long-pulling] client count 0

2025-04-25 13:43:55,409 INFO toNotifyTaskSize = 0

2025-04-25 13:43:55,409 INFO toClientNotifyTaskSize = 0

2025-04-25 13:44:05,361 INFO groupCount = 6, subscriberClientCount = 0, subscriberCount = 0

2025-04-25 13:44:05,362 INFO [long-pulling] client count 0

2025-04-25 13:44:05,409 INFO toNotifyTaskSize = 0

2025-04-25 13:44:05,409 INFO toClientNotifyTaskSize = 0

2025-04-25 13:44:15,362 INFO groupCount = 6, subscriberClientCount = 0, subscriberCount = 0

2025-04-25 13:44:15,362 INFO [long-pulling] client count 0

2025-04-25 13:44:15,409 INFO toNotifyTaskSize = 0

2025-04-25 13:44:15,410 INFO toClientNotifyTaskSize = 0

2025-04-25 13:44:25,363 INFO groupCount = 6, subscriberClientCount = 0, subscriberCount = 0

2025-04-25 13:44:25,363 INFO [long-pulling] client count 0

2025-04-25 13:44:25,410 INFO toNotifyTaskSize = 0

2025-04-25 13:44:25,411 INFO toClientNotifyTaskSize = 0

2025-04-25 13:44:35,362 INFO groupCount = 6, subscriberClientCount = 0, subscriberCount = 0

2025-04-25 13:44:35,362 INFO [long-pulling] client count 0

2025-04-25 13:44:35,409 INFO toNotifyTaskSize = 0

2025-04-25 13:44:35,410 INFO toClientNotifyTaskSize = 0

2025-04-25 13:44:45,362 INFO groupCount = 6, subscriberClientCount = 0, subscriberCount = 0

2025-04-25 13:44:45,362 INFO [long-pulling] client count 0

2025-04-25 13:44:45,410 INFO toNotifyTaskSize = 0

2025-04-25 13:44:45,411 INFO toClientNotifyTaskSize = 0

2025-04-25 13:44:55,363 INFO groupCount = 6, subscriberClientCount = 0, subscriberCount = 0

2025-04-25 13:44:55,363 INFO [long-pulling] client count 0

2025-04-25 13:44:55,411 INFO toNotifyTaskSize = 0

2025-04-25 13:44:55,411 INFO toClientNotifyTaskSize = 0

2025-04-25 13:45:05,363 INFO groupCount = 6, subscriberClientCount = 0, subscriberCount = 0

2025-04-25 13:45:05,363 INFO [long-pulling] client count 0

2025-04-25 13:45:05,410 INFO toNotifyTaskSize = 0

2025-04-25 13:45:05,411 INFO toClientNotifyTaskSize = 0

2025-04-25 13:45:15,363 INFO groupCount = 6, subscriberClientCount = 0, subscriberCount = 0

2025-04-25 13:45:15,364 INFO [long-pulling] client count 0

2025-04-25 13:45:15,411 INFO toNotifyTaskSize = 0

2025-04-25 13:45:15,412 INFO toClientNotifyTaskSize = 0

2025-04-25 13:45:25,364 INFO groupCount = 6, subscriberClientCount = 0, subscriberCount = 0

2025-04-25 13:45:25,364 INFO [long-pulling] client count 0

2025-04-25 13:45:25,413 INFO toNotifyTaskSize = 0

2025-04-25 13:45:25,413 INFO toClientNotifyTaskSize = 0

2025-04-25 13:45:35,364 INFO groupCount = 6, subscriberClientCount = 0, subscriberCount = 0

2025-04-25 13:45:35,365 INFO [long-pulling] client count 0

2025-04-25 13:45:35,412 INFO toNotifyTaskSize = 0

2025-04-25 13:45:35,412 INFO toClientNotifyTaskSize = 0

2025-04-25 13:45:45,365 INFO groupCount = 6, subscriberClientCount = 0, subscriberCount = 0

2025-04-25 13:45:45,366 INFO [long-pulling] client count 0

2025-04-25 13:45:45,413 INFO toNotifyTaskSize = 0

2025-04-25 13:45:45,413 INFO toClientNotifyTaskSize = 0

2025-04-25 13:45:55,367 INFO groupCount = 6, subscriberClientCount = 0, subscriberCount = 0

2025-04-25 13:45:55,367 INFO [long-pulling] client count 0

2025-04-25 13:45:55,414 INFO toNotifyTaskSize = 0

2025-04-25 13:45:55,415 INFO toClientNotifyTaskSize = 0

2025-04-25 13:46:05,368 INFO groupCount = 6, subscriberClientCount = 0, subscriberCount = 0

2025-04-25 13:46:05,368 INFO [long-pulling] client count 0

2025-04-25 13:46:05,416 INFO toNotifyTaskSize = 0

2025-04-25 13:46:05,417 INFO toClientNotifyTaskSize = 0

2025-04-25 13:46:15,369 INFO groupCount = 6, subscriberClientCount = 0, subscriberCount = 0

2025-04-25 13:46:15,369 INFO [long-pulling] client count 0

2025-04-25 13:46:15,417 INFO toNotifyTaskSize = 0

2025-04-25 13:46:15,417 INFO toClientNotifyTaskSize = 0

2025-04-25 13:46:25,370 INFO [long-pulling] client count 0

2025-04-25 13:46:25,370 INFO groupCount = 6, subscriberClientCount = 0, subscriberCount = 0

2025-04-25 13:46:25,418 INFO toNotifyTaskSize = 0

2025-04-25 13:46:25,418 INFO toClientNotifyTaskSize = 0

2025-04-25 13:46:35,369 INFO [long-pulling] client count 0

2025-04-25 13:46:35,369 INFO groupCount = 6, subscriberClientCount = 0, subscriberCount = 0

2025-04-25 13:46:35,418 INFO toNotifyTaskSize = 0

2025-04-25 13:46:35,418 INFO toClientNotifyTaskSize = 0

2025-04-25 13:46:45,369 INFO [long-pulling] client count 0

2025-04-25 13:46:45,370 INFO groupCount = 6, subscriberClientCount = 0, subscriberCount = 0

2025-04-25 13:46:45,419 INFO toNotifyTaskSize = 0

2025-04-25 13:46:45,419 INFO toClientNotifyTaskSize = 0

2025-04-25 13:46:55,370 INFO [long-pulling] client count 0

2025-04-25 13:46:55,370 INFO groupCount = 6, subscriberClientCount = 0, subscriberCount = 0

2025-04-25 13:46:55,419 INFO toNotifyTaskSize = 0

2025-04-25 13:46:55,420 INFO toClientNotifyTaskSize = 0

2025-04-25 13:47:05,369 INFO [long-pulling] client count 0

2025-04-25 13:47:05,369 INFO groupCount = 6, subscriberClientCount = 0, subscriberCount = 0

2025-04-25 13:47:05,419 INFO toNotifyTaskSize = 0

2025-04-25 13:47:05,419 INFO toClientNotifyTaskSize = 0

2025-04-25 13:47:15,370 INFO [long-pulling] client count 0

2025-04-25 13:47:15,371 INFO groupCount = 6, subscriberClientCount = 0, subscriberCount = 0

2025-04-25 13:47:15,420 INFO toNotifyTaskSize = 0

2025-04-25 13:47:15,420 INFO toClientNotifyTaskSize = 0

2025-04-25 13:47:25,371 INFO [long-pulling] client count 0

2025-04-25 13:47:25,371 INFO groupCount = 6, subscriberClientCount = 0, subscriberCount = 0

2025-04-25 13:47:25,420 INFO toNotifyTaskSize = 0

2025-04-25 13:47:25,421 INFO toClientNotifyTaskSize = 0

2025-04-25 13:47:35,371 INFO [long-pulling] client count 0

2025-04-25 13:47:35,371 INFO groupCount = 6, subscriberClientCount = 0, subscriberCount = 0

2025-04-25 13:47:35,420 INFO toNotifyTaskSize = 0

2025-04-25 13:47:35,421 INFO toClientNotifyTaskSize = 0

2025-04-25 13:47:45,372 INFO [long-pulling] client count 0

2025-04-25 13:47:45,373 INFO groupCount = 6, subscriberClientCount = 0, subscriberCount = 0

2025-04-25 13:47:45,422 INFO toNotifyTaskSize = 0

2025-04-25 13:47:45,423 INFO toClientNotifyTaskSize = 0

2025-04-25 13:47:55,373 INFO [long-pulling] client count 0

2025-04-25 13:47:55,374 INFO groupCount = 6, subscriberClientCount = 0, subscriberCount = 0

2025-04-25 13:47:55,423 INFO toNotifyTaskSize = 0

2025-04-25 13:47:55,424 INFO toClientNotifyTaskSize = 0

2025-04-25 13:48:05,372 INFO [long-pulling] client count 0

2025-04-25 13:48:05,373 INFO groupCount = 6, subscriberClientCount = 0, subscriberCount = 0

2025-04-25 13:48:05,422 INFO toNotifyTaskSize = 0

2025-04-25 13:48:05,423 INFO toClientNotifyTaskSize = 0

2025-04-25 13:48:15,374 INFO [long-pulling] client count 0

2025-04-25 13:48:15,375 INFO groupCount = 6, subscriberClientCount = 0, subscriberCount = 0

2025-04-25 13:48:15,426 INFO toNotifyTaskSize = 0

2025-04-25 13:48:15,426 INFO toClientNotifyTaskSize = 0

2025-04-25 13:48:25,378 INFO [long-pulling] client count 0

2025-04-25 13:48:25,379 INFO groupCount = 6, subscriberClientCount = 0, subscriberCount = 0

2025-04-25 13:48:25,428 INFO toNotifyTaskSize = 0

2025-04-25 13:48:25,428 INFO toClientNotifyTaskSize = 0

2025-04-25 13:48:35,378 INFO [long-pulling] client count 0

2025-04-25 13:48:35,379 INFO groupCount = 6, subscriberClientCount = 0, subscriberCount = 0

2025-04-25 13:48:35,427 INFO toNotifyTaskSize = 0

2025-04-25 13:48:35,428 INFO toClientNotifyTaskSize = 0

2025-04-25 13:48:45,379 INFO [long-pulling] client count 0

2025-04-25 13:48:45,381 INFO groupCount = 6, subscriberClientCount = 0, subscriberCount = 0

2025-04-25 13:48:45,429 INFO toNotifyTaskSize = 0

2025-04-25 13:48:45,430 INFO toClientNotifyTaskSize = 0

