2025-04-25 13:10:15,385 INFO Not configure type of control plugin, no limit control for current node.

2025-04-25 13:10:15,393 INFO Load connection metrics collector,size=2,[com.alibaba.nacos.config.server.service.LongPollingConnectionMetricsCollector@32f0fba8, com.alibaba.nacos.core.remote.LongConnectionMetricsCollector@29ef6856]

2025-04-25 13:10:15,394 INFO No connection rule content found ,use default empty rule 

2025-04-25 13:10:15,417 INFO No tps control rule of CONFIG_PUSH_COUNT found,content =null  

2025-04-25 13:10:15,418 WARN Tps point for CONFIG_PUSH_COUNT registered, But tps control manager is no limit implementation.

2025-04-25 13:10:15,418 INFO No tps control rule of CONFIG_PUSH_SUCCESS found,content =null  

2025-04-25 13:10:15,418 WARN Tps point for CONFIG_PUSH_SUCCESS registered, But tps control manager is no limit implementation.

2025-04-25 13:10:15,418 INFO No tps control rule of CONFIG_PUSH_FAIL found,content =null  

2025-04-25 13:10:15,419 WARN Tps point for CONFIG_PUSH_FAIL registered, But tps control manager is no limit implementation.

2025-04-25 13:10:19,575 INFO No tps control rule of ConfigQuery found,content =null  

2025-04-25 13:10:19,575 WARN Tps point for ConfigQuery registered, But tps control manager is no limit implementation.

2025-04-25 13:10:19,575 INFO No tps control rule of ClusterConfigChangeNotify found,content =null  

2025-04-25 13:10:19,575 WARN Tps point for ClusterConfigChangeNotify registered, But tps control manager is no limit implementation.

2025-04-25 13:10:19,584 INFO No tps control rule of ConfigListen found,content =null  

2025-04-25 13:10:19,585 WARN Tps point for ConfigListen registered, But tps control manager is no limit implementation.

2025-04-25 13:10:19,585 INFO No tps control rule of ConfigRemove found,content =null  

2025-04-25 13:10:19,585 WARN Tps point for ConfigRemove registered, But tps control manager is no limit implementation.

2025-04-25 13:10:19,585 INFO No tps control rule of ConfigPublish found,content =null  

2025-04-25 13:10:19,585 WARN Tps point for ConfigPublish registered, But tps control manager is no limit implementation.

2025-04-25 13:10:19,586 INFO No tps control rule of HealthCheck found,content =null  

2025-04-25 13:10:19,586 WARN Tps point for HealthCheck registered, But tps control manager is no limit implementation.

2025-04-25 13:10:19,586 INFO No tps control rule of RemoteNamingServiceQuery found,content =null  

2025-04-25 13:10:19,586 WARN Tps point for RemoteNamingServiceQuery registered, But tps control manager is no limit implementation.

2025-04-25 13:10:19,587 INFO No tps control rule of RemoteNamingInstanceBatchRegister found,content =null  

2025-04-25 13:10:19,587 WARN Tps point for RemoteNamingInstanceBatchRegister registered, But tps control manager is no limit implementation.

2025-04-25 13:10:19,587 INFO No tps control rule of RemoteNamingInstanceRegisterDeregister found,content =null  

2025-04-25 13:10:19,587 WARN Tps point for RemoteNamingInstanceRegisterDeregister registered, But tps control manager is no limit implementation.

2025-04-25 13:10:19,587 INFO No tps control rule of RemoteNamingServiceListQuery found,content =null  

2025-04-25 13:10:19,587 WARN Tps point for RemoteNamingServiceListQuery registered, But tps control manager is no limit implementation.

2025-04-25 13:10:19,588 INFO No tps control rule of RemoteNamingServiceSubscribeUnSubscribe found,content =null  

2025-04-25 13:10:19,588 WARN Tps point for RemoteNamingServiceSubscribeUnSubscribe registered, But tps control manager is no limit implementation.

2025-04-25 13:10:19,588 WARN Tps point for RemoteNamingInstanceRegisterDeregister registered, But tps control manager is no limit implementation.

2025-04-25 13:10:19,588 INFO No tps control rule of NamingInstanceDeregister found,content =null  

2025-04-25 13:10:19,589 WARN Tps point for NamingInstanceDeregister registered, But tps control manager is no limit implementation.

2025-04-25 13:10:19,589 INFO No tps control rule of NamingInstanceQuery found,content =null  

2025-04-25 13:10:19,589 WARN Tps point for NamingInstanceQuery registered, But tps control manager is no limit implementation.

2025-04-25 13:10:19,589 INFO No tps control rule of NamingInstanceRegister found,content =null  

2025-04-25 13:10:19,589 WARN Tps point for NamingInstanceRegister registered, But tps control manager is no limit implementation.

2025-04-25 13:10:19,590 INFO No tps control rule of NamingServiceUpdate found,content =null  

2025-04-25 13:10:19,590 WARN Tps point for NamingServiceUpdate registered, But tps control manager is no limit implementation.

2025-04-25 13:10:19,590 INFO No tps control rule of NamingServiceSubscribe found,content =null  

2025-04-25 13:10:19,590 WARN Tps point for NamingServiceSubscribe registered, But tps control manager is no limit implementation.

2025-04-25 13:10:19,590 WARN Tps point for NamingInstanceRegister registered, But tps control manager is no limit implementation.

2025-04-25 13:10:19,590 INFO No tps control rule of NamingInstanceMetadataUpdate found,content =null  

2025-04-25 13:10:19,590 WARN Tps point for NamingInstanceMetadataUpdate registered, But tps control manager is no limit implementation.

2025-04-25 13:10:19,590 INFO No tps control rule of NamingInstanceUpdate found,content =null  

2025-04-25 13:10:19,591 WARN Tps point for NamingInstanceUpdate registered, But tps control manager is no limit implementation.

2025-04-25 13:10:19,591 INFO No tps control rule of NamingServiceDeregister found,content =null  

2025-04-25 13:10:19,591 WARN Tps point for NamingServiceDeregister registered, But tps control manager is no limit implementation.

2025-04-25 13:10:19,591 INFO No tps control rule of NamingServiceListQuery found,content =null  

2025-04-25 13:10:19,591 WARN Tps point for NamingServiceListQuery registered, But tps control manager is no limit implementation.

2025-04-25 13:10:19,591 INFO No tps control rule of NamingServiceRegister found,content =null  

2025-04-25 13:10:19,592 WARN Tps point for NamingServiceRegister registered, But tps control manager is no limit implementation.

2025-04-25 13:10:19,592 INFO No tps control rule of NamingServiceQuery found,content =null  

2025-04-25 13:10:19,592 WARN Tps point for NamingServiceQuery registered, But tps control manager is no limit implementation.

2025-04-25 13:10:19,592 WARN Tps point for NamingServiceRegister registered, But tps control manager is no limit implementation.

2025-04-25 13:10:19,592 WARN Tps point for NamingInstanceMetadataUpdate registered, But tps control manager is no limit implementation.

2025-04-25 13:10:19,592 WARN Tps point for NamingInstanceMetadataUpdate registered, But tps control manager is no limit implementation.

2025-04-25 13:10:19,592 WARN Tps point for NamingInstanceDeregister registered, But tps control manager is no limit implementation.

2025-04-25 13:10:19,593 WARN Tps point for NamingServiceDeregister registered, But tps control manager is no limit implementation.

2025-04-25 13:10:19,593 WARN Tps point for NamingServiceQuery registered, But tps control manager is no limit implementation.

2025-04-25 13:10:19,593 WARN Tps point for NamingServiceSubscribe registered, But tps control manager is no limit implementation.

2025-04-25 13:10:19,593 INFO No tps control rule of HttpHealthCheck found,content =null  

2025-04-25 13:10:19,594 WARN Tps point for HttpHealthCheck registered, But tps control manager is no limit implementation.

2025-04-25 13:10:19,594 WARN Tps point for NamingServiceUpdate registered, But tps control manager is no limit implementation.

2025-04-25 13:10:19,594 WARN Tps point for HttpHealthCheck registered, But tps control manager is no limit implementation.

2025-04-25 13:10:19,595 WARN Tps point for ConfigPublish registered, But tps control manager is no limit implementation.

2025-04-25 13:10:19,595 WARN Tps point for NamingServiceListQuery registered, But tps control manager is no limit implementation.

2025-04-25 13:10:19,595 WARN Tps point for NamingInstanceQuery registered, But tps control manager is no limit implementation.

2025-04-25 13:10:19,595 WARN Tps point for ConfigQuery registered, But tps control manager is no limit implementation.

2025-04-25 13:10:19,595 WARN Tps point for NamingInstanceUpdate registered, But tps control manager is no limit implementation.

2025-04-25 13:10:19,595 WARN Tps point for NamingInstanceMetadataUpdate registered, But tps control manager is no limit implementation.

2025-04-25 13:15:26,782 INFO No tps control rule of NAMING_RPC_PUSH found,content =null  

2025-04-25 13:15:26,783 WARN Tps point for NAMING_RPC_PUSH registered, But tps control manager is no limit implementation.

2025-04-25 13:15:26,783 INFO No tps control rule of NAMING_RPC_PUSH_SUCCESS found,content =null  

2025-04-25 13:15:26,784 WARN Tps point for NAMING_RPC_PUSH_SUCCESS registered, But tps control manager is no limit implementation.

2025-04-25 13:15:26,784 INFO No tps control rule of NAMING_RPC_PUSH_FAIL found,content =null  

2025-04-25 13:15:26,784 WARN Tps point for NAMING_RPC_PUSH_FAIL registered, But tps control manager is no limit implementation.

2025-04-25 13:15:26,784 INFO No tps control rule of NAMING_UDP_PUSH found,content =null  

2025-04-25 13:15:26,784 WARN Tps point for NAMING_UDP_PUSH registered, But tps control manager is no limit implementation.

2025-04-25 13:15:26,784 INFO No tps control rule of NAMING_UDP_PUSH_SUCCESS found,content =null  

2025-04-25 13:15:26,785 WARN Tps point for NAMING_UDP_PUSH_SUCCESS registered, But tps control manager is no limit implementation.

2025-04-25 13:15:26,785 INFO No tps control rule of NAMING_UDP_PUSH_FAIL found,content =null  

2025-04-25 13:15:26,785 WARN Tps point for NAMING_UDP_PUSH_FAIL registered, But tps control manager is no limit implementation.

2025-04-25 13:15:26,785 INFO No tps control rule of NAMING_DISTRO_SYNC found,content =null  

2025-04-25 13:15:26,785 WARN Tps point for NAMING_DISTRO_SYNC registered, But tps control manager is no limit implementation.

2025-04-25 13:15:26,786 INFO No tps control rule of NAMING_DISTRO_SYNC_SUCCESS found,content =null  

2025-04-25 13:15:26,786 WARN Tps point for NAMING_DISTRO_SYNC_SUCCESS registered, But tps control manager is no limit implementation.

2025-04-25 13:15:26,786 INFO No tps control rule of NAMING_DISTRO_SYNC_FAIL found,content =null  

2025-04-25 13:15:26,786 WARN Tps point for NAMING_DISTRO_SYNC_FAIL registered, But tps control manager is no limit implementation.

2025-04-25 13:15:26,787 INFO No tps control rule of NAMING_DISTRO_VERIFY found,content =null  

2025-04-25 13:15:26,787 WARN Tps point for NAMING_DISTRO_VERIFY registered, But tps control manager is no limit implementation.

2025-04-25 13:15:26,787 INFO No tps control rule of NAMING_DISTRO_VERIFY_SUCCESS found,content =null  

2025-04-25 13:15:26,787 WARN Tps point for NAMING_DISTRO_VERIFY_SUCCESS registered, But tps control manager is no limit implementation.

2025-04-25 13:15:26,787 INFO No tps control rule of NAMING_DISTRO_VERIFY_FAIL found,content =null  

2025-04-25 13:15:26,787 WARN Tps point for NAMING_DISTRO_VERIFY_FAIL registered, But tps control manager is no limit implementation.

