2025-03-28 11:18:29,996 INFO [dump] add formal task. groupKey=common-local.yml+DEFAULT_GROUP

2025-03-28 11:18:30,063 INFO [dump] process formal task. groupKey=common-local.yml+DEFAULT_GROUP

2025-03-28 11:18:30,143 INFO [dump] md5 changed, save to disk cache ,groupKey=common-local.yml+DEFAULT_GROUP, newMd5=47bd5d3fbf244429fa1d6adb8b55b673,oldMd5=

2025-03-28 11:18:30,157 INFO [dump] md5 changed, update md5 and timestamp in jvm cache ,groupKey=common-local.yml+DEFAULT_GROUP, newMd5=47bd5d3fbf244429fa1d6adb8b55b673,oldMd5=,lastModifiedTs=1743131910000

2025-03-28 11:20:38,761 INFO [dump] md5 changed, save to disk cache ,groupKey=common-local.yml+DEFAULT_GROUP, newMd5=47bd5d3fbf244429fa1d6adb8b55b673,oldMd5=

2025-03-28 11:20:38,768 INFO [dump] md5 changed, update md5 and timestamp in jvm cache ,groupKey=common-local.yml+DEFAULT_GROUP, newMd5=47bd5d3fbf244429fa1d6adb8b55b673,oldMd5=,lastModifiedTs=1743131910000

2025-03-28 11:20:38,768 INFO [dump-all-ok] common-local.yml+DEFAULT_GROUP, 1743131910000, length=83,md5UTF8=47bd5d3fbf244429fa1d6adb8b55b673

2025-03-28 11:23:53,488 INFO [dump] add formal task. groupKey=gateway-local.yml+DEFAULT_GROUP

2025-03-28 11:23:53,520 INFO [dump] process formal task. groupKey=gateway-local.yml+DEFAULT_GROUP

2025-03-28 11:23:53,544 INFO [dump] md5 changed, save to disk cache ,groupKey=gateway-local.yml+DEFAULT_GROUP, newMd5=cd72966dd13cc91c0b9e5082a6a06d4f,oldMd5=

2025-03-28 11:23:53,544 INFO [dump] md5 changed, update md5 and timestamp in jvm cache ,groupKey=gateway-local.yml+DEFAULT_GROUP, newMd5=cd72966dd13cc91c0b9e5082a6a06d4f,oldMd5=,lastModifiedTs=1743132233000

2025-03-28 13:11:29,444 INFO [dump] add formal task. groupKey=common-local.yml+DEFAULT_GROUP

2025-03-28 13:11:29,459 INFO [dump] process formal task. groupKey=common-local.yml+DEFAULT_GROUP

2025-03-28 13:11:29,530 INFO [dump] md5 changed, save to disk cache ,groupKey=common-local.yml+DEFAULT_GROUP, newMd5=ef3d054adaef05b1abd962ec4f0f07cb,oldMd5=47bd5d3fbf244429fa1d6adb8b55b673

2025-03-28 13:11:29,532 INFO [dump] md5 changed, update md5 and timestamp in jvm cache ,groupKey=common-local.yml+DEFAULT_GROUP, newMd5=ef3d054adaef05b1abd962ec4f0f07cb,oldMd5=47bd5d3fbf244429fa1d6adb8b55b673,lastModifiedTs=1743138689000

2025-03-28 13:12:36,395 INFO [dump] add formal task. groupKey=common-local.yml+DEFAULT_GROUP

2025-03-28 13:12:36,446 INFO [dump] process formal task. groupKey=common-local.yml+DEFAULT_GROUP

2025-03-28 13:12:36,535 INFO [dump] md5 changed, save to disk cache ,groupKey=common-local.yml+DEFAULT_GROUP, newMd5=3f5cff6616ff3ef5ace5870755270312,oldMd5=ef3d054adaef05b1abd962ec4f0f07cb

2025-03-28 13:12:36,536 INFO [dump] md5 changed, update md5 and timestamp in jvm cache ,groupKey=common-local.yml+DEFAULT_GROUP, newMd5=3f5cff6616ff3ef5ace5870755270312,oldMd5=ef3d054adaef05b1abd962ec4f0f07cb,lastModifiedTs=1743138756000

2025-03-28 13:20:29,496 INFO [dump] add formal task. groupKey=common-local.yml+DEFAULT_GROUP

2025-03-28 13:20:29,560 INFO [dump] process formal task. groupKey=common-local.yml+DEFAULT_GROUP

2025-03-28 13:20:29,651 INFO [dump] md5 changed, save to disk cache ,groupKey=common-local.yml+DEFAULT_GROUP, newMd5=d227e163645c510172e98c3cfd898356,oldMd5=3f5cff6616ff3ef5ace5870755270312

2025-03-28 13:20:29,652 INFO [dump] md5 changed, update md5 and timestamp in jvm cache ,groupKey=common-local.yml+DEFAULT_GROUP, newMd5=d227e163645c510172e98c3cfd898356,oldMd5=3f5cff6616ff3ef5ace5870755270312,lastModifiedTs=1743139229000

2025-03-28 13:21:04,836 INFO [dump] add formal task. groupKey=common-local.yml+DEFAULT_GROUP

2025-03-28 13:21:04,906 INFO [dump] process formal task. groupKey=common-local.yml+DEFAULT_GROUP

2025-03-28 13:21:04,996 WARN [dump-ignore] ignore to save to disk cache. md5 consistent,groupKey=common-local.yml+DEFAULT_GROUP, md5=d227e163645c510172e98c3cfd898356

2025-03-28 13:21:04,997 INFO [dump] md5 consistent ,timestamp changed, update timestamp only in jvm cache ,groupKey=common-local.yml+DEFAULT_GROUP,lastModifiedTs=1743139264000

2025-03-28 13:56:25,674 INFO [dump] add formal task. groupKey=gateway-local.yml+DEFAULT_GROUP

2025-03-28 13:56:25,712 INFO [dump] process formal task. groupKey=gateway-local.yml+DEFAULT_GROUP

2025-03-28 13:56:25,796 INFO [dump] md5 changed, save to disk cache ,groupKey=gateway-local.yml+DEFAULT_GROUP, newMd5=f033e908852bd1bf328b0a4e922ba9f2,oldMd5=cd72966dd13cc91c0b9e5082a6a06d4f

2025-03-28 13:56:25,797 INFO [dump] md5 changed, update md5 and timestamp in jvm cache ,groupKey=gateway-local.yml+DEFAULT_GROUP, newMd5=f033e908852bd1bf328b0a4e922ba9f2,oldMd5=cd72966dd13cc91c0b9e5082a6a06d4f,lastModifiedTs=1743141385000

2025-03-28 15:50:05,396 INFO [dump] add formal task. groupKey=datasource-local.yml+DEFAULT_GROUP

2025-03-28 15:50:05,482 INFO [dump] process formal task. groupKey=datasource-local.yml+DEFAULT_GROUP

2025-03-28 15:50:05,549 INFO [dump] md5 changed, save to disk cache ,groupKey=datasource-local.yml+DEFAULT_GROUP, newMd5=75fdb5ba1afc53887045c8b8e13ae155,oldMd5=

2025-03-28 15:50:05,555 INFO [dump] md5 changed, update md5 and timestamp in jvm cache ,groupKey=datasource-local.yml+DEFAULT_GROUP, newMd5=75fdb5ba1afc53887045c8b8e13ae155,oldMd5=,lastModifiedTs=1743148205000

2025-03-28 18:04:12,344 INFO [dump] md5 changed, save to disk cache ,groupKey=common-local.yml+DEFAULT_GROUP, newMd5=d227e163645c510172e98c3cfd898356,oldMd5=

2025-03-28 18:04:12,344 INFO [dump] md5 changed, save to disk cache ,groupKey=gateway-local.yml+DEFAULT_GROUP, newMd5=f033e908852bd1bf328b0a4e922ba9f2,oldMd5=

2025-03-28 18:04:12,344 INFO [dump] md5 changed, save to disk cache ,groupKey=datasource-local.yml+DEFAULT_GROUP, newMd5=75fdb5ba1afc53887045c8b8e13ae155,oldMd5=

2025-03-28 18:04:12,353 INFO [dump] md5 changed, update md5 and timestamp in jvm cache ,groupKey=gateway-local.yml+DEFAULT_GROUP, newMd5=f033e908852bd1bf328b0a4e922ba9f2,oldMd5=,lastModifiedTs=1743141385000

2025-03-28 18:04:12,353 INFO [dump] md5 changed, update md5 and timestamp in jvm cache ,groupKey=datasource-local.yml+DEFAULT_GROUP, newMd5=75fdb5ba1afc53887045c8b8e13ae155,oldMd5=,lastModifiedTs=1743148205000

2025-03-28 18:04:12,353 INFO [dump] md5 changed, update md5 and timestamp in jvm cache ,groupKey=common-local.yml+DEFAULT_GROUP, newMd5=d227e163645c510172e98c3cfd898356,oldMd5=,lastModifiedTs=1743139264000

2025-03-28 18:04:12,354 INFO [dump-all-ok] gateway-local.yml+DEFAULT_GROUP, 1743141385000, length=1036,md5UTF8=f033e908852bd1bf328b0a4e922ba9f2

2025-03-28 18:04:12,354 INFO [dump-all-ok] common-local.yml+DEFAULT_GROUP, 1743139264000, length=299,md5UTF8=d227e163645c510172e98c3cfd898356

2025-03-28 18:04:12,354 INFO [dump-all-ok] datasource-local.yml+DEFAULT_GROUP, 1743148205000, length=226,md5UTF8=75fdb5ba1afc53887045c8b8e13ae155

