2025-03-28 11:07:44,726 ERROR [TASK-FAILED] java.lang.InterruptedException

java.lang.InterruptedException: null
	at java.util.concurrent.locks.AbstractQueuedSynchronizer$ConditionObject.reportInterruptAfterWait(AbstractQueuedSynchronizer.java:2014)
	at java.util.concurrent.locks.AbstractQueuedSynchronizer$ConditionObject.await(AbstractQueuedSynchronizer.java:2048)
	at java.util.concurrent.ArrayBlockingQueue.take(ArrayBlockingQueue.java:403)
	at com.alibaba.nacos.common.task.engine.TaskExecuteWorker$InnerWorker.run(TaskExecuteWorker.java:118)
2025-03-28 11:07:44,726 ERROR [TASK-FAILED] java.lang.InterruptedException

java.lang.InterruptedException: null
	at java.util.concurrent.locks.AbstractQueuedSynchronizer$ConditionObject.reportInterruptAfterWait(AbstractQueuedSynchronizer.java:2014)
	at java.util.concurrent.locks.AbstractQueuedSynchronizer$ConditionObject.await(AbstractQueuedSynchronizer.java:2048)
	at java.util.concurrent.ArrayBlockingQueue.take(ArrayBlockingQueue.java:403)
	at com.alibaba.nacos.common.task.engine.TaskExecuteWorker$InnerWorker.run(TaskExecuteWorker.java:118)
2025-03-28 11:07:44,726 ERROR [TASK-FAILED] java.lang.InterruptedException

java.lang.InterruptedException: null
	at java.util.concurrent.locks.AbstractQueuedSynchronizer$ConditionObject.reportInterruptAfterWait(AbstractQueuedSynchronizer.java:2014)
	at java.util.concurrent.locks.AbstractQueuedSynchronizer$ConditionObject.await(AbstractQueuedSynchronizer.java:2048)
	at java.util.concurrent.ArrayBlockingQueue.take(ArrayBlockingQueue.java:403)
	at com.alibaba.nacos.common.task.engine.TaskExecuteWorker$InnerWorker.run(TaskExecuteWorker.java:118)
2025-03-28 11:07:44,726 ERROR [TASK-FAILED] java.lang.InterruptedException

java.lang.InterruptedException: null
	at java.util.concurrent.locks.AbstractQueuedSynchronizer$ConditionObject.reportInterruptAfterWait(AbstractQueuedSynchronizer.java:2014)
	at java.util.concurrent.locks.AbstractQueuedSynchronizer$ConditionObject.await(AbstractQueuedSynchronizer.java:2048)
	at java.util.concurrent.ArrayBlockingQueue.take(ArrayBlockingQueue.java:403)
	at com.alibaba.nacos.common.task.engine.TaskExecuteWorker$InnerWorker.run(TaskExecuteWorker.java:118)
2025-03-28 11:07:44,726 ERROR [TASK-FAILED] java.lang.InterruptedException

java.lang.InterruptedException: null
	at java.util.concurrent.locks.AbstractQueuedSynchronizer$ConditionObject.reportInterruptAfterWait(AbstractQueuedSynchronizer.java:2014)
	at java.util.concurrent.locks.AbstractQueuedSynchronizer$ConditionObject.await(AbstractQueuedSynchronizer.java:2048)
	at java.util.concurrent.ArrayBlockingQueue.take(ArrayBlockingQueue.java:403)
	at com.alibaba.nacos.common.task.engine.TaskExecuteWorker$InnerWorker.run(TaskExecuteWorker.java:118)
2025-03-28 11:07:44,726 ERROR [TASK-FAILED] java.lang.InterruptedException

java.lang.InterruptedException: null
	at java.util.concurrent.locks.AbstractQueuedSynchronizer$ConditionObject.reportInterruptAfterWait(AbstractQueuedSynchronizer.java:2014)
	at java.util.concurrent.locks.AbstractQueuedSynchronizer$ConditionObject.await(AbstractQueuedSynchronizer.java:2048)
	at java.util.concurrent.ArrayBlockingQueue.take(ArrayBlockingQueue.java:403)
	at com.alibaba.nacos.common.task.engine.TaskExecuteWorker$InnerWorker.run(TaskExecuteWorker.java:118)
2025-03-28 11:07:44,726 ERROR [TASK-FAILED] java.lang.InterruptedException

java.lang.InterruptedException: null
	at java.util.concurrent.locks.AbstractQueuedSynchronizer$ConditionObject.reportInterruptAfterWait(AbstractQueuedSynchronizer.java:2014)
	at java.util.concurrent.locks.AbstractQueuedSynchronizer$ConditionObject.await(AbstractQueuedSynchronizer.java:2048)
	at java.util.concurrent.ArrayBlockingQueue.take(ArrayBlockingQueue.java:403)
	at com.alibaba.nacos.common.task.engine.TaskExecuteWorker$InnerWorker.run(TaskExecuteWorker.java:118)
2025-03-28 11:07:44,726 ERROR [TASK-FAILED] java.lang.InterruptedException

java.lang.InterruptedException: null
	at java.util.concurrent.locks.AbstractQueuedSynchronizer$ConditionObject.reportInterruptAfterWait(AbstractQueuedSynchronizer.java:2014)
	at java.util.concurrent.locks.AbstractQueuedSynchronizer$ConditionObject.await(AbstractQueuedSynchronizer.java:2048)
	at java.util.concurrent.ArrayBlockingQueue.take(ArrayBlockingQueue.java:403)
	at com.alibaba.nacos.common.task.engine.TaskExecuteWorker$InnerWorker.run(TaskExecuteWorker.java:118)
2025-03-28 11:07:44,726 ERROR [TASK-FAILED] java.lang.InterruptedException

java.lang.InterruptedException: null
	at java.util.concurrent.locks.AbstractQueuedSynchronizer$ConditionObject.reportInterruptAfterWait(AbstractQueuedSynchronizer.java:2014)
	at java.util.concurrent.locks.AbstractQueuedSynchronizer$ConditionObject.await(AbstractQueuedSynchronizer.java:2048)
	at java.util.concurrent.ArrayBlockingQueue.take(ArrayBlockingQueue.java:403)
	at com.alibaba.nacos.common.task.engine.TaskExecuteWorker$InnerWorker.run(TaskExecuteWorker.java:118)
2025-03-28 11:07:44,727 ERROR [TASK-FAILED] java.lang.InterruptedException

java.lang.InterruptedException: null
	at java.util.concurrent.locks.AbstractQueuedSynchronizer$ConditionObject.reportInterruptAfterWait(AbstractQueuedSynchronizer.java:2014)
	at java.util.concurrent.locks.AbstractQueuedSynchronizer$ConditionObject.await(AbstractQueuedSynchronizer.java:2048)
	at java.util.concurrent.ArrayBlockingQueue.take(ArrayBlockingQueue.java:403)
	at com.alibaba.nacos.common.task.engine.TaskExecuteWorker$InnerWorker.run(TaskExecuteWorker.java:118)
2025-03-28 11:07:44,726 ERROR [TASK-FAILED] java.lang.InterruptedException

java.lang.InterruptedException: null
	at java.util.concurrent.locks.AbstractQueuedSynchronizer$ConditionObject.reportInterruptAfterWait(AbstractQueuedSynchronizer.java:2014)
	at java.util.concurrent.locks.AbstractQueuedSynchronizer$ConditionObject.await(AbstractQueuedSynchronizer.java:2048)
	at java.util.concurrent.ArrayBlockingQueue.take(ArrayBlockingQueue.java:403)
	at com.alibaba.nacos.common.task.engine.TaskExecuteWorker$InnerWorker.run(TaskExecuteWorker.java:118)
2025-03-28 11:07:44,726 ERROR [TASK-FAILED] java.lang.InterruptedException

java.lang.InterruptedException: null
	at java.util.concurrent.locks.AbstractQueuedSynchronizer$ConditionObject.reportInterruptAfterWait(AbstractQueuedSynchronizer.java:2014)
	at java.util.concurrent.locks.AbstractQueuedSynchronizer$ConditionObject.await(AbstractQueuedSynchronizer.java:2048)
	at java.util.concurrent.ArrayBlockingQueue.take(ArrayBlockingQueue.java:403)
	at com.alibaba.nacos.common.task.engine.TaskExecuteWorker$InnerWorker.run(TaskExecuteWorker.java:118)
2025-03-28 11:07:44,726 ERROR [TASK-FAILED] java.lang.InterruptedException

java.lang.InterruptedException: null
	at java.util.concurrent.locks.AbstractQueuedSynchronizer$ConditionObject.reportInterruptAfterWait(AbstractQueuedSynchronizer.java:2014)
	at java.util.concurrent.locks.AbstractQueuedSynchronizer$ConditionObject.await(AbstractQueuedSynchronizer.java:2048)
	at java.util.concurrent.ArrayBlockingQueue.take(ArrayBlockingQueue.java:403)
	at com.alibaba.nacos.common.task.engine.TaskExecuteWorker$InnerWorker.run(TaskExecuteWorker.java:118)
2025-03-28 11:07:44,726 ERROR [TASK-FAILED] java.lang.InterruptedException

java.lang.InterruptedException: null
	at java.util.concurrent.locks.AbstractQueuedSynchronizer$ConditionObject.reportInterruptAfterWait(AbstractQueuedSynchronizer.java:2014)
	at java.util.concurrent.locks.AbstractQueuedSynchronizer$ConditionObject.await(AbstractQueuedSynchronizer.java:2048)
	at java.util.concurrent.ArrayBlockingQueue.take(ArrayBlockingQueue.java:403)
	at com.alibaba.nacos.common.task.engine.TaskExecuteWorker$InnerWorker.run(TaskExecuteWorker.java:118)
2025-03-28 11:07:44,727 ERROR [TASK-FAILED] java.lang.InterruptedException

java.lang.InterruptedException: null
	at java.util.concurrent.locks.AbstractQueuedSynchronizer$ConditionObject.reportInterruptAfterWait(AbstractQueuedSynchronizer.java:2014)
	at java.util.concurrent.locks.AbstractQueuedSynchronizer$ConditionObject.await(AbstractQueuedSynchronizer.java:2048)
	at java.util.concurrent.ArrayBlockingQueue.take(ArrayBlockingQueue.java:403)
	at com.alibaba.nacos.common.task.engine.TaskExecuteWorker$InnerWorker.run(TaskExecuteWorker.java:118)
2025-03-28 11:07:44,726 ERROR [TASK-FAILED] java.lang.InterruptedException

java.lang.InterruptedException: null
	at java.util.concurrent.locks.AbstractQueuedSynchronizer$ConditionObject.reportInterruptAfterWait(AbstractQueuedSynchronizer.java:2014)
	at java.util.concurrent.locks.AbstractQueuedSynchronizer$ConditionObject.await(AbstractQueuedSynchronizer.java:2048)
	at java.util.concurrent.ArrayBlockingQueue.take(ArrayBlockingQueue.java:403)
	at com.alibaba.nacos.common.task.engine.TaskExecuteWorker$InnerWorker.run(TaskExecuteWorker.java:118)
2025-03-28 11:09:32,456 ERROR [TASK-FAILED] java.lang.InterruptedException

java.lang.InterruptedException: null
	at java.util.concurrent.locks.AbstractQueuedSynchronizer$ConditionObject.reportInterruptAfterWait(AbstractQueuedSynchronizer.java:2014)
	at java.util.concurrent.locks.AbstractQueuedSynchronizer$ConditionObject.await(AbstractQueuedSynchronizer.java:2048)
	at java.util.concurrent.ArrayBlockingQueue.take(ArrayBlockingQueue.java:403)
	at com.alibaba.nacos.common.task.engine.TaskExecuteWorker$InnerWorker.run(TaskExecuteWorker.java:118)
2025-03-28 11:09:32,456 ERROR [TASK-FAILED] java.lang.InterruptedException

java.lang.InterruptedException: null
	at java.util.concurrent.locks.AbstractQueuedSynchronizer$ConditionObject.reportInterruptAfterWait(AbstractQueuedSynchronizer.java:2014)
	at java.util.concurrent.locks.AbstractQueuedSynchronizer$ConditionObject.await(AbstractQueuedSynchronizer.java:2048)
	at java.util.concurrent.ArrayBlockingQueue.take(ArrayBlockingQueue.java:403)
	at com.alibaba.nacos.common.task.engine.TaskExecuteWorker$InnerWorker.run(TaskExecuteWorker.java:118)
2025-03-28 11:09:32,456 ERROR [TASK-FAILED] java.lang.InterruptedException

java.lang.InterruptedException: null
	at java.util.concurrent.locks.AbstractQueuedSynchronizer$ConditionObject.reportInterruptAfterWait(AbstractQueuedSynchronizer.java:2014)
	at java.util.concurrent.locks.AbstractQueuedSynchronizer$ConditionObject.await(AbstractQueuedSynchronizer.java:2048)
	at java.util.concurrent.ArrayBlockingQueue.take(ArrayBlockingQueue.java:403)
	at com.alibaba.nacos.common.task.engine.TaskExecuteWorker$InnerWorker.run(TaskExecuteWorker.java:118)
2025-03-28 11:09:32,456 ERROR [TASK-FAILED] java.lang.InterruptedException

java.lang.InterruptedException: null
	at java.util.concurrent.locks.AbstractQueuedSynchronizer$ConditionObject.reportInterruptAfterWait(AbstractQueuedSynchronizer.java:2014)
	at java.util.concurrent.locks.AbstractQueuedSynchronizer$ConditionObject.await(AbstractQueuedSynchronizer.java:2048)
	at java.util.concurrent.ArrayBlockingQueue.take(ArrayBlockingQueue.java:403)
	at com.alibaba.nacos.common.task.engine.TaskExecuteWorker$InnerWorker.run(TaskExecuteWorker.java:118)
2025-03-28 11:09:32,456 ERROR [TASK-FAILED] java.lang.InterruptedException

java.lang.InterruptedException: null
	at java.util.concurrent.locks.AbstractQueuedSynchronizer$ConditionObject.reportInterruptAfterWait(AbstractQueuedSynchronizer.java:2014)
	at java.util.concurrent.locks.AbstractQueuedSynchronizer$ConditionObject.await(AbstractQueuedSynchronizer.java:2048)
	at java.util.concurrent.ArrayBlockingQueue.take(ArrayBlockingQueue.java:403)
	at com.alibaba.nacos.common.task.engine.TaskExecuteWorker$InnerWorker.run(TaskExecuteWorker.java:118)
2025-03-28 11:09:32,456 ERROR [TASK-FAILED] java.lang.InterruptedException

java.lang.InterruptedException: null
	at java.util.concurrent.locks.AbstractQueuedSynchronizer$ConditionObject.reportInterruptAfterWait(AbstractQueuedSynchronizer.java:2014)
	at java.util.concurrent.locks.AbstractQueuedSynchronizer$ConditionObject.await(AbstractQueuedSynchronizer.java:2048)
	at java.util.concurrent.ArrayBlockingQueue.take(ArrayBlockingQueue.java:403)
	at com.alibaba.nacos.common.task.engine.TaskExecuteWorker$InnerWorker.run(TaskExecuteWorker.java:118)
2025-03-28 11:09:32,456 ERROR [TASK-FAILED] java.lang.InterruptedException

java.lang.InterruptedException: null
	at java.util.concurrent.locks.AbstractQueuedSynchronizer$ConditionObject.reportInterruptAfterWait(AbstractQueuedSynchronizer.java:2014)
	at java.util.concurrent.locks.AbstractQueuedSynchronizer$ConditionObject.await(AbstractQueuedSynchronizer.java:2048)
	at java.util.concurrent.ArrayBlockingQueue.take(ArrayBlockingQueue.java:403)
	at com.alibaba.nacos.common.task.engine.TaskExecuteWorker$InnerWorker.run(TaskExecuteWorker.java:118)
2025-03-28 11:09:32,456 ERROR [TASK-FAILED] java.lang.InterruptedException

java.lang.InterruptedException: null
	at java.util.concurrent.locks.AbstractQueuedSynchronizer$ConditionObject.reportInterruptAfterWait(AbstractQueuedSynchronizer.java:2014)
	at java.util.concurrent.locks.AbstractQueuedSynchronizer$ConditionObject.await(AbstractQueuedSynchronizer.java:2048)
	at java.util.concurrent.ArrayBlockingQueue.take(ArrayBlockingQueue.java:403)
	at com.alibaba.nacos.common.task.engine.TaskExecuteWorker$InnerWorker.run(TaskExecuteWorker.java:118)
2025-03-28 11:09:32,456 ERROR [TASK-FAILED] java.lang.InterruptedException

java.lang.InterruptedException: null
	at java.util.concurrent.locks.AbstractQueuedSynchronizer$ConditionObject.reportInterruptAfterWait(AbstractQueuedSynchronizer.java:2014)
	at java.util.concurrent.locks.AbstractQueuedSynchronizer$ConditionObject.await(AbstractQueuedSynchronizer.java:2048)
	at java.util.concurrent.ArrayBlockingQueue.take(ArrayBlockingQueue.java:403)
	at com.alibaba.nacos.common.task.engine.TaskExecuteWorker$InnerWorker.run(TaskExecuteWorker.java:118)
2025-03-28 11:09:32,456 ERROR [TASK-FAILED] java.lang.InterruptedException

java.lang.InterruptedException: null
	at java.util.concurrent.locks.AbstractQueuedSynchronizer$ConditionObject.reportInterruptAfterWait(AbstractQueuedSynchronizer.java:2014)
	at java.util.concurrent.locks.AbstractQueuedSynchronizer$ConditionObject.await(AbstractQueuedSynchronizer.java:2048)
	at java.util.concurrent.ArrayBlockingQueue.take(ArrayBlockingQueue.java:403)
	at com.alibaba.nacos.common.task.engine.TaskExecuteWorker$InnerWorker.run(TaskExecuteWorker.java:118)
2025-03-28 11:09:32,456 ERROR [TASK-FAILED] java.lang.InterruptedException

java.lang.InterruptedException: null
	at java.util.concurrent.locks.AbstractQueuedSynchronizer$ConditionObject.reportInterruptAfterWait(AbstractQueuedSynchronizer.java:2014)
	at java.util.concurrent.locks.AbstractQueuedSynchronizer$ConditionObject.await(AbstractQueuedSynchronizer.java:2048)
	at java.util.concurrent.ArrayBlockingQueue.take(ArrayBlockingQueue.java:403)
	at com.alibaba.nacos.common.task.engine.TaskExecuteWorker$InnerWorker.run(TaskExecuteWorker.java:118)
2025-03-28 11:09:32,456 ERROR [TASK-FAILED] java.lang.InterruptedException

java.lang.InterruptedException: null
	at java.util.concurrent.locks.AbstractQueuedSynchronizer$ConditionObject.reportInterruptAfterWait(AbstractQueuedSynchronizer.java:2014)
	at java.util.concurrent.locks.AbstractQueuedSynchronizer$ConditionObject.await(AbstractQueuedSynchronizer.java:2048)
	at java.util.concurrent.ArrayBlockingQueue.take(ArrayBlockingQueue.java:403)
	at com.alibaba.nacos.common.task.engine.TaskExecuteWorker$InnerWorker.run(TaskExecuteWorker.java:118)
2025-03-28 11:09:32,456 ERROR [TASK-FAILED] java.lang.InterruptedException

java.lang.InterruptedException: null
	at java.util.concurrent.locks.AbstractQueuedSynchronizer$ConditionObject.reportInterruptAfterWait(AbstractQueuedSynchronizer.java:2014)
	at java.util.concurrent.locks.AbstractQueuedSynchronizer$ConditionObject.await(AbstractQueuedSynchronizer.java:2048)
	at java.util.concurrent.ArrayBlockingQueue.take(ArrayBlockingQueue.java:403)
	at com.alibaba.nacos.common.task.engine.TaskExecuteWorker$InnerWorker.run(TaskExecuteWorker.java:118)
2025-03-28 11:09:32,456 ERROR [TASK-FAILED] java.lang.InterruptedException

java.lang.InterruptedException: null
	at java.util.concurrent.locks.AbstractQueuedSynchronizer$ConditionObject.reportInterruptAfterWait(AbstractQueuedSynchronizer.java:2014)
	at java.util.concurrent.locks.AbstractQueuedSynchronizer$ConditionObject.await(AbstractQueuedSynchronizer.java:2048)
	at java.util.concurrent.ArrayBlockingQueue.take(ArrayBlockingQueue.java:403)
	at com.alibaba.nacos.common.task.engine.TaskExecuteWorker$InnerWorker.run(TaskExecuteWorker.java:118)
2025-03-28 11:09:32,456 ERROR [TASK-FAILED] java.lang.InterruptedException

java.lang.InterruptedException: null
	at java.util.concurrent.locks.AbstractQueuedSynchronizer$ConditionObject.reportInterruptAfterWait(AbstractQueuedSynchronizer.java:2014)
	at java.util.concurrent.locks.AbstractQueuedSynchronizer$ConditionObject.await(AbstractQueuedSynchronizer.java:2048)
	at java.util.concurrent.ArrayBlockingQueue.take(ArrayBlockingQueue.java:403)
	at com.alibaba.nacos.common.task.engine.TaskExecuteWorker$InnerWorker.run(TaskExecuteWorker.java:118)
2025-03-28 11:09:32,456 ERROR [TASK-FAILED] java.lang.InterruptedException

java.lang.InterruptedException: null
	at java.util.concurrent.locks.AbstractQueuedSynchronizer$ConditionObject.reportInterruptAfterWait(AbstractQueuedSynchronizer.java:2014)
	at java.util.concurrent.locks.AbstractQueuedSynchronizer$ConditionObject.await(AbstractQueuedSynchronizer.java:2048)
	at java.util.concurrent.ArrayBlockingQueue.take(ArrayBlockingQueue.java:403)
	at com.alibaba.nacos.common.task.engine.TaskExecuteWorker$InnerWorker.run(TaskExecuteWorker.java:118)
2025-03-28 11:11:56,169 INFO [SelectorManager] Load SelectorContextBuilder(class com.alibaba.nacos.naming.selector.context.CmdbSelectorContextBuilder) contextType(CMDB) successfully.

2025-03-28 11:11:56,169 INFO [SelectorManager] Load SelectorContextBuilder(class com.alibaba.nacos.naming.selector.context.NoneSelectorContextBuilder) contextType(NONE) successfully.

2025-03-28 11:11:56,169 INFO [SelectorManager] Load Selector(class com.alibaba.nacos.naming.selector.LabelSelector) type(label) contextType(CMDB) successfully.

2025-03-28 11:11:56,169 INFO [SelectorManager] Load Selector(class com.alibaba.nacos.naming.selector.NoneSelector) type(none) contextType(NONE) successfully.

2025-03-28 11:11:56,538 INFO Load instance extension handler []

2025-03-28 11:19:23,730 WARN [NamingServerHttpClientManager] Start destroying HTTP-Client

2025-03-28 11:19:23,743 WARN [NamingServerHttpClientManager] Destruction of the end

2025-03-28 11:20:40,896 INFO [SelectorManager] Load SelectorContextBuilder(class com.alibaba.nacos.naming.selector.context.CmdbSelectorContextBuilder) contextType(CMDB) successfully.

2025-03-28 11:20:40,897 INFO [SelectorManager] Load SelectorContextBuilder(class com.alibaba.nacos.naming.selector.context.NoneSelectorContextBuilder) contextType(NONE) successfully.

2025-03-28 11:20:40,898 INFO [SelectorManager] Load Selector(class com.alibaba.nacos.naming.selector.LabelSelector) type(label) contextType(CMDB) successfully.

2025-03-28 11:20:40,898 INFO [SelectorManager] Load Selector(class com.alibaba.nacos.naming.selector.NoneSelector) type(none) contextType(NONE) successfully.

2025-03-28 11:20:41,307 INFO Load instance extension handler []

2025-03-28 11:42:56,842 INFO Client connection 1743133374452_172.19.0.1_59796 disconnect, remove instances and subscribers

2025-03-28 11:47:18,915 INFO Client connection 1743133636857_172.19.0.1_38524 disconnect, remove instances and subscribers

2025-03-28 11:49:21,143 INFO Client connection 1743133759067_172.19.0.1_36694 disconnect, remove instances and subscribers

2025-03-28 11:58:45,681 INFO Client connection 1743134323588_172.19.0.1_41112 disconnect, remove instances and subscribers

2025-03-28 11:59:19,886 INFO Client connection 1743134357783_172.19.0.1_53886 disconnect, remove instances and subscribers

2025-03-28 12:33:16,531 INFO Client connection 1743136394291_172.19.0.1_34210 disconnect, remove instances and subscribers

2025-03-28 12:40:01,280 INFO Client connection 1743136799094_172.19.0.1_47486 disconnect, remove instances and subscribers

2025-03-28 12:43:43,764 INFO Client connection 1743137021282_172.19.0.1_40208 disconnect, remove instances and subscribers

2025-03-28 12:44:44,599 INFO Client connection 1743137082465_172.19.0.1_45830 disconnect, remove instances and subscribers

2025-03-28 12:50:25,997 INFO Client connection 1743137423758_172.19.0.1_57518 disconnect, remove instances and subscribers

2025-03-28 13:05:50,815 INFO Client connection 1743138348568_172.19.0.1_44734 disconnect, remove instances and subscribers

2025-03-28 13:08:49,131 INFO Client connection 1743138526813_172.19.0.1_44440 disconnect, remove instances and subscribers

2025-03-28 13:11:40,849 INFO Client connection 1743138698602_172.19.0.1_49716 disconnect, remove instances and subscribers

2025-03-28 13:12:46,819 INFO Client connection 1743138764565_172.19.0.1_46074 disconnect, remove instances and subscribers

2025-03-28 13:20:41,277 INFO Client connection 1743139239034_172.19.0.1_34174 disconnect, remove instances and subscribers

2025-03-28 13:21:18,660 INFO Client connection 1743139276378_172.19.0.1_48692 disconnect, remove instances and subscribers

2025-03-28 13:23:26,347 INFO Client connection 1743139404181_172.19.0.1_55474 disconnect, remove instances and subscribers

2025-03-28 13:36:08,798 INFO Client connection 1743140165358_172.19.0.1_52378 disconnect, remove instances and subscribers

2025-03-28 13:44:52,136 INFO Client connection 1743140688698_172.19.0.1_32934 disconnect, remove instances and subscribers

2025-03-28 13:47:06,131 INFO Client connection 1743140822797_172.19.0.1_60114 disconnect, remove instances and subscribers

2025-03-28 13:50:04,434 INFO Client connection 1743141004423_172.19.0.1_52284 connect

2025-03-28 13:50:04,595 INFO Client change for service Service{namespace='public', group='DEFAULT_GROUP', name='gateway', ephemeral=true, revision=0}, 1743141004423_172.19.0.1_52284

2025-03-28 13:50:05,045 INFO Client connection 1743141004423_172.19.0.1_52284 disconnect, remove instances and subscribers

2025-03-28 13:50:08,626 INFO Client connection 1743140997525_172.19.0.1_55590 disconnect, remove instances and subscribers

2025-03-28 13:51:48,828 INFO Client connection 1743141108821_172.19.0.1_36578 connect

2025-03-28 13:51:48,952 INFO Client change for service Service{namespace='public', group='DEFAULT_GROUP', name='gateway', ephemeral=true, revision=2}, 1743141108821_172.19.0.1_36578

2025-03-28 13:51:49,363 INFO Client connection 1743141108821_172.19.0.1_36578 disconnect, remove instances and subscribers

2025-03-28 13:51:52,963 INFO Client connection 1743141101984_172.19.0.1_39758 disconnect, remove instances and subscribers

2025-03-28 13:52:49,934 WARN namespace : public, [DEFAULT_GROUP@@gateway] services are automatically cleaned

2025-03-28 13:53:10,712 INFO Client connection 1743141190705_172.19.0.1_45260 connect

2025-03-28 13:53:10,830 INFO Client change for service Service{namespace='public', group='DEFAULT_GROUP', name='gateway', ephemeral=true, revision=0}, 1743141190705_172.19.0.1_45260

2025-03-28 13:53:11,254 INFO Client connection 1743141190705_172.19.0.1_45260 disconnect, remove instances and subscribers

2025-03-28 13:53:14,806 INFO Client connection 1743141183810_172.19.0.1_38320 disconnect, remove instances and subscribers

2025-03-28 13:54:49,931 WARN namespace : public, [DEFAULT_GROUP@@gateway] services are automatically cleaned

2025-03-28 13:55:28,887 INFO Client connection 1743141328879_172.19.0.1_60344 connect

2025-03-28 13:55:29,009 INFO Client change for service Service{namespace='public', group='DEFAULT_GROUP', name='gateway', ephemeral=true, revision=0}, 1743141328879_172.19.0.1_60344

2025-03-28 13:55:29,440 INFO Client connection 1743141328879_172.19.0.1_60344 disconnect, remove instances and subscribers

2025-03-28 13:55:33,008 INFO Client connection 1743141322086_172.19.0.1_43602 disconnect, remove instances and subscribers

2025-03-28 13:56:47,171 INFO Client connection 1743141407165_172.19.0.1_33552 connect

2025-03-28 13:56:47,295 INFO Client change for service Service{namespace='public', group='DEFAULT_GROUP', name='gateway', ephemeral=true, revision=2}, 1743141407165_172.19.0.1_33552

2025-03-28 13:58:00,686 INFO Client remove for service Service{namespace='public', group='DEFAULT_GROUP', name='gateway', ephemeral=true, revision=3}, 1743141407165_172.19.0.1_33552

2025-03-28 13:58:00,706 INFO Client connection 1743141407165_172.19.0.1_33552 disconnect, remove instances and subscribers

2025-03-28 13:58:00,785 INFO Client connection 1743141400306_172.19.0.1_33546 disconnect, remove instances and subscribers

2025-03-28 13:59:49,918 WARN namespace : public, [DEFAULT_GROUP@@gateway] services are automatically cleaned

2025-03-28 14:04:11,060 INFO Client connection 1743141851054_172.19.0.1_54244 connect

2025-03-28 14:04:11,182 INFO Client change for service Service{namespace='public', group='DEFAULT_GROUP', name='gateway', ephemeral=true, revision=0}, 1743141851054_172.19.0.1_54244

2025-03-28 14:06:31,831 INFO Client remove for service Service{namespace='public', group='DEFAULT_GROUP', name='gateway', ephemeral=true, revision=1}, 1743141851054_172.19.0.1_54244

2025-03-28 14:06:31,839 INFO Client connection 1743141851054_172.19.0.1_54244 disconnect, remove instances and subscribers

2025-03-28 14:06:31,957 INFO Client connection 1743141844128_172.19.0.1_53850 disconnect, remove instances and subscribers

2025-03-28 14:06:57,676 INFO Client connection 1743142017670_172.19.0.1_34868 connect

2025-03-28 14:06:57,785 INFO Client change for service Service{namespace='public', group='DEFAULT_GROUP', name='gateway', ephemeral=true, revision=2}, 1743142017670_172.19.0.1_34868

2025-03-28 14:08:27,038 INFO Client remove for service Service{namespace='public', group='DEFAULT_GROUP', name='gateway', ephemeral=true, revision=3}, 1743142017670_172.19.0.1_34868

2025-03-28 14:08:27,046 INFO Client connection 1743142017670_172.19.0.1_34868 disconnect, remove instances and subscribers

2025-03-28 14:08:27,208 INFO Client connection 1743142010822_172.19.0.1_34858 disconnect, remove instances and subscribers

2025-03-28 14:09:49,890 WARN namespace : public, [DEFAULT_GROUP@@gateway] services are automatically cleaned

2025-03-28 14:18:47,669 INFO Client connection 1743142727663_172.19.0.1_49926 connect

2025-03-28 14:18:47,790 INFO Client change for service Service{namespace='public', group='DEFAULT_GROUP', name='gateway', ephemeral=true, revision=0}, 1743142727663_172.19.0.1_49926

2025-03-28 14:25:02,227 INFO Client remove for service Service{namespace='public', group='DEFAULT_GROUP', name='gateway', ephemeral=true, revision=1}, 1743142727663_172.19.0.1_49926

2025-03-28 14:25:02,239 INFO Client connection 1743142727663_172.19.0.1_49926 disconnect, remove instances and subscribers

2025-03-28 14:25:04,911 INFO Client connection 1743142720671_172.19.0.1_49912 disconnect, remove instances and subscribers

2025-03-28 14:25:16,950 INFO Client connection 1743143116944_172.19.0.1_44022 connect

2025-03-28 14:25:17,072 INFO Client change for service Service{namespace='public', group='DEFAULT_GROUP', name='gateway', ephemeral=true, revision=2}, 1743143116944_172.19.0.1_44022

2025-03-28 14:26:25,922 INFO Client remove for service Service{namespace='public', group='DEFAULT_GROUP', name='gateway', ephemeral=true, revision=3}, 1743143116944_172.19.0.1_44022

2025-03-28 14:26:25,942 INFO Client connection 1743143116944_172.19.0.1_44022 disconnect, remove instances and subscribers

2025-03-28 14:26:28,639 INFO Client connection 1743143110017_172.19.0.1_44012 disconnect, remove instances and subscribers

2025-03-28 14:26:38,731 INFO Client connection 1743143198726_172.19.0.1_34232 connect

2025-03-28 14:26:38,838 INFO Client change for service Service{namespace='public', group='DEFAULT_GROUP', name='gateway', ephemeral=true, revision=4}, 1743143198726_172.19.0.1_34232

2025-03-28 14:27:48,677 INFO Client connection 1743143191847_172.19.0.1_45318 disconnect, remove instances and subscribers

2025-03-28 14:27:48,680 INFO Client connection 1743143198726_172.19.0.1_34232 disconnect, remove instances and subscribers

2025-03-28 14:28:49,829 WARN namespace : public, [DEFAULT_GROUP@@gateway] services are automatically cleaned

2025-03-28 15:39:27,127 INFO Client connection 1743147567119_172.19.0.1_45450 connect

2025-03-28 15:39:27,262 INFO Client change for service Service{namespace='public', group='DEFAULT_GROUP', name='gateway', ephemeral=true, revision=0}, 1743147567119_172.19.0.1_45450

2025-03-28 15:39:29,701 INFO Client remove for service Service{namespace='public', group='DEFAULT_GROUP', name='gateway', ephemeral=true, revision=1}, 1743147567119_172.19.0.1_45450

2025-03-28 15:39:29,827 INFO Client connection 1743147560126_172.19.0.1_45444 disconnect, remove instances and subscribers

2025-03-28 15:39:29,828 INFO Client connection 1743147567119_172.19.0.1_45450 disconnect, remove instances and subscribers

2025-03-28 15:40:49,578 WARN namespace : public, [DEFAULT_GROUP@@gateway] services are automatically cleaned

2025-03-28 16:44:43,567 WARN [NamingServerHttpClientManager] Start destroying HTTP-Client

2025-03-28 16:44:43,583 WARN [NamingServerHttpClientManager] Destruction of the end

2025-03-28 18:04:14,795 INFO [SelectorManager] Load SelectorContextBuilder(class com.alibaba.nacos.naming.selector.context.CmdbSelectorContextBuilder) contextType(CMDB) successfully.

2025-03-28 18:04:14,795 INFO [SelectorManager] Load SelectorContextBuilder(class com.alibaba.nacos.naming.selector.context.NoneSelectorContextBuilder) contextType(NONE) successfully.

2025-03-28 18:04:14,795 INFO [SelectorManager] Load Selector(class com.alibaba.nacos.naming.selector.LabelSelector) type(label) contextType(CMDB) successfully.

2025-03-28 18:04:14,795 INFO [SelectorManager] Load Selector(class com.alibaba.nacos.naming.selector.NoneSelector) type(none) contextType(NONE) successfully.

2025-03-28 18:04:15,218 INFO Load instance extension handler []

