2025-03-28 11:11:54,784 INFO Not configure type of control plugin, no limit control for current node.

2025-03-28 11:11:54,786 INFO Load connection metrics collector,size=2,[com.alibaba.nacos.config.server.service.LongPollingConnectionMetricsCollector@5b11a194, com.alibaba.nacos.core.remote.LongConnectionMetricsCollector@60f7cc1d]

2025-03-28 11:11:54,788 INFO No connection rule content found ,use default empty rule 

2025-03-28 11:11:54,804 INFO No tps control rule of CONFIG_PUSH_COUNT found,content =null  

2025-03-28 11:11:54,805 WARN Tps point for CONFIG_PUSH_COUNT registered, But tps control manager is no limit implementation.

2025-03-28 11:11:54,805 INFO No tps control rule of CONFIG_PUSH_SUCCESS found,content =null  

2025-03-28 11:11:54,806 WARN Tps point for CONFIG_PUSH_SUCCESS registered, But tps control manager is no limit implementation.

2025-03-28 11:11:54,806 INFO No tps control rule of CONFIG_PUSH_FAIL found,content =null  

2025-03-28 11:11:54,807 WARN Tps point for CONFIG_PUSH_FAIL registered, But tps control manager is no limit implementation.

2025-03-28 11:11:57,923 INFO No tps control rule of ConfigQuery found,content =null  

2025-03-28 11:11:57,924 WARN Tps point for ConfigQuery registered, But tps control manager is no limit implementation.

2025-03-28 11:11:57,924 INFO No tps control rule of ClusterConfigChangeNotify found,content =null  

2025-03-28 11:11:57,924 WARN Tps point for ClusterConfigChangeNotify registered, But tps control manager is no limit implementation.

2025-03-28 11:11:57,934 INFO No tps control rule of ConfigListen found,content =null  

2025-03-28 11:11:57,934 WARN Tps point for ConfigListen registered, But tps control manager is no limit implementation.

2025-03-28 11:11:57,934 INFO No tps control rule of ConfigRemove found,content =null  

2025-03-28 11:11:57,935 WARN Tps point for ConfigRemove registered, But tps control manager is no limit implementation.

2025-03-28 11:11:57,935 INFO No tps control rule of ConfigPublish found,content =null  

2025-03-28 11:11:57,935 WARN Tps point for ConfigPublish registered, But tps control manager is no limit implementation.

2025-03-28 11:11:57,935 INFO No tps control rule of HealthCheck found,content =null  

2025-03-28 11:11:57,935 WARN Tps point for HealthCheck registered, But tps control manager is no limit implementation.

2025-03-28 11:11:57,936 INFO No tps control rule of RemoteNamingServiceQuery found,content =null  

2025-03-28 11:11:57,936 WARN Tps point for RemoteNamingServiceQuery registered, But tps control manager is no limit implementation.

2025-03-28 11:11:57,936 INFO No tps control rule of RemoteNamingInstanceBatchRegister found,content =null  

2025-03-28 11:11:57,936 WARN Tps point for RemoteNamingInstanceBatchRegister registered, But tps control manager is no limit implementation.

2025-03-28 11:11:57,936 INFO No tps control rule of RemoteNamingInstanceRegisterDeregister found,content =null  

2025-03-28 11:11:57,937 WARN Tps point for RemoteNamingInstanceRegisterDeregister registered, But tps control manager is no limit implementation.

2025-03-28 11:11:57,937 INFO No tps control rule of RemoteNamingServiceListQuery found,content =null  

2025-03-28 11:11:57,937 WARN Tps point for RemoteNamingServiceListQuery registered, But tps control manager is no limit implementation.

2025-03-28 11:11:57,938 INFO No tps control rule of RemoteNamingServiceSubscribeUnSubscribe found,content =null  

2025-03-28 11:11:57,938 WARN Tps point for RemoteNamingServiceSubscribeUnSubscribe registered, But tps control manager is no limit implementation.

2025-03-28 11:11:57,938 WARN Tps point for RemoteNamingInstanceRegisterDeregister registered, But tps control manager is no limit implementation.

2025-03-28 11:11:57,939 INFO No tps control rule of NamingInstanceUpdate found,content =null  

2025-03-28 11:11:57,940 WARN Tps point for NamingInstanceUpdate registered, But tps control manager is no limit implementation.

2025-03-28 11:11:57,940 WARN Tps point for ConfigQuery registered, But tps control manager is no limit implementation.

2025-03-28 11:11:57,940 INFO No tps control rule of NamingServiceListQuery found,content =null  

2025-03-28 11:11:57,941 WARN Tps point for NamingServiceListQuery registered, But tps control manager is no limit implementation.

2025-03-28 11:11:57,941 INFO No tps control rule of NamingInstanceDeregister found,content =null  

2025-03-28 11:11:57,941 WARN Tps point for NamingInstanceDeregister registered, But tps control manager is no limit implementation.

2025-03-28 11:11:57,941 INFO No tps control rule of NamingServiceSubscribe found,content =null  

2025-03-28 11:11:57,941 WARN Tps point for NamingServiceSubscribe registered, But tps control manager is no limit implementation.

2025-03-28 11:11:57,941 INFO No tps control rule of NamingInstanceMetadataUpdate found,content =null  

2025-03-28 11:11:57,941 WARN Tps point for NamingInstanceMetadataUpdate registered, But tps control manager is no limit implementation.

2025-03-28 11:11:57,942 WARN Tps point for ConfigPublish registered, But tps control manager is no limit implementation.

2025-03-28 11:11:57,942 INFO No tps control rule of HttpHealthCheck found,content =null  

2025-03-28 11:11:57,942 WARN Tps point for HttpHealthCheck registered, But tps control manager is no limit implementation.

2025-03-28 11:11:57,942 WARN Tps point for NamingInstanceDeregister registered, But tps control manager is no limit implementation.

2025-03-28 11:11:57,942 INFO No tps control rule of NamingInstanceQuery found,content =null  

2025-03-28 11:11:57,943 WARN Tps point for NamingInstanceQuery registered, But tps control manager is no limit implementation.

2025-03-28 11:11:57,943 WARN Tps point for NamingInstanceMetadataUpdate registered, But tps control manager is no limit implementation.

2025-03-28 11:11:57,943 INFO No tps control rule of NamingServiceUpdate found,content =null  

2025-03-28 11:11:57,943 WARN Tps point for NamingServiceUpdate registered, But tps control manager is no limit implementation.

2025-03-28 11:11:57,943 WARN Tps point for NamingServiceListQuery registered, But tps control manager is no limit implementation.

2025-03-28 11:11:57,944 INFO No tps control rule of NamingServiceRegister found,content =null  

2025-03-28 11:11:57,944 WARN Tps point for NamingServiceRegister registered, But tps control manager is no limit implementation.

2025-03-28 11:11:57,944 WARN Tps point for NamingInstanceQuery registered, But tps control manager is no limit implementation.

2025-03-28 11:11:57,944 WARN Tps point for NamingServiceSubscribe registered, But tps control manager is no limit implementation.

2025-03-28 11:11:57,944 INFO No tps control rule of NamingInstanceRegister found,content =null  

2025-03-28 11:11:57,944 WARN Tps point for NamingInstanceRegister registered, But tps control manager is no limit implementation.

2025-03-28 11:11:57,945 WARN Tps point for NamingInstanceMetadataUpdate registered, But tps control manager is no limit implementation.

2025-03-28 11:11:57,945 INFO No tps control rule of NamingServiceQuery found,content =null  

2025-03-28 11:11:57,945 WARN Tps point for NamingServiceQuery registered, But tps control manager is no limit implementation.

2025-03-28 11:11:57,945 INFO No tps control rule of NamingServiceDeregister found,content =null  

2025-03-28 11:11:57,945 WARN Tps point for NamingServiceDeregister registered, But tps control manager is no limit implementation.

2025-03-28 11:11:57,946 WARN Tps point for HttpHealthCheck registered, But tps control manager is no limit implementation.

2025-03-28 11:11:57,946 WARN Tps point for NamingServiceRegister registered, But tps control manager is no limit implementation.

2025-03-28 11:11:57,946 WARN Tps point for NamingServiceQuery registered, But tps control manager is no limit implementation.

2025-03-28 11:11:57,946 WARN Tps point for NamingInstanceRegister registered, But tps control manager is no limit implementation.

2025-03-28 11:11:57,946 WARN Tps point for NamingServiceUpdate registered, But tps control manager is no limit implementation.

2025-03-28 11:11:57,946 WARN Tps point for NamingServiceDeregister registered, But tps control manager is no limit implementation.

2025-03-28 11:11:57,947 WARN Tps point for NamingInstanceUpdate registered, But tps control manager is no limit implementation.

2025-03-28 11:11:57,947 WARN Tps point for NamingInstanceMetadataUpdate registered, But tps control manager is no limit implementation.

2025-03-28 11:20:38,601 INFO Not configure type of control plugin, no limit control for current node.

2025-03-28 11:20:38,603 INFO Load connection metrics collector,size=2,[com.alibaba.nacos.config.server.service.LongPollingConnectionMetricsCollector@239b0f9d, com.alibaba.nacos.core.remote.LongConnectionMetricsCollector@5b057c8c]

2025-03-28 11:20:38,604 INFO No connection rule content found ,use default empty rule 

2025-03-28 11:20:38,616 INFO No tps control rule of CONFIG_PUSH_COUNT found,content =null  

2025-03-28 11:20:38,616 WARN Tps point for CONFIG_PUSH_COUNT registered, But tps control manager is no limit implementation.

2025-03-28 11:20:38,616 INFO No tps control rule of CONFIG_PUSH_SUCCESS found,content =null  

2025-03-28 11:20:38,617 WARN Tps point for CONFIG_PUSH_SUCCESS registered, But tps control manager is no limit implementation.

2025-03-28 11:20:38,617 INFO No tps control rule of CONFIG_PUSH_FAIL found,content =null  

2025-03-28 11:20:38,617 WARN Tps point for CONFIG_PUSH_FAIL registered, But tps control manager is no limit implementation.

2025-03-28 11:20:42,796 INFO No tps control rule of ConfigQuery found,content =null  

2025-03-28 11:20:42,797 WARN Tps point for ConfigQuery registered, But tps control manager is no limit implementation.

2025-03-28 11:20:42,797 INFO No tps control rule of ClusterConfigChangeNotify found,content =null  

2025-03-28 11:20:42,797 WARN Tps point for ClusterConfigChangeNotify registered, But tps control manager is no limit implementation.

2025-03-28 11:20:42,804 INFO No tps control rule of ConfigListen found,content =null  

2025-03-28 11:20:42,804 WARN Tps point for ConfigListen registered, But tps control manager is no limit implementation.

2025-03-28 11:20:42,804 INFO No tps control rule of ConfigRemove found,content =null  

2025-03-28 11:20:42,805 WARN Tps point for ConfigRemove registered, But tps control manager is no limit implementation.

2025-03-28 11:20:42,805 INFO No tps control rule of ConfigPublish found,content =null  

2025-03-28 11:20:42,805 WARN Tps point for ConfigPublish registered, But tps control manager is no limit implementation.

2025-03-28 11:20:42,806 INFO No tps control rule of HealthCheck found,content =null  

2025-03-28 11:20:42,806 WARN Tps point for HealthCheck registered, But tps control manager is no limit implementation.

2025-03-28 11:20:42,807 INFO No tps control rule of RemoteNamingServiceQuery found,content =null  

2025-03-28 11:20:42,807 WARN Tps point for RemoteNamingServiceQuery registered, But tps control manager is no limit implementation.

2025-03-28 11:20:42,807 INFO No tps control rule of RemoteNamingInstanceBatchRegister found,content =null  

2025-03-28 11:20:42,808 WARN Tps point for RemoteNamingInstanceBatchRegister registered, But tps control manager is no limit implementation.

2025-03-28 11:20:42,808 INFO No tps control rule of RemoteNamingInstanceRegisterDeregister found,content =null  

2025-03-28 11:20:42,808 WARN Tps point for RemoteNamingInstanceRegisterDeregister registered, But tps control manager is no limit implementation.

2025-03-28 11:20:42,808 INFO No tps control rule of RemoteNamingServiceListQuery found,content =null  

2025-03-28 11:20:42,808 WARN Tps point for RemoteNamingServiceListQuery registered, But tps control manager is no limit implementation.

2025-03-28 11:20:42,809 INFO No tps control rule of RemoteNamingServiceSubscribeUnSubscribe found,content =null  

2025-03-28 11:20:42,809 WARN Tps point for RemoteNamingServiceSubscribeUnSubscribe registered, But tps control manager is no limit implementation.

2025-03-28 11:20:42,809 WARN Tps point for RemoteNamingInstanceRegisterDeregister registered, But tps control manager is no limit implementation.

2025-03-28 11:20:42,810 INFO No tps control rule of NamingServiceQuery found,content =null  

2025-03-28 11:20:42,810 WARN Tps point for NamingServiceQuery registered, But tps control manager is no limit implementation.

2025-03-28 11:20:42,810 INFO No tps control rule of NamingInstanceUpdate found,content =null  

2025-03-28 11:20:42,810 WARN Tps point for NamingInstanceUpdate registered, But tps control manager is no limit implementation.

2025-03-28 11:20:42,811 INFO No tps control rule of NamingInstanceMetadataUpdate found,content =null  

2025-03-28 11:20:42,811 WARN Tps point for NamingInstanceMetadataUpdate registered, But tps control manager is no limit implementation.

2025-03-28 11:20:42,811 INFO No tps control rule of HttpHealthCheck found,content =null  

2025-03-28 11:20:42,811 WARN Tps point for HttpHealthCheck registered, But tps control manager is no limit implementation.

2025-03-28 11:20:42,811 WARN Tps point for NamingInstanceUpdate registered, But tps control manager is no limit implementation.

2025-03-28 11:20:42,811 INFO No tps control rule of NamingInstanceRegister found,content =null  

2025-03-28 11:20:42,812 WARN Tps point for NamingInstanceRegister registered, But tps control manager is no limit implementation.

2025-03-28 11:20:42,812 INFO No tps control rule of NamingServiceSubscribe found,content =null  

2025-03-28 11:20:42,812 WARN Tps point for NamingServiceSubscribe registered, But tps control manager is no limit implementation.

2025-03-28 11:20:42,812 WARN Tps point for NamingServiceQuery registered, But tps control manager is no limit implementation.

2025-03-28 11:20:42,812 WARN Tps point for NamingInstanceMetadataUpdate registered, But tps control manager is no limit implementation.

2025-03-28 11:20:42,812 WARN Tps point for NamingInstanceMetadataUpdate registered, But tps control manager is no limit implementation.

2025-03-28 11:20:42,812 INFO No tps control rule of NamingServiceRegister found,content =null  

2025-03-28 11:20:42,812 WARN Tps point for NamingServiceRegister registered, But tps control manager is no limit implementation.

2025-03-28 11:20:42,812 INFO No tps control rule of NamingInstanceDeregister found,content =null  

2025-03-28 11:20:42,813 WARN Tps point for NamingInstanceDeregister registered, But tps control manager is no limit implementation.

2025-03-28 11:20:42,813 WARN Tps point for NamingServiceSubscribe registered, But tps control manager is no limit implementation.

2025-03-28 11:20:42,813 WARN Tps point for NamingServiceRegister registered, But tps control manager is no limit implementation.

2025-03-28 11:20:42,813 WARN Tps point for NamingInstanceMetadataUpdate registered, But tps control manager is no limit implementation.

2025-03-28 11:20:42,813 INFO No tps control rule of NamingServiceDeregister found,content =null  

2025-03-28 11:20:42,813 WARN Tps point for NamingServiceDeregister registered, But tps control manager is no limit implementation.

2025-03-28 11:20:42,814 INFO No tps control rule of NamingServiceUpdate found,content =null  

2025-03-28 11:20:42,814 WARN Tps point for NamingServiceUpdate registered, But tps control manager is no limit implementation.

2025-03-28 11:20:42,814 INFO No tps control rule of NamingServiceListQuery found,content =null  

2025-03-28 11:20:42,814 WARN Tps point for NamingServiceListQuery registered, But tps control manager is no limit implementation.

2025-03-28 11:20:42,814 INFO No tps control rule of NamingInstanceQuery found,content =null  

2025-03-28 11:20:42,814 WARN Tps point for NamingInstanceQuery registered, But tps control manager is no limit implementation.

2025-03-28 11:20:42,815 WARN Tps point for NamingInstanceDeregister registered, But tps control manager is no limit implementation.

2025-03-28 11:20:42,815 WARN Tps point for ConfigQuery registered, But tps control manager is no limit implementation.

2025-03-28 11:20:42,815 WARN Tps point for NamingInstanceQuery registered, But tps control manager is no limit implementation.

2025-03-28 11:20:42,815 WARN Tps point for NamingInstanceRegister registered, But tps control manager is no limit implementation.

2025-03-28 11:20:42,815 WARN Tps point for ConfigPublish registered, But tps control manager is no limit implementation.

2025-03-28 11:20:42,815 WARN Tps point for NamingServiceDeregister registered, But tps control manager is no limit implementation.

2025-03-28 11:20:42,815 WARN Tps point for NamingServiceListQuery registered, But tps control manager is no limit implementation.

2025-03-28 11:20:42,816 WARN Tps point for NamingServiceUpdate registered, But tps control manager is no limit implementation.

2025-03-28 11:20:42,816 WARN Tps point for HttpHealthCheck registered, But tps control manager is no limit implementation.

2025-03-28 13:56:47,891 INFO No tps control rule of NAMING_RPC_PUSH found,content =null  

2025-03-28 13:56:47,891 WARN Tps point for NAMING_RPC_PUSH registered, But tps control manager is no limit implementation.

2025-03-28 13:56:47,891 INFO No tps control rule of NAMING_RPC_PUSH_SUCCESS found,content =null  

2025-03-28 13:56:47,891 WARN Tps point for NAMING_RPC_PUSH_SUCCESS registered, But tps control manager is no limit implementation.

2025-03-28 13:56:47,892 INFO No tps control rule of NAMING_RPC_PUSH_FAIL found,content =null  

2025-03-28 13:56:47,892 WARN Tps point for NAMING_RPC_PUSH_FAIL registered, But tps control manager is no limit implementation.

2025-03-28 13:56:47,892 INFO No tps control rule of NAMING_UDP_PUSH found,content =null  

2025-03-28 13:56:47,892 WARN Tps point for NAMING_UDP_PUSH registered, But tps control manager is no limit implementation.

2025-03-28 13:56:47,892 INFO No tps control rule of NAMING_UDP_PUSH_SUCCESS found,content =null  

2025-03-28 13:56:47,892 WARN Tps point for NAMING_UDP_PUSH_SUCCESS registered, But tps control manager is no limit implementation.

2025-03-28 13:56:47,892 INFO No tps control rule of NAMING_UDP_PUSH_FAIL found,content =null  

2025-03-28 13:56:47,892 WARN Tps point for NAMING_UDP_PUSH_FAIL registered, But tps control manager is no limit implementation.

2025-03-28 13:56:47,893 INFO No tps control rule of NAMING_DISTRO_SYNC found,content =null  

2025-03-28 13:56:47,893 WARN Tps point for NAMING_DISTRO_SYNC registered, But tps control manager is no limit implementation.

2025-03-28 13:56:47,893 INFO No tps control rule of NAMING_DISTRO_SYNC_SUCCESS found,content =null  

2025-03-28 13:56:47,893 WARN Tps point for NAMING_DISTRO_SYNC_SUCCESS registered, But tps control manager is no limit implementation.

2025-03-28 13:56:47,893 INFO No tps control rule of NAMING_DISTRO_SYNC_FAIL found,content =null  

2025-03-28 13:56:47,893 WARN Tps point for NAMING_DISTRO_SYNC_FAIL registered, But tps control manager is no limit implementation.

2025-03-28 13:56:47,893 INFO No tps control rule of NAMING_DISTRO_VERIFY found,content =null  

2025-03-28 13:56:47,893 WARN Tps point for NAMING_DISTRO_VERIFY registered, But tps control manager is no limit implementation.

2025-03-28 13:56:47,894 INFO No tps control rule of NAMING_DISTRO_VERIFY_SUCCESS found,content =null  

2025-03-28 13:56:47,894 WARN Tps point for NAMING_DISTRO_VERIFY_SUCCESS registered, But tps control manager is no limit implementation.

2025-03-28 13:56:47,894 INFO No tps control rule of NAMING_DISTRO_VERIFY_FAIL found,content =null  

2025-03-28 13:56:47,894 WARN Tps point for NAMING_DISTRO_VERIFY_FAIL registered, But tps control manager is no limit implementation.

2025-03-28 18:04:12,163 INFO Not configure type of control plugin, no limit control for current node.

2025-03-28 18:04:12,166 INFO Load connection metrics collector,size=2,[com.alibaba.nacos.config.server.service.LongPollingConnectionMetricsCollector@5b11a194, com.alibaba.nacos.core.remote.LongConnectionMetricsCollector@60f7cc1d]

2025-03-28 18:04:12,167 INFO No connection rule content found ,use default empty rule 

2025-03-28 18:04:12,180 INFO No tps control rule of CONFIG_PUSH_COUNT found,content =null  

2025-03-28 18:04:12,181 WARN Tps point for CONFIG_PUSH_COUNT registered, But tps control manager is no limit implementation.

2025-03-28 18:04:12,181 INFO No tps control rule of CONFIG_PUSH_SUCCESS found,content =null  

2025-03-28 18:04:12,181 WARN Tps point for CONFIG_PUSH_SUCCESS registered, But tps control manager is no limit implementation.

2025-03-28 18:04:12,182 INFO No tps control rule of CONFIG_PUSH_FAIL found,content =null  

2025-03-28 18:04:12,182 WARN Tps point for CONFIG_PUSH_FAIL registered, But tps control manager is no limit implementation.

2025-03-28 18:04:16,719 INFO No tps control rule of ConfigQuery found,content =null  

2025-03-28 18:04:16,720 WARN Tps point for ConfigQuery registered, But tps control manager is no limit implementation.

2025-03-28 18:04:16,720 INFO No tps control rule of ClusterConfigChangeNotify found,content =null  

2025-03-28 18:04:16,720 WARN Tps point for ClusterConfigChangeNotify registered, But tps control manager is no limit implementation.

2025-03-28 18:04:16,732 INFO No tps control rule of ConfigListen found,content =null  

2025-03-28 18:04:16,733 WARN Tps point for ConfigListen registered, But tps control manager is no limit implementation.

2025-03-28 18:04:16,733 INFO No tps control rule of ConfigRemove found,content =null  

2025-03-28 18:04:16,734 WARN Tps point for ConfigRemove registered, But tps control manager is no limit implementation.

2025-03-28 18:04:16,734 INFO No tps control rule of ConfigPublish found,content =null  

2025-03-28 18:04:16,734 WARN Tps point for ConfigPublish registered, But tps control manager is no limit implementation.

2025-03-28 18:04:16,734 INFO No tps control rule of HealthCheck found,content =null  

2025-03-28 18:04:16,734 WARN Tps point for HealthCheck registered, But tps control manager is no limit implementation.

2025-03-28 18:04:16,735 INFO No tps control rule of RemoteNamingServiceQuery found,content =null  

2025-03-28 18:04:16,735 WARN Tps point for RemoteNamingServiceQuery registered, But tps control manager is no limit implementation.

2025-03-28 18:04:16,735 INFO No tps control rule of RemoteNamingInstanceBatchRegister found,content =null  

2025-03-28 18:04:16,736 WARN Tps point for RemoteNamingInstanceBatchRegister registered, But tps control manager is no limit implementation.

2025-03-28 18:04:16,736 INFO No tps control rule of RemoteNamingInstanceRegisterDeregister found,content =null  

2025-03-28 18:04:16,736 WARN Tps point for RemoteNamingInstanceRegisterDeregister registered, But tps control manager is no limit implementation.

2025-03-28 18:04:16,736 INFO No tps control rule of RemoteNamingServiceListQuery found,content =null  

2025-03-28 18:04:16,737 WARN Tps point for RemoteNamingServiceListQuery registered, But tps control manager is no limit implementation.

2025-03-28 18:04:16,737 INFO No tps control rule of RemoteNamingServiceSubscribeUnSubscribe found,content =null  

2025-03-28 18:04:16,737 WARN Tps point for RemoteNamingServiceSubscribeUnSubscribe registered, But tps control manager is no limit implementation.

2025-03-28 18:04:16,737 WARN Tps point for RemoteNamingInstanceRegisterDeregister registered, But tps control manager is no limit implementation.

2025-03-28 18:04:16,738 INFO No tps control rule of NamingServiceListQuery found,content =null  

2025-03-28 18:04:16,739 WARN Tps point for NamingServiceListQuery registered, But tps control manager is no limit implementation.

2025-03-28 18:04:16,739 INFO No tps control rule of NamingInstanceDeregister found,content =null  

2025-03-28 18:04:16,739 WARN Tps point for NamingInstanceDeregister registered, But tps control manager is no limit implementation.

2025-03-28 18:04:16,740 INFO No tps control rule of NamingInstanceRegister found,content =null  

2025-03-28 18:04:16,740 WARN Tps point for NamingInstanceRegister registered, But tps control manager is no limit implementation.

2025-03-28 18:04:16,740 INFO No tps control rule of NamingServiceDeregister found,content =null  

2025-03-28 18:04:16,741 WARN Tps point for NamingServiceDeregister registered, But tps control manager is no limit implementation.

2025-03-28 18:04:16,741 INFO No tps control rule of NamingInstanceUpdate found,content =null  

2025-03-28 18:04:16,741 WARN Tps point for NamingInstanceUpdate registered, But tps control manager is no limit implementation.

2025-03-28 18:04:16,742 INFO No tps control rule of NamingInstanceMetadataUpdate found,content =null  

2025-03-28 18:04:16,742 WARN Tps point for NamingInstanceMetadataUpdate registered, But tps control manager is no limit implementation.

2025-03-28 18:04:16,742 WARN Tps point for NamingInstanceMetadataUpdate registered, But tps control manager is no limit implementation.

2025-03-28 18:04:16,743 WARN Tps point for NamingInstanceRegister registered, But tps control manager is no limit implementation.

2025-03-28 18:04:16,743 INFO No tps control rule of NamingInstanceQuery found,content =null  

2025-03-28 18:04:16,743 WARN Tps point for NamingInstanceQuery registered, But tps control manager is no limit implementation.

2025-03-28 18:04:16,744 WARN Tps point for NamingInstanceUpdate registered, But tps control manager is no limit implementation.

2025-03-28 18:04:16,744 INFO No tps control rule of NamingServiceQuery found,content =null  

2025-03-28 18:04:16,744 WARN Tps point for NamingServiceQuery registered, But tps control manager is no limit implementation.

2025-03-28 18:04:16,744 WARN Tps point for ConfigPublish registered, But tps control manager is no limit implementation.

2025-03-28 18:04:16,745 INFO No tps control rule of NamingServiceSubscribe found,content =null  

2025-03-28 18:04:16,745 WARN Tps point for NamingServiceSubscribe registered, But tps control manager is no limit implementation.

2025-03-28 18:04:16,745 WARN Tps point for NamingInstanceMetadataUpdate registered, But tps control manager is no limit implementation.

2025-03-28 18:04:16,746 WARN Tps point for NamingServiceQuery registered, But tps control manager is no limit implementation.

2025-03-28 18:04:16,746 WARN Tps point for NamingServiceSubscribe registered, But tps control manager is no limit implementation.

2025-03-28 18:04:16,746 INFO No tps control rule of HttpHealthCheck found,content =null  

2025-03-28 18:04:16,747 WARN Tps point for HttpHealthCheck registered, But tps control manager is no limit implementation.

2025-03-28 18:04:16,747 INFO No tps control rule of NamingServiceUpdate found,content =null  

2025-03-28 18:04:16,747 WARN Tps point for NamingServiceUpdate registered, But tps control manager is no limit implementation.

2025-03-28 18:04:16,747 WARN Tps point for NamingInstanceMetadataUpdate registered, But tps control manager is no limit implementation.

2025-03-28 18:04:16,748 INFO No tps control rule of NamingServiceRegister found,content =null  

2025-03-28 18:04:16,748 WARN Tps point for NamingServiceRegister registered, But tps control manager is no limit implementation.

2025-03-28 18:04:16,749 WARN Tps point for NamingServiceDeregister registered, But tps control manager is no limit implementation.

2025-03-28 18:04:16,749 WARN Tps point for NamingInstanceDeregister registered, But tps control manager is no limit implementation.

2025-03-28 18:04:16,749 WARN Tps point for HttpHealthCheck registered, But tps control manager is no limit implementation.

2025-03-28 18:04:16,749 WARN Tps point for NamingInstanceQuery registered, But tps control manager is no limit implementation.

2025-03-28 18:04:16,749 WARN Tps point for NamingServiceRegister registered, But tps control manager is no limit implementation.

2025-03-28 18:04:16,750 WARN Tps point for NamingServiceListQuery registered, But tps control manager is no limit implementation.

2025-03-28 18:04:16,750 WARN Tps point for ConfigQuery registered, But tps control manager is no limit implementation.

2025-03-28 18:04:16,750 WARN Tps point for NamingServiceUpdate registered, But tps control manager is no limit implementation.

