2025-03-28 11:07:44,690 ERROR [TASK-FAILED] java.lang.InterruptedException

java.lang.InterruptedException: null
	at java.util.concurrent.locks.AbstractQueuedSynchronizer$ConditionObject.reportInterruptAfterWait(AbstractQueuedSynchronizer.java:2014)
	at java.util.concurrent.locks.AbstractQueuedSynchronizer$ConditionObject.await(AbstractQueuedSynchronizer.java:2048)
	at java.util.concurrent.ArrayBlockingQueue.take(ArrayBlockingQueue.java:403)
	at com.alibaba.nacos.common.task.engine.TaskExecuteWorker$InnerWorker.run(TaskExecuteWorker.java:118)
2025-03-28 11:07:44,690 ERROR [TASK-FAILED] java.lang.InterruptedException

java.lang.InterruptedException: null
	at java.util.concurrent.locks.AbstractQueuedSynchronizer$ConditionObject.reportInterruptAfterWait(AbstractQueuedSynchronizer.java:2014)
	at java.util.concurrent.locks.AbstractQueuedSynchronizer$ConditionObject.await(AbstractQueuedSynchronizer.java:2048)
	at java.util.concurrent.ArrayBlockingQueue.take(ArrayBlockingQueue.java:403)
	at com.alibaba.nacos.common.task.engine.TaskExecuteWorker$InnerWorker.run(TaskExecuteWorker.java:118)
2025-03-28 11:07:44,690 ERROR [TASK-FAILED] java.lang.InterruptedException

java.lang.InterruptedException: null
	at java.util.concurrent.locks.AbstractQueuedSynchronizer$ConditionObject.reportInterruptAfterWait(AbstractQueuedSynchronizer.java:2014)
	at java.util.concurrent.locks.AbstractQueuedSynchronizer$ConditionObject.await(AbstractQueuedSynchronizer.java:2048)
	at java.util.concurrent.ArrayBlockingQueue.take(ArrayBlockingQueue.java:403)
	at com.alibaba.nacos.common.task.engine.TaskExecuteWorker$InnerWorker.run(TaskExecuteWorker.java:118)
2025-03-28 11:07:44,690 ERROR [TASK-FAILED] java.lang.InterruptedException

java.lang.InterruptedException: null
	at java.util.concurrent.locks.AbstractQueuedSynchronizer$ConditionObject.reportInterruptAfterWait(AbstractQueuedSynchronizer.java:2014)
	at java.util.concurrent.locks.AbstractQueuedSynchronizer$ConditionObject.await(AbstractQueuedSynchronizer.java:2048)
	at java.util.concurrent.ArrayBlockingQueue.take(ArrayBlockingQueue.java:403)
	at com.alibaba.nacos.common.task.engine.TaskExecuteWorker$InnerWorker.run(TaskExecuteWorker.java:118)
2025-03-28 11:07:44,690 ERROR [TASK-FAILED] java.lang.InterruptedException

java.lang.InterruptedException: null
	at java.util.concurrent.locks.AbstractQueuedSynchronizer$ConditionObject.reportInterruptAfterWait(AbstractQueuedSynchronizer.java:2014)
	at java.util.concurrent.locks.AbstractQueuedSynchronizer$ConditionObject.await(AbstractQueuedSynchronizer.java:2048)
	at java.util.concurrent.ArrayBlockingQueue.take(ArrayBlockingQueue.java:403)
	at com.alibaba.nacos.common.task.engine.TaskExecuteWorker$InnerWorker.run(TaskExecuteWorker.java:118)
2025-03-28 11:07:44,691 ERROR [TASK-FAILED] java.lang.InterruptedException

java.lang.InterruptedException: null
	at java.util.concurrent.locks.AbstractQueuedSynchronizer$ConditionObject.reportInterruptAfterWait(AbstractQueuedSynchronizer.java:2014)
	at java.util.concurrent.locks.AbstractQueuedSynchronizer$ConditionObject.await(AbstractQueuedSynchronizer.java:2048)
	at java.util.concurrent.ArrayBlockingQueue.take(ArrayBlockingQueue.java:403)
	at com.alibaba.nacos.common.task.engine.TaskExecuteWorker$InnerWorker.run(TaskExecuteWorker.java:118)
2025-03-28 11:07:44,690 ERROR [TASK-FAILED] java.lang.InterruptedException

java.lang.InterruptedException: null
	at java.util.concurrent.locks.AbstractQueuedSynchronizer$ConditionObject.reportInterruptAfterWait(AbstractQueuedSynchronizer.java:2014)
	at java.util.concurrent.locks.AbstractQueuedSynchronizer$ConditionObject.await(AbstractQueuedSynchronizer.java:2048)
	at java.util.concurrent.ArrayBlockingQueue.take(ArrayBlockingQueue.java:403)
	at com.alibaba.nacos.common.task.engine.TaskExecuteWorker$InnerWorker.run(TaskExecuteWorker.java:118)
2025-03-28 11:07:44,691 ERROR [TASK-FAILED] java.lang.InterruptedException

java.lang.InterruptedException: null
	at java.util.concurrent.locks.AbstractQueuedSynchronizer$ConditionObject.reportInterruptAfterWait(AbstractQueuedSynchronizer.java:2014)
	at java.util.concurrent.locks.AbstractQueuedSynchronizer$ConditionObject.await(AbstractQueuedSynchronizer.java:2048)
	at java.util.concurrent.ArrayBlockingQueue.take(ArrayBlockingQueue.java:403)
	at com.alibaba.nacos.common.task.engine.TaskExecuteWorker$InnerWorker.run(TaskExecuteWorker.java:118)
2025-03-28 11:07:44,691 ERROR [TASK-FAILED] java.lang.InterruptedException

java.lang.InterruptedException: null
	at java.util.concurrent.locks.AbstractQueuedSynchronizer$ConditionObject.reportInterruptAfterWait(AbstractQueuedSynchronizer.java:2014)
	at java.util.concurrent.locks.AbstractQueuedSynchronizer$ConditionObject.await(AbstractQueuedSynchronizer.java:2048)
	at java.util.concurrent.ArrayBlockingQueue.take(ArrayBlockingQueue.java:403)
	at com.alibaba.nacos.common.task.engine.TaskExecuteWorker$InnerWorker.run(TaskExecuteWorker.java:118)
2025-03-28 11:07:44,689 ERROR [TASK-FAILED] java.lang.InterruptedException

java.lang.InterruptedException: null
	at java.util.concurrent.locks.AbstractQueuedSynchronizer$ConditionObject.reportInterruptAfterWait(AbstractQueuedSynchronizer.java:2014)
	at java.util.concurrent.locks.AbstractQueuedSynchronizer$ConditionObject.await(AbstractQueuedSynchronizer.java:2048)
	at java.util.concurrent.ArrayBlockingQueue.take(ArrayBlockingQueue.java:403)
	at com.alibaba.nacos.common.task.engine.TaskExecuteWorker$InnerWorker.run(TaskExecuteWorker.java:118)
2025-03-28 11:07:44,691 ERROR [TASK-FAILED] java.lang.InterruptedException

java.lang.InterruptedException: null
	at java.util.concurrent.locks.AbstractQueuedSynchronizer$ConditionObject.reportInterruptAfterWait(AbstractQueuedSynchronizer.java:2014)
	at java.util.concurrent.locks.AbstractQueuedSynchronizer$ConditionObject.await(AbstractQueuedSynchronizer.java:2048)
	at java.util.concurrent.ArrayBlockingQueue.take(ArrayBlockingQueue.java:403)
	at com.alibaba.nacos.common.task.engine.TaskExecuteWorker$InnerWorker.run(TaskExecuteWorker.java:118)
2025-03-28 11:07:44,691 ERROR [TASK-FAILED] java.lang.InterruptedException

java.lang.InterruptedException: null
	at java.util.concurrent.locks.AbstractQueuedSynchronizer$ConditionObject.reportInterruptAfterWait(AbstractQueuedSynchronizer.java:2014)
	at java.util.concurrent.locks.AbstractQueuedSynchronizer$ConditionObject.await(AbstractQueuedSynchronizer.java:2048)
	at java.util.concurrent.ArrayBlockingQueue.take(ArrayBlockingQueue.java:403)
	at com.alibaba.nacos.common.task.engine.TaskExecuteWorker$InnerWorker.run(TaskExecuteWorker.java:118)
2025-03-28 11:07:44,691 ERROR [TASK-FAILED] java.lang.InterruptedException

java.lang.InterruptedException: null
	at java.util.concurrent.locks.AbstractQueuedSynchronizer$ConditionObject.reportInterruptAfterWait(AbstractQueuedSynchronizer.java:2014)
	at java.util.concurrent.locks.AbstractQueuedSynchronizer$ConditionObject.await(AbstractQueuedSynchronizer.java:2048)
	at java.util.concurrent.ArrayBlockingQueue.take(ArrayBlockingQueue.java:403)
	at com.alibaba.nacos.common.task.engine.TaskExecuteWorker$InnerWorker.run(TaskExecuteWorker.java:118)
2025-03-28 11:07:44,691 ERROR [TASK-FAILED] java.lang.InterruptedException

java.lang.InterruptedException: null
	at java.util.concurrent.locks.AbstractQueuedSynchronizer$ConditionObject.reportInterruptAfterWait(AbstractQueuedSynchronizer.java:2014)
	at java.util.concurrent.locks.AbstractQueuedSynchronizer$ConditionObject.await(AbstractQueuedSynchronizer.java:2048)
	at java.util.concurrent.ArrayBlockingQueue.take(ArrayBlockingQueue.java:403)
	at com.alibaba.nacos.common.task.engine.TaskExecuteWorker$InnerWorker.run(TaskExecuteWorker.java:118)
2025-03-28 11:07:44,691 ERROR [TASK-FAILED] java.lang.InterruptedException

java.lang.InterruptedException: null
	at java.util.concurrent.locks.AbstractQueuedSynchronizer$ConditionObject.reportInterruptAfterWait(AbstractQueuedSynchronizer.java:2014)
	at java.util.concurrent.locks.AbstractQueuedSynchronizer$ConditionObject.await(AbstractQueuedSynchronizer.java:2048)
	at java.util.concurrent.ArrayBlockingQueue.take(ArrayBlockingQueue.java:403)
	at com.alibaba.nacos.common.task.engine.TaskExecuteWorker$InnerWorker.run(TaskExecuteWorker.java:118)
2025-03-28 11:07:44,691 ERROR [TASK-FAILED] java.lang.InterruptedException

java.lang.InterruptedException: null
	at java.util.concurrent.locks.AbstractQueuedSynchronizer$ConditionObject.reportInterruptAfterWait(AbstractQueuedSynchronizer.java:2014)
	at java.util.concurrent.locks.AbstractQueuedSynchronizer$ConditionObject.await(AbstractQueuedSynchronizer.java:2048)
	at java.util.concurrent.ArrayBlockingQueue.take(ArrayBlockingQueue.java:403)
	at com.alibaba.nacos.common.task.engine.TaskExecuteWorker$InnerWorker.run(TaskExecuteWorker.java:118)
2025-03-28 11:09:32,423 ERROR [TASK-FAILED] java.lang.InterruptedException

java.lang.InterruptedException: null
	at java.util.concurrent.locks.AbstractQueuedSynchronizer$ConditionObject.reportInterruptAfterWait(AbstractQueuedSynchronizer.java:2014)
	at java.util.concurrent.locks.AbstractQueuedSynchronizer$ConditionObject.await(AbstractQueuedSynchronizer.java:2048)
	at java.util.concurrent.ArrayBlockingQueue.take(ArrayBlockingQueue.java:403)
	at com.alibaba.nacos.common.task.engine.TaskExecuteWorker$InnerWorker.run(TaskExecuteWorker.java:118)
2025-03-28 11:09:32,423 ERROR [TASK-FAILED] java.lang.InterruptedException

java.lang.InterruptedException: null
	at java.util.concurrent.locks.AbstractQueuedSynchronizer$ConditionObject.reportInterruptAfterWait(AbstractQueuedSynchronizer.java:2014)
	at java.util.concurrent.locks.AbstractQueuedSynchronizer$ConditionObject.await(AbstractQueuedSynchronizer.java:2048)
	at java.util.concurrent.ArrayBlockingQueue.take(ArrayBlockingQueue.java:403)
	at com.alibaba.nacos.common.task.engine.TaskExecuteWorker$InnerWorker.run(TaskExecuteWorker.java:118)
2025-03-28 11:09:32,423 ERROR [TASK-FAILED] java.lang.InterruptedException

java.lang.InterruptedException: null
	at java.util.concurrent.locks.AbstractQueuedSynchronizer$ConditionObject.reportInterruptAfterWait(AbstractQueuedSynchronizer.java:2014)
	at java.util.concurrent.locks.AbstractQueuedSynchronizer$ConditionObject.await(AbstractQueuedSynchronizer.java:2048)
	at java.util.concurrent.ArrayBlockingQueue.take(ArrayBlockingQueue.java:403)
	at com.alibaba.nacos.common.task.engine.TaskExecuteWorker$InnerWorker.run(TaskExecuteWorker.java:118)
2025-03-28 11:09:32,422 ERROR [TASK-FAILED] java.lang.InterruptedException

java.lang.InterruptedException: null
	at java.util.concurrent.locks.AbstractQueuedSynchronizer$ConditionObject.reportInterruptAfterWait(AbstractQueuedSynchronizer.java:2014)
	at java.util.concurrent.locks.AbstractQueuedSynchronizer$ConditionObject.await(AbstractQueuedSynchronizer.java:2048)
	at java.util.concurrent.ArrayBlockingQueue.take(ArrayBlockingQueue.java:403)
	at com.alibaba.nacos.common.task.engine.TaskExecuteWorker$InnerWorker.run(TaskExecuteWorker.java:118)
2025-03-28 11:09:32,422 ERROR [TASK-FAILED] java.lang.InterruptedException

java.lang.InterruptedException: null
	at java.util.concurrent.locks.AbstractQueuedSynchronizer$ConditionObject.reportInterruptAfterWait(AbstractQueuedSynchronizer.java:2014)
	at java.util.concurrent.locks.AbstractQueuedSynchronizer$ConditionObject.await(AbstractQueuedSynchronizer.java:2048)
	at java.util.concurrent.ArrayBlockingQueue.take(ArrayBlockingQueue.java:403)
	at com.alibaba.nacos.common.task.engine.TaskExecuteWorker$InnerWorker.run(TaskExecuteWorker.java:118)
2025-03-28 11:09:32,423 ERROR [TASK-FAILED] java.lang.InterruptedException

java.lang.InterruptedException: null
	at java.util.concurrent.locks.AbstractQueuedSynchronizer$ConditionObject.reportInterruptAfterWait(AbstractQueuedSynchronizer.java:2014)
	at java.util.concurrent.locks.AbstractQueuedSynchronizer$ConditionObject.await(AbstractQueuedSynchronizer.java:2048)
	at java.util.concurrent.ArrayBlockingQueue.take(ArrayBlockingQueue.java:403)
	at com.alibaba.nacos.common.task.engine.TaskExecuteWorker$InnerWorker.run(TaskExecuteWorker.java:118)
2025-03-28 11:09:32,423 ERROR [TASK-FAILED] java.lang.InterruptedException

java.lang.InterruptedException: null
	at java.util.concurrent.locks.AbstractQueuedSynchronizer$ConditionObject.reportInterruptAfterWait(AbstractQueuedSynchronizer.java:2014)
	at java.util.concurrent.locks.AbstractQueuedSynchronizer$ConditionObject.await(AbstractQueuedSynchronizer.java:2048)
	at java.util.concurrent.ArrayBlockingQueue.take(ArrayBlockingQueue.java:403)
	at com.alibaba.nacos.common.task.engine.TaskExecuteWorker$InnerWorker.run(TaskExecuteWorker.java:118)
2025-03-28 11:09:32,423 ERROR [TASK-FAILED] java.lang.InterruptedException

java.lang.InterruptedException: null
	at java.util.concurrent.locks.AbstractQueuedSynchronizer$ConditionObject.reportInterruptAfterWait(AbstractQueuedSynchronizer.java:2014)
	at java.util.concurrent.locks.AbstractQueuedSynchronizer$ConditionObject.await(AbstractQueuedSynchronizer.java:2048)
	at java.util.concurrent.ArrayBlockingQueue.take(ArrayBlockingQueue.java:403)
	at com.alibaba.nacos.common.task.engine.TaskExecuteWorker$InnerWorker.run(TaskExecuteWorker.java:118)
2025-03-28 11:09:32,423 ERROR [TASK-FAILED] java.lang.InterruptedException

java.lang.InterruptedException: null
	at java.util.concurrent.locks.AbstractQueuedSynchronizer$ConditionObject.reportInterruptAfterWait(AbstractQueuedSynchronizer.java:2014)
	at java.util.concurrent.locks.AbstractQueuedSynchronizer$ConditionObject.await(AbstractQueuedSynchronizer.java:2048)
	at java.util.concurrent.ArrayBlockingQueue.take(ArrayBlockingQueue.java:403)
	at com.alibaba.nacos.common.task.engine.TaskExecuteWorker$InnerWorker.run(TaskExecuteWorker.java:118)
2025-03-28 11:09:32,422 ERROR [TASK-FAILED] java.lang.InterruptedException

java.lang.InterruptedException: null
	at java.util.concurrent.locks.AbstractQueuedSynchronizer$ConditionObject.reportInterruptAfterWait(AbstractQueuedSynchronizer.java:2014)
	at java.util.concurrent.locks.AbstractQueuedSynchronizer$ConditionObject.await(AbstractQueuedSynchronizer.java:2048)
	at java.util.concurrent.ArrayBlockingQueue.take(ArrayBlockingQueue.java:403)
	at com.alibaba.nacos.common.task.engine.TaskExecuteWorker$InnerWorker.run(TaskExecuteWorker.java:118)
2025-03-28 11:09:32,423 ERROR [TASK-FAILED] java.lang.InterruptedException

java.lang.InterruptedException: null
	at java.util.concurrent.locks.AbstractQueuedSynchronizer$ConditionObject.reportInterruptAfterWait(AbstractQueuedSynchronizer.java:2014)
	at java.util.concurrent.locks.AbstractQueuedSynchronizer$ConditionObject.await(AbstractQueuedSynchronizer.java:2048)
	at java.util.concurrent.ArrayBlockingQueue.take(ArrayBlockingQueue.java:403)
	at com.alibaba.nacos.common.task.engine.TaskExecuteWorker$InnerWorker.run(TaskExecuteWorker.java:118)
2025-03-28 11:09:32,423 ERROR [TASK-FAILED] java.lang.InterruptedException

java.lang.InterruptedException: null
	at java.util.concurrent.locks.AbstractQueuedSynchronizer$ConditionObject.reportInterruptAfterWait(AbstractQueuedSynchronizer.java:2014)
	at java.util.concurrent.locks.AbstractQueuedSynchronizer$ConditionObject.await(AbstractQueuedSynchronizer.java:2048)
	at java.util.concurrent.ArrayBlockingQueue.take(ArrayBlockingQueue.java:403)
	at com.alibaba.nacos.common.task.engine.TaskExecuteWorker$InnerWorker.run(TaskExecuteWorker.java:118)
2025-03-28 11:09:32,422 ERROR [TASK-FAILED] java.lang.InterruptedException

java.lang.InterruptedException: null
	at java.util.concurrent.locks.AbstractQueuedSynchronizer$ConditionObject.reportInterruptAfterWait(AbstractQueuedSynchronizer.java:2014)
	at java.util.concurrent.locks.AbstractQueuedSynchronizer$ConditionObject.await(AbstractQueuedSynchronizer.java:2048)
	at java.util.concurrent.ArrayBlockingQueue.take(ArrayBlockingQueue.java:403)
	at com.alibaba.nacos.common.task.engine.TaskExecuteWorker$InnerWorker.run(TaskExecuteWorker.java:118)
2025-03-28 11:09:32,422 ERROR [TASK-FAILED] java.lang.InterruptedException

java.lang.InterruptedException: null
	at java.util.concurrent.locks.AbstractQueuedSynchronizer$ConditionObject.reportInterruptAfterWait(AbstractQueuedSynchronizer.java:2014)
	at java.util.concurrent.locks.AbstractQueuedSynchronizer$ConditionObject.await(AbstractQueuedSynchronizer.java:2048)
	at java.util.concurrent.ArrayBlockingQueue.take(ArrayBlockingQueue.java:403)
	at com.alibaba.nacos.common.task.engine.TaskExecuteWorker$InnerWorker.run(TaskExecuteWorker.java:118)
2025-03-28 11:09:32,422 ERROR [TASK-FAILED] java.lang.InterruptedException

java.lang.InterruptedException: null
	at java.util.concurrent.locks.AbstractQueuedSynchronizer$ConditionObject.reportInterruptAfterWait(AbstractQueuedSynchronizer.java:2014)
	at java.util.concurrent.locks.AbstractQueuedSynchronizer$ConditionObject.await(AbstractQueuedSynchronizer.java:2048)
	at java.util.concurrent.ArrayBlockingQueue.take(ArrayBlockingQueue.java:403)
	at com.alibaba.nacos.common.task.engine.TaskExecuteWorker$InnerWorker.run(TaskExecuteWorker.java:118)
2025-03-28 11:09:32,423 ERROR [TASK-FAILED] java.lang.InterruptedException

java.lang.InterruptedException: null
	at java.util.concurrent.locks.AbstractQueuedSynchronizer$ConditionObject.reportInterruptAfterWait(AbstractQueuedSynchronizer.java:2014)
	at java.util.concurrent.locks.AbstractQueuedSynchronizer$ConditionObject.await(AbstractQueuedSynchronizer.java:2048)
	at java.util.concurrent.ArrayBlockingQueue.take(ArrayBlockingQueue.java:403)
	at com.alibaba.nacos.common.task.engine.TaskExecuteWorker$InnerWorker.run(TaskExecuteWorker.java:118)
2025-03-28 11:19:23,828 ERROR [TASK-FAILED] java.lang.InterruptedException

java.lang.InterruptedException: null
	at java.util.concurrent.locks.AbstractQueuedSynchronizer$ConditionObject.reportInterruptAfterWait(AbstractQueuedSynchronizer.java:2014)
	at java.util.concurrent.locks.AbstractQueuedSynchronizer$ConditionObject.await(AbstractQueuedSynchronizer.java:2048)
	at java.util.concurrent.ArrayBlockingQueue.take(ArrayBlockingQueue.java:403)
	at com.alibaba.nacos.common.task.engine.TaskExecuteWorker$InnerWorker.run(TaskExecuteWorker.java:118)
2025-03-28 11:19:23,828 ERROR [TASK-FAILED] java.lang.InterruptedException

java.lang.InterruptedException: null
	at java.util.concurrent.locks.AbstractQueuedSynchronizer$ConditionObject.reportInterruptAfterWait(AbstractQueuedSynchronizer.java:2014)
	at java.util.concurrent.locks.AbstractQueuedSynchronizer$ConditionObject.await(AbstractQueuedSynchronizer.java:2048)
	at java.util.concurrent.ArrayBlockingQueue.take(ArrayBlockingQueue.java:403)
	at com.alibaba.nacos.common.task.engine.TaskExecuteWorker$InnerWorker.run(TaskExecuteWorker.java:118)
2025-03-28 11:19:23,828 ERROR [TASK-FAILED] java.lang.InterruptedException

java.lang.InterruptedException: null
	at java.util.concurrent.locks.AbstractQueuedSynchronizer$ConditionObject.reportInterruptAfterWait(AbstractQueuedSynchronizer.java:2014)
	at java.util.concurrent.locks.AbstractQueuedSynchronizer$ConditionObject.await(AbstractQueuedSynchronizer.java:2048)
	at java.util.concurrent.ArrayBlockingQueue.take(ArrayBlockingQueue.java:403)
	at com.alibaba.nacos.common.task.engine.TaskExecuteWorker$InnerWorker.run(TaskExecuteWorker.java:118)
2025-03-28 11:19:23,828 ERROR [TASK-FAILED] java.lang.InterruptedException

java.lang.InterruptedException: null
	at java.util.concurrent.locks.AbstractQueuedSynchronizer$ConditionObject.reportInterruptAfterWait(AbstractQueuedSynchronizer.java:2014)
	at java.util.concurrent.locks.AbstractQueuedSynchronizer$ConditionObject.await(AbstractQueuedSynchronizer.java:2048)
	at java.util.concurrent.ArrayBlockingQueue.take(ArrayBlockingQueue.java:403)
	at com.alibaba.nacos.common.task.engine.TaskExecuteWorker$InnerWorker.run(TaskExecuteWorker.java:118)
2025-03-28 11:19:23,828 ERROR [TASK-FAILED] java.lang.InterruptedException

java.lang.InterruptedException: null
	at java.util.concurrent.locks.AbstractQueuedSynchronizer$ConditionObject.reportInterruptAfterWait(AbstractQueuedSynchronizer.java:2014)
	at java.util.concurrent.locks.AbstractQueuedSynchronizer$ConditionObject.await(AbstractQueuedSynchronizer.java:2048)
	at java.util.concurrent.ArrayBlockingQueue.take(ArrayBlockingQueue.java:403)
	at com.alibaba.nacos.common.task.engine.TaskExecuteWorker$InnerWorker.run(TaskExecuteWorker.java:118)
2025-03-28 11:19:23,828 ERROR [TASK-FAILED] java.lang.InterruptedException

java.lang.InterruptedException: null
	at java.util.concurrent.locks.AbstractQueuedSynchronizer$ConditionObject.reportInterruptAfterWait(AbstractQueuedSynchronizer.java:2014)
	at java.util.concurrent.locks.AbstractQueuedSynchronizer$ConditionObject.await(AbstractQueuedSynchronizer.java:2048)
	at java.util.concurrent.ArrayBlockingQueue.take(ArrayBlockingQueue.java:403)
	at com.alibaba.nacos.common.task.engine.TaskExecuteWorker$InnerWorker.run(TaskExecuteWorker.java:118)
2025-03-28 11:19:23,828 ERROR [TASK-FAILED] java.lang.InterruptedException

java.lang.InterruptedException: null
	at java.util.concurrent.locks.AbstractQueuedSynchronizer$ConditionObject.reportInterruptAfterWait(AbstractQueuedSynchronizer.java:2014)
	at java.util.concurrent.locks.AbstractQueuedSynchronizer$ConditionObject.await(AbstractQueuedSynchronizer.java:2048)
	at java.util.concurrent.ArrayBlockingQueue.take(ArrayBlockingQueue.java:403)
	at com.alibaba.nacos.common.task.engine.TaskExecuteWorker$InnerWorker.run(TaskExecuteWorker.java:118)
2025-03-28 11:19:23,828 ERROR [TASK-FAILED] java.lang.InterruptedException

java.lang.InterruptedException: null
	at java.util.concurrent.locks.AbstractQueuedSynchronizer$ConditionObject.reportInterruptAfterWait(AbstractQueuedSynchronizer.java:2014)
	at java.util.concurrent.locks.AbstractQueuedSynchronizer$ConditionObject.await(AbstractQueuedSynchronizer.java:2048)
	at java.util.concurrent.ArrayBlockingQueue.take(ArrayBlockingQueue.java:403)
	at com.alibaba.nacos.common.task.engine.TaskExecuteWorker$InnerWorker.run(TaskExecuteWorker.java:118)
2025-03-28 11:19:23,828 ERROR [TASK-FAILED] java.lang.InterruptedException

java.lang.InterruptedException: null
	at java.util.concurrent.locks.AbstractQueuedSynchronizer$ConditionObject.reportInterruptAfterWait(AbstractQueuedSynchronizer.java:2014)
	at java.util.concurrent.locks.AbstractQueuedSynchronizer$ConditionObject.await(AbstractQueuedSynchronizer.java:2048)
	at java.util.concurrent.ArrayBlockingQueue.take(ArrayBlockingQueue.java:403)
	at com.alibaba.nacos.common.task.engine.TaskExecuteWorker$InnerWorker.run(TaskExecuteWorker.java:118)
2025-03-28 11:19:23,828 ERROR [TASK-FAILED] java.lang.InterruptedException

java.lang.InterruptedException: null
	at java.util.concurrent.locks.AbstractQueuedSynchronizer$ConditionObject.reportInterruptAfterWait(AbstractQueuedSynchronizer.java:2014)
	at java.util.concurrent.locks.AbstractQueuedSynchronizer$ConditionObject.await(AbstractQueuedSynchronizer.java:2048)
	at java.util.concurrent.ArrayBlockingQueue.take(ArrayBlockingQueue.java:403)
	at com.alibaba.nacos.common.task.engine.TaskExecuteWorker$InnerWorker.run(TaskExecuteWorker.java:118)
2025-03-28 11:19:23,828 ERROR [TASK-FAILED] java.lang.InterruptedException

java.lang.InterruptedException: null
	at java.util.concurrent.locks.AbstractQueuedSynchronizer$ConditionObject.reportInterruptAfterWait(AbstractQueuedSynchronizer.java:2014)
	at java.util.concurrent.locks.AbstractQueuedSynchronizer$ConditionObject.await(AbstractQueuedSynchronizer.java:2048)
	at java.util.concurrent.ArrayBlockingQueue.take(ArrayBlockingQueue.java:403)
	at com.alibaba.nacos.common.task.engine.TaskExecuteWorker$InnerWorker.run(TaskExecuteWorker.java:118)
2025-03-28 11:19:23,828 ERROR [TASK-FAILED] java.lang.InterruptedException

java.lang.InterruptedException: null
	at java.util.concurrent.locks.AbstractQueuedSynchronizer$ConditionObject.reportInterruptAfterWait(AbstractQueuedSynchronizer.java:2014)
	at java.util.concurrent.locks.AbstractQueuedSynchronizer$ConditionObject.await(AbstractQueuedSynchronizer.java:2048)
	at java.util.concurrent.ArrayBlockingQueue.take(ArrayBlockingQueue.java:403)
	at com.alibaba.nacos.common.task.engine.TaskExecuteWorker$InnerWorker.run(TaskExecuteWorker.java:118)
2025-03-28 11:19:23,828 ERROR [TASK-FAILED] java.lang.InterruptedException

java.lang.InterruptedException: null
	at java.util.concurrent.locks.AbstractQueuedSynchronizer$ConditionObject.reportInterruptAfterWait(AbstractQueuedSynchronizer.java:2014)
	at java.util.concurrent.locks.AbstractQueuedSynchronizer$ConditionObject.await(AbstractQueuedSynchronizer.java:2048)
	at java.util.concurrent.ArrayBlockingQueue.take(ArrayBlockingQueue.java:403)
	at com.alibaba.nacos.common.task.engine.TaskExecuteWorker$InnerWorker.run(TaskExecuteWorker.java:118)
2025-03-28 11:19:23,828 ERROR [TASK-FAILED] java.lang.InterruptedException

java.lang.InterruptedException: null
	at java.util.concurrent.locks.AbstractQueuedSynchronizer$ConditionObject.reportInterruptAfterWait(AbstractQueuedSynchronizer.java:2014)
	at java.util.concurrent.locks.AbstractQueuedSynchronizer$ConditionObject.await(AbstractQueuedSynchronizer.java:2048)
	at java.util.concurrent.ArrayBlockingQueue.take(ArrayBlockingQueue.java:403)
	at com.alibaba.nacos.common.task.engine.TaskExecuteWorker$InnerWorker.run(TaskExecuteWorker.java:118)
2025-03-28 11:19:23,828 ERROR [TASK-FAILED] java.lang.InterruptedException

java.lang.InterruptedException: null
	at java.util.concurrent.locks.AbstractQueuedSynchronizer$ConditionObject.reportInterruptAfterWait(AbstractQueuedSynchronizer.java:2014)
	at java.util.concurrent.locks.AbstractQueuedSynchronizer$ConditionObject.await(AbstractQueuedSynchronizer.java:2048)
	at java.util.concurrent.ArrayBlockingQueue.take(ArrayBlockingQueue.java:403)
	at com.alibaba.nacos.common.task.engine.TaskExecuteWorker$InnerWorker.run(TaskExecuteWorker.java:118)
2025-03-28 11:19:23,828 ERROR [TASK-FAILED] java.lang.InterruptedException

java.lang.InterruptedException: null
	at java.util.concurrent.locks.AbstractQueuedSynchronizer$ConditionObject.reportInterruptAfterWait(AbstractQueuedSynchronizer.java:2014)
	at java.util.concurrent.locks.AbstractQueuedSynchronizer$ConditionObject.await(AbstractQueuedSynchronizer.java:2048)
	at java.util.concurrent.ArrayBlockingQueue.take(ArrayBlockingQueue.java:403)
	at com.alibaba.nacos.common.task.engine.TaskExecuteWorker$InnerWorker.run(TaskExecuteWorker.java:118)
2025-03-28 16:44:43,846 ERROR [TASK-FAILED] java.lang.InterruptedException

java.lang.InterruptedException: null
	at java.util.concurrent.locks.AbstractQueuedSynchronizer$ConditionObject.reportInterruptAfterWait(AbstractQueuedSynchronizer.java:2014)
	at java.util.concurrent.locks.AbstractQueuedSynchronizer$ConditionObject.await(AbstractQueuedSynchronizer.java:2048)
	at java.util.concurrent.ArrayBlockingQueue.take(ArrayBlockingQueue.java:403)
	at com.alibaba.nacos.common.task.engine.TaskExecuteWorker$InnerWorker.run(TaskExecuteWorker.java:118)
2025-03-28 16:44:43,855 ERROR [TASK-FAILED] java.lang.InterruptedException

java.lang.InterruptedException: null
	at java.util.concurrent.locks.AbstractQueuedSynchronizer$ConditionObject.reportInterruptAfterWait(AbstractQueuedSynchronizer.java:2014)
	at java.util.concurrent.locks.AbstractQueuedSynchronizer$ConditionObject.await(AbstractQueuedSynchronizer.java:2048)
	at java.util.concurrent.ArrayBlockingQueue.take(ArrayBlockingQueue.java:403)
	at com.alibaba.nacos.common.task.engine.TaskExecuteWorker$InnerWorker.run(TaskExecuteWorker.java:118)
2025-03-28 16:44:43,855 ERROR [TASK-FAILED] java.lang.InterruptedException

java.lang.InterruptedException: null
	at java.util.concurrent.locks.AbstractQueuedSynchronizer$ConditionObject.reportInterruptAfterWait(AbstractQueuedSynchronizer.java:2014)
	at java.util.concurrent.locks.AbstractQueuedSynchronizer$ConditionObject.await(AbstractQueuedSynchronizer.java:2048)
	at java.util.concurrent.ArrayBlockingQueue.take(ArrayBlockingQueue.java:403)
	at com.alibaba.nacos.common.task.engine.TaskExecuteWorker$InnerWorker.run(TaskExecuteWorker.java:118)
2025-03-28 16:44:43,855 ERROR [TASK-FAILED] java.lang.InterruptedException

java.lang.InterruptedException: null
	at java.util.concurrent.locks.AbstractQueuedSynchronizer$ConditionObject.reportInterruptAfterWait(AbstractQueuedSynchronizer.java:2014)
	at java.util.concurrent.locks.AbstractQueuedSynchronizer$ConditionObject.await(AbstractQueuedSynchronizer.java:2048)
	at java.util.concurrent.ArrayBlockingQueue.take(ArrayBlockingQueue.java:403)
	at com.alibaba.nacos.common.task.engine.TaskExecuteWorker$InnerWorker.run(TaskExecuteWorker.java:118)
2025-03-28 16:44:43,855 ERROR [TASK-FAILED] java.lang.InterruptedException

java.lang.InterruptedException: null
	at java.util.concurrent.locks.AbstractQueuedSynchronizer$ConditionObject.reportInterruptAfterWait(AbstractQueuedSynchronizer.java:2014)
	at java.util.concurrent.locks.AbstractQueuedSynchronizer$ConditionObject.await(AbstractQueuedSynchronizer.java:2048)
	at java.util.concurrent.ArrayBlockingQueue.take(ArrayBlockingQueue.java:403)
	at com.alibaba.nacos.common.task.engine.TaskExecuteWorker$InnerWorker.run(TaskExecuteWorker.java:118)
2025-03-28 16:44:43,846 ERROR [TASK-FAILED] java.lang.InterruptedException

java.lang.InterruptedException: null
	at java.util.concurrent.locks.AbstractQueuedSynchronizer$ConditionObject.reportInterruptAfterWait(AbstractQueuedSynchronizer.java:2014)
	at java.util.concurrent.locks.AbstractQueuedSynchronizer$ConditionObject.await(AbstractQueuedSynchronizer.java:2048)
	at java.util.concurrent.ArrayBlockingQueue.take(ArrayBlockingQueue.java:403)
	at com.alibaba.nacos.common.task.engine.TaskExecuteWorker$InnerWorker.run(TaskExecuteWorker.java:118)
2025-03-28 16:44:43,855 ERROR [TASK-FAILED] java.lang.InterruptedException

java.lang.InterruptedException: null
	at java.util.concurrent.locks.AbstractQueuedSynchronizer$ConditionObject.reportInterruptAfterWait(AbstractQueuedSynchronizer.java:2014)
	at java.util.concurrent.locks.AbstractQueuedSynchronizer$ConditionObject.await(AbstractQueuedSynchronizer.java:2048)
	at java.util.concurrent.ArrayBlockingQueue.take(ArrayBlockingQueue.java:403)
	at com.alibaba.nacos.common.task.engine.TaskExecuteWorker$InnerWorker.run(TaskExecuteWorker.java:118)
2025-03-28 16:44:43,856 ERROR [TASK-FAILED] java.lang.InterruptedException

java.lang.InterruptedException: null
	at java.util.concurrent.locks.AbstractQueuedSynchronizer$ConditionObject.reportInterruptAfterWait(AbstractQueuedSynchronizer.java:2014)
	at java.util.concurrent.locks.AbstractQueuedSynchronizer$ConditionObject.await(AbstractQueuedSynchronizer.java:2048)
	at java.util.concurrent.ArrayBlockingQueue.take(ArrayBlockingQueue.java:403)
	at com.alibaba.nacos.common.task.engine.TaskExecuteWorker$InnerWorker.run(TaskExecuteWorker.java:118)
2025-03-28 16:44:43,856 ERROR [TASK-FAILED] java.lang.InterruptedException

java.lang.InterruptedException: null
	at java.util.concurrent.locks.AbstractQueuedSynchronizer$ConditionObject.reportInterruptAfterWait(AbstractQueuedSynchronizer.java:2014)
	at java.util.concurrent.locks.AbstractQueuedSynchronizer$ConditionObject.await(AbstractQueuedSynchronizer.java:2048)
	at java.util.concurrent.ArrayBlockingQueue.take(ArrayBlockingQueue.java:403)
	at com.alibaba.nacos.common.task.engine.TaskExecuteWorker$InnerWorker.run(TaskExecuteWorker.java:118)
2025-03-28 16:44:43,856 ERROR [TASK-FAILED] java.lang.InterruptedException

java.lang.InterruptedException: null
	at java.util.concurrent.locks.AbstractQueuedSynchronizer$ConditionObject.reportInterruptAfterWait(AbstractQueuedSynchronizer.java:2014)
	at java.util.concurrent.locks.AbstractQueuedSynchronizer$ConditionObject.await(AbstractQueuedSynchronizer.java:2048)
	at java.util.concurrent.ArrayBlockingQueue.take(ArrayBlockingQueue.java:403)
	at com.alibaba.nacos.common.task.engine.TaskExecuteWorker$InnerWorker.run(TaskExecuteWorker.java:118)
2025-03-28 16:44:43,856 ERROR [TASK-FAILED] java.lang.InterruptedException

java.lang.InterruptedException: null
	at java.util.concurrent.locks.AbstractQueuedSynchronizer$ConditionObject.reportInterruptAfterWait(AbstractQueuedSynchronizer.java:2014)
	at java.util.concurrent.locks.AbstractQueuedSynchronizer$ConditionObject.await(AbstractQueuedSynchronizer.java:2048)
	at java.util.concurrent.ArrayBlockingQueue.take(ArrayBlockingQueue.java:403)
	at com.alibaba.nacos.common.task.engine.TaskExecuteWorker$InnerWorker.run(TaskExecuteWorker.java:118)
2025-03-28 16:44:43,856 ERROR [TASK-FAILED] java.lang.InterruptedException

java.lang.InterruptedException: null
	at java.util.concurrent.locks.AbstractQueuedSynchronizer$ConditionObject.reportInterruptAfterWait(AbstractQueuedSynchronizer.java:2014)
	at java.util.concurrent.locks.AbstractQueuedSynchronizer$ConditionObject.await(AbstractQueuedSynchronizer.java:2048)
	at java.util.concurrent.ArrayBlockingQueue.take(ArrayBlockingQueue.java:403)
	at com.alibaba.nacos.common.task.engine.TaskExecuteWorker$InnerWorker.run(TaskExecuteWorker.java:118)
2025-03-28 16:44:43,856 ERROR [TASK-FAILED] java.lang.InterruptedException

java.lang.InterruptedException: null
	at java.util.concurrent.locks.AbstractQueuedSynchronizer$ConditionObject.reportInterruptAfterWait(AbstractQueuedSynchronizer.java:2014)
	at java.util.concurrent.locks.AbstractQueuedSynchronizer$ConditionObject.await(AbstractQueuedSynchronizer.java:2048)
	at java.util.concurrent.ArrayBlockingQueue.take(ArrayBlockingQueue.java:403)
	at com.alibaba.nacos.common.task.engine.TaskExecuteWorker$InnerWorker.run(TaskExecuteWorker.java:118)
2025-03-28 16:44:43,856 ERROR [TASK-FAILED] java.lang.InterruptedException

java.lang.InterruptedException: null
	at java.util.concurrent.locks.AbstractQueuedSynchronizer$ConditionObject.reportInterruptAfterWait(AbstractQueuedSynchronizer.java:2014)
	at java.util.concurrent.locks.AbstractQueuedSynchronizer$ConditionObject.await(AbstractQueuedSynchronizer.java:2048)
	at java.util.concurrent.ArrayBlockingQueue.take(ArrayBlockingQueue.java:403)
	at com.alibaba.nacos.common.task.engine.TaskExecuteWorker$InnerWorker.run(TaskExecuteWorker.java:118)
2025-03-28 16:44:43,856 ERROR [TASK-FAILED] java.lang.InterruptedException

java.lang.InterruptedException: null
	at java.util.concurrent.locks.AbstractQueuedSynchronizer$ConditionObject.reportInterruptAfterWait(AbstractQueuedSynchronizer.java:2014)
	at java.util.concurrent.locks.AbstractQueuedSynchronizer$ConditionObject.await(AbstractQueuedSynchronizer.java:2048)
	at java.util.concurrent.ArrayBlockingQueue.take(ArrayBlockingQueue.java:403)
	at com.alibaba.nacos.common.task.engine.TaskExecuteWorker$InnerWorker.run(TaskExecuteWorker.java:118)
2025-03-28 16:44:43,856 ERROR [TASK-FAILED] java.lang.InterruptedException

java.lang.InterruptedException: null
	at java.util.concurrent.locks.AbstractQueuedSynchronizer$ConditionObject.reportInterruptAfterWait(AbstractQueuedSynchronizer.java:2014)
	at java.util.concurrent.locks.AbstractQueuedSynchronizer$ConditionObject.await(AbstractQueuedSynchronizer.java:2048)
	at java.util.concurrent.ArrayBlockingQueue.take(ArrayBlockingQueue.java:403)
	at com.alibaba.nacos.common.task.engine.TaskExecuteWorker$InnerWorker.run(TaskExecuteWorker.java:118)
