2025-03-28 11:07:38,477 INFO [ClientConnectionEventListenerRegistry] registry listener - ConnectionBasedClientManager

2025-03-28 11:09:26,481 INFO [ClientConnectionEventListenerRegistry] registry listener - ConnectionBasedClientManager

2025-03-28 11:11:53,551 INFO [ClientConnectionEventListenerRegistry] registry listener - ConnectionBasedClientManager

2025-03-28 11:11:55,106 INFO [ClientConnectionEventListenerRegistry] registry listener - ConfigConnectionEventListener

2025-03-28 11:11:55,148 INFO Nacos GrpcSdkServer Rpc server starting at port 9848

2025-03-28 11:11:55,426 INFO Load ProtocolNegotiatorBuilder com.alibaba.nacos.core.remote.grpc.negotiator.tls.SdkDefaultTlsProtocolNegotiatorBuilder for type DEFAULT_TLS

2025-03-28 11:11:55,427 INFO Load ProtocolNegotiatorBuilder com.alibaba.nacos.core.remote.grpc.negotiator.tls.ClusterDefaultTlsProtocolNegotiatorBuilder for type CLUSTER_DEFAULT_TLS

2025-03-28 11:11:55,427 WARN Not found ProtocolNegotiatorBuilder for type nacos.remote.server.rpc.protocol.negotiator.type, will use default type nacos.remote.server.rpc.protocol.negotiator.type

2025-03-28 11:11:55,430 WARN Recommended use 'nacos.remote.server.grpc.sdk.max-inbound-message-size' property instead 'nacos.remote.server.grpc.maxinbound.message.size', now property value is 10485760

2025-03-28 11:11:55,572 INFO Ssl Context auto refresh is not supported.

2025-03-28 11:11:55,572 INFO Ssl Context auto refresh is not supported.

2025-03-28 11:11:55,572 INFO RpcServerSslContextRefresher initialization completed.

2025-03-28 11:11:55,572 INFO Nacos GrpcSdkServer Rpc server started at port 9848

2025-03-28 11:11:55,575 INFO Nacos GrpcClusterServer Rpc server starting at port 9849

2025-03-28 11:11:55,576 WARN Not found ProtocolNegotiatorBuilder for type nacos.remote.cluster.server.rpc.protocol.negotiator.type, will use default type nacos.remote.cluster.server.rpc.protocol.negotiator.type

2025-03-28 11:11:55,577 WARN Recommended use 'nacos.remote.server.grpc.cluster.max-inbound-message-size' property instead 'nacos.remote.server.grpc.maxinbound.message.size', now property value is 10485760

2025-03-28 11:11:55,579 INFO Nacos GrpcClusterServer Rpc server started at port 9849

2025-03-28 11:11:55,609 INFO [ClientConnectionEventListenerRegistry] registry listener - RpcAckCallbackInitorOrCleaner

2025-03-28 11:19:23,729 INFO Nacos GrpcClusterServer Rpc server stopping

2025-03-28 11:19:23,730 INFO Nacos GrpcSdkServer Rpc server stopping

2025-03-28 11:19:23,747 INFO Nacos GrpcSdkServer Rpc server stopped successfully...

2025-03-28 11:19:23,747 INFO Nacos GrpcClusterServer Rpc server stopped successfully...

2025-03-28 11:20:37,477 INFO [ClientConnectionEventListenerRegistry] registry listener - ConnectionBasedClientManager

2025-03-28 11:20:39,979 INFO [ClientConnectionEventListenerRegistry] registry listener - ConfigConnectionEventListener

2025-03-28 11:20:40,008 INFO Nacos GrpcSdkServer Rpc server starting at port 9848

2025-03-28 11:20:40,188 INFO Load ProtocolNegotiatorBuilder com.alibaba.nacos.core.remote.grpc.negotiator.tls.SdkDefaultTlsProtocolNegotiatorBuilder for type DEFAULT_TLS

2025-03-28 11:20:40,189 INFO Load ProtocolNegotiatorBuilder com.alibaba.nacos.core.remote.grpc.negotiator.tls.ClusterDefaultTlsProtocolNegotiatorBuilder for type CLUSTER_DEFAULT_TLS

2025-03-28 11:20:40,189 WARN Not found ProtocolNegotiatorBuilder for type nacos.remote.server.rpc.protocol.negotiator.type, will use default type nacos.remote.server.rpc.protocol.negotiator.type

2025-03-28 11:20:40,193 WARN Recommended use 'nacos.remote.server.grpc.sdk.max-inbound-message-size' property instead 'nacos.remote.server.grpc.maxinbound.message.size', now property value is 10485760

2025-03-28 11:20:40,344 INFO Ssl Context auto refresh is not supported.

2025-03-28 11:20:40,346 INFO Ssl Context auto refresh is not supported.

2025-03-28 11:20:40,347 INFO RpcServerSslContextRefresher initialization completed.

2025-03-28 11:20:40,347 INFO Nacos GrpcSdkServer Rpc server started at port 9848

2025-03-28 11:20:40,350 INFO Nacos GrpcClusterServer Rpc server starting at port 9849

2025-03-28 11:20:40,351 WARN Not found ProtocolNegotiatorBuilder for type nacos.remote.cluster.server.rpc.protocol.negotiator.type, will use default type nacos.remote.cluster.server.rpc.protocol.negotiator.type

2025-03-28 11:20:40,352 WARN Recommended use 'nacos.remote.server.grpc.cluster.max-inbound-message-size' property instead 'nacos.remote.server.grpc.maxinbound.message.size', now property value is 10485760

2025-03-28 11:20:40,353 INFO Nacos GrpcClusterServer Rpc server started at port 9849

2025-03-28 11:20:40,382 INFO [ClientConnectionEventListenerRegistry] registry listener - RpcAckCallbackInitorOrCleaner

2025-03-28 16:44:43,567 INFO Nacos GrpcClusterServer Rpc server stopping

2025-03-28 16:44:43,570 INFO Nacos GrpcSdkServer Rpc server stopping

2025-03-28 16:44:43,597 INFO Nacos GrpcClusterServer Rpc server stopped successfully...

2025-03-28 16:44:43,597 INFO Nacos GrpcSdkServer Rpc server stopped successfully...

2025-03-28 18:04:10,949 INFO [ClientConnectionEventListenerRegistry] registry listener - ConnectionBasedClientManager

2025-03-28 18:04:13,548 INFO [ClientConnectionEventListenerRegistry] registry listener - ConfigConnectionEventListener

2025-03-28 18:04:13,578 INFO Nacos GrpcSdkServer Rpc server starting at port 9848

2025-03-28 18:04:13,798 INFO Load ProtocolNegotiatorBuilder com.alibaba.nacos.core.remote.grpc.negotiator.tls.SdkDefaultTlsProtocolNegotiatorBuilder for type DEFAULT_TLS

2025-03-28 18:04:13,798 INFO Load ProtocolNegotiatorBuilder com.alibaba.nacos.core.remote.grpc.negotiator.tls.ClusterDefaultTlsProtocolNegotiatorBuilder for type CLUSTER_DEFAULT_TLS

2025-03-28 18:04:13,799 WARN Not found ProtocolNegotiatorBuilder for type nacos.remote.server.rpc.protocol.negotiator.type, will use default type nacos.remote.server.rpc.protocol.negotiator.type

2025-03-28 18:04:13,801 WARN Recommended use 'nacos.remote.server.grpc.sdk.max-inbound-message-size' property instead 'nacos.remote.server.grpc.maxinbound.message.size', now property value is 10485760

2025-03-28 18:04:14,021 INFO Ssl Context auto refresh is not supported.

2025-03-28 18:04:14,021 INFO Ssl Context auto refresh is not supported.

2025-03-28 18:04:14,022 INFO RpcServerSslContextRefresher initialization completed.

2025-03-28 18:04:14,022 INFO Nacos GrpcSdkServer Rpc server started at port 9848

2025-03-28 18:04:14,025 INFO Nacos GrpcClusterServer Rpc server starting at port 9849

2025-03-28 18:04:14,026 WARN Not found ProtocolNegotiatorBuilder for type nacos.remote.cluster.server.rpc.protocol.negotiator.type, will use default type nacos.remote.cluster.server.rpc.protocol.negotiator.type

2025-03-28 18:04:14,027 WARN Recommended use 'nacos.remote.server.grpc.cluster.max-inbound-message-size' property instead 'nacos.remote.server.grpc.maxinbound.message.size', now property value is 10485760

2025-03-28 18:04:14,029 INFO Nacos GrpcClusterServer Rpc server started at port 9849

2025-03-28 18:04:14,059 INFO [ClientConnectionEventListenerRegistry] registry listener - RpcAckCallbackInitorOrCleaner

